[0.039s] Invoking command in '/home/ngoc/Workspace/Graduation_Project/src/build/kobuki_velocity_smoother': CMAKE_PREFIX_PATH=${CMAKE_PREFIX_PATH}:/home/ngoc/Workspace/Graduation_Project/install/teleop_twist_keyboard:/opt/ros/humble /usr/bin/cmake --build /home/ngoc/Workspace/Graduation_Project/src/build/kobuki_velocity_smoother -- -j8 -l8
[0.409s] [35m[1mConsolidate compiler generated dependencies of target kobuki_velocity_smoother[0m
[0.409s] [ 50%] Built target kobuki_velocity_smoother
[0.410s] [100%] Built target velocity_smoother_node
[0.419s] Invoked command in '/home/ngoc/Workspace/Graduation_Project/src/build/kobuki_velocity_smoother' returned '0': CMAKE_PREFIX_PATH=${CMAKE_PREFIX_PATH}:/home/ngoc/Workspace/Graduation_Project/install/teleop_twist_keyboard:/opt/ros/humble /usr/bin/cmake --build /home/ngoc/Workspace/Graduation_Project/src/build/kobuki_velocity_smoother -- -j8 -l8
[0.478s] Invoking command in '/home/ngoc/Workspace/Graduation_Project/src/build/kobuki_velocity_smoother': CMAKE_PREFIX_PATH=${CMAKE_PREFIX_PATH}:/home/ngoc/Workspace/Graduation_Project/install/teleop_twist_keyboard:/opt/ros/humble /usr/bin/cmake --install /home/ngoc/Workspace/Graduation_Project/src/build/kobuki_velocity_smoother
[0.492s] -- Install configuration: ""
[0.494s] -- Installing: /home/ngoc/Workspace/Graduation_Project/src/install/kobuki_velocity_smoother/lib/libkobuki_velocity_smoother.so
[0.532s] -- Set runtime path of "/home/ngoc/Workspace/Graduation_Project/src/install/kobuki_velocity_smoother/lib/libkobuki_velocity_smoother.so" to ""
[0.532s] -- Up-to-date: /home/ngoc/Workspace/Graduation_Project/src/install/kobuki_velocity_smoother/include/kobuki_velocity_smoother
[0.532s] -- Up-to-date: /home/ngoc/Workspace/Graduation_Project/src/install/kobuki_velocity_smoother/include/kobuki_velocity_smoother/velocity_smoother.hpp
[0.534s] -- Installing: /home/ngoc/Workspace/Graduation_Project/src/install/kobuki_velocity_smoother/lib/kobuki_velocity_smoother/velocity_smoother
[0.537s] -- Set runtime path of "/home/ngoc/Workspace/Graduation_Project/src/install/kobuki_velocity_smoother/lib/kobuki_velocity_smoother/velocity_smoother" to ""
[0.537s] -- Up-to-date: /home/ngoc/Workspace/Graduation_Project/src/install/kobuki_velocity_smoother/share/kobuki_velocity_smoother/config
[0.537s] -- Installing: /home/ngoc/Workspace/Graduation_Project/src/install/kobuki_velocity_smoother/share/kobuki_velocity_smoother/config/velocity_smoother_params.yaml
[0.538s] -- Up-to-date: /home/ngoc/Workspace/Graduation_Project/src/install/kobuki_velocity_smoother/share/kobuki_velocity_smoother/launch
[0.538s] -- Up-to-date: /home/ngoc/Workspace/Graduation_Project/src/install/kobuki_velocity_smoother/share/kobuki_velocity_smoother/launch/velocity_smoother-composed-launch.py
[0.538s] -- Up-to-date: /home/ngoc/Workspace/Graduation_Project/src/install/kobuki_velocity_smoother/share/kobuki_velocity_smoother/launch/velocity_smoother-launch.py
[0.540s] -- Up-to-date: /home/ngoc/Workspace/Graduation_Project/src/install/kobuki_velocity_smoother/share/ament_index/resource_index/package_run_dependencies/kobuki_velocity_smoother
[0.540s] -- Up-to-date: /home/ngoc/Workspace/Graduation_Project/src/install/kobuki_velocity_smoother/share/ament_index/resource_index/parent_prefix_path/kobuki_velocity_smoother
[0.540s] -- Up-to-date: /home/ngoc/Workspace/Graduation_Project/src/install/kobuki_velocity_smoother/share/kobuki_velocity_smoother/environment/ament_prefix_path.sh
[0.540s] -- Up-to-date: /home/ngoc/Workspace/Graduation_Project/src/install/kobuki_velocity_smoother/share/kobuki_velocity_smoother/environment/ament_prefix_path.dsv
[0.541s] -- Up-to-date: /home/ngoc/Workspace/Graduation_Project/src/install/kobuki_velocity_smoother/share/kobuki_velocity_smoother/environment/path.sh
[0.541s] -- Up-to-date: /home/ngoc/Workspace/Graduation_Project/src/install/kobuki_velocity_smoother/share/kobuki_velocity_smoother/environment/path.dsv
[0.541s] -- Up-to-date: /home/ngoc/Workspace/Graduation_Project/src/install/kobuki_velocity_smoother/share/kobuki_velocity_smoother/local_setup.bash
[0.541s] -- Up-to-date: /home/ngoc/Workspace/Graduation_Project/src/install/kobuki_velocity_smoother/share/kobuki_velocity_smoother/local_setup.sh
[0.541s] -- Up-to-date: /home/ngoc/Workspace/Graduation_Project/src/install/kobuki_velocity_smoother/share/kobuki_velocity_smoother/local_setup.zsh
[0.541s] -- Up-to-date: /home/ngoc/Workspace/Graduation_Project/src/install/kobuki_velocity_smoother/share/kobuki_velocity_smoother/local_setup.dsv
[0.541s] -- Installing: /home/ngoc/Workspace/Graduation_Project/src/install/kobuki_velocity_smoother/share/kobuki_velocity_smoother/package.dsv
[0.541s] -- Up-to-date: /home/ngoc/Workspace/Graduation_Project/src/install/kobuki_velocity_smoother/share/ament_index/resource_index/packages/kobuki_velocity_smoother
[0.541s] -- Up-to-date: /home/ngoc/Workspace/Graduation_Project/src/install/kobuki_velocity_smoother/share/ament_index/resource_index/rclcpp_components/kobuki_velocity_smoother
[0.542s] -- Up-to-date: /home/ngoc/Workspace/Graduation_Project/src/install/kobuki_velocity_smoother/share/kobuki_velocity_smoother/cmake/kobuki_velocity_smootherConfig.cmake
[0.542s] -- Up-to-date: /home/ngoc/Workspace/Graduation_Project/src/install/kobuki_velocity_smoother/share/kobuki_velocity_smoother/cmake/kobuki_velocity_smootherConfig-version.cmake
[0.546s] -- Up-to-date: /home/ngoc/Workspace/Graduation_Project/src/install/kobuki_velocity_smoother/share/kobuki_velocity_smoother/package.xml
[0.547s] Invoked command in '/home/ngoc/Workspace/Graduation_Project/src/build/kobuki_velocity_smoother' returned '0': CMAKE_PREFIX_PATH=${CMAKE_PREFIX_PATH}:/home/ngoc/Workspace/Graduation_Project/install/teleop_twist_keyboard:/opt/ros/humble /usr/bin/cmake --install /home/ngoc/Workspace/Graduation_Project/src/build/kobuki_velocity_smoother
