-- Install configuration: ""
-- Up-to-date: /home/ngoc/Workspace/Graduation_Project/install/dashgo_nav/share/dashgo_nav/config
-- Up-to-date: /home/ngoc/Workspace/Graduation_Project/install/dashgo_nav/share/dashgo_nav/config/imu
-- Up-to-date: /home/ngoc/Workspace/Graduation_Project/install/dashgo_nav/share/dashgo_nav/config/imu/costmap_common_params.yaml
-- Up-to-date: /home/ngoc/Workspace/Graduation_Project/install/dashgo_nav/share/dashgo_nav/config/imu/local_costmap_params.yaml
-- Up-to-date: /home/ngoc/Workspace/Graduation_Project/install/dashgo_nav/share/dashgo_nav/config/imu/costmap_exploration.yaml
-- Up-to-date: /home/ngoc/Workspace/Graduation_Project/install/dashgo_nav/share/dashgo_nav/config/imu/global_costmap_params.yaml
-- Up-to-date: /home/ngoc/Workspace/Graduation_Project/install/dashgo_nav/share/dashgo_nav/config/imu/costmap_conversion_params.yaml
-- Up-to-date: /home/ngoc/Workspace/Graduation_Project/install/dashgo_nav/share/dashgo_nav/config/imu/teb_local_planner_params.yaml
-- Up-to-date: /home/ngoc/Workspace/Graduation_Project/install/dashgo_nav/share/dashgo_nav/config/imu/dwa_local_planner_params.yaml
-- Up-to-date: /home/ngoc/Workspace/Graduation_Project/install/dashgo_nav/share/dashgo_nav/config/imu/move_base_params.yaml
-- Up-to-date: /home/ngoc/Workspace/Graduation_Project/install/dashgo_nav/share/dashgo_nav/config/imu/base_global_planner_param.yaml
-- Up-to-date: /home/ngoc/Workspace/Graduation_Project/install/dashgo_nav/share/dashgo_nav/config/imu/base_local_planner_params.yaml
-- Up-to-date: /home/ngoc/Workspace/Graduation_Project/install/dashgo_nav/share/dashgo_nav/config/odom
-- Up-to-date: /home/ngoc/Workspace/Graduation_Project/install/dashgo_nav/share/dashgo_nav/config/odom/costmap_common_params.yaml
-- Up-to-date: /home/ngoc/Workspace/Graduation_Project/install/dashgo_nav/share/dashgo_nav/config/odom/local_costmap_params.yaml
-- Up-to-date: /home/ngoc/Workspace/Graduation_Project/install/dashgo_nav/share/dashgo_nav/config/odom/costmap_exploration.yaml
-- Up-to-date: /home/ngoc/Workspace/Graduation_Project/install/dashgo_nav/share/dashgo_nav/config/odom/costmap_common_params.yaml.save
-- Up-to-date: /home/ngoc/Workspace/Graduation_Project/install/dashgo_nav/share/dashgo_nav/config/odom/global_costmap_params.yaml
-- Up-to-date: /home/ngoc/Workspace/Graduation_Project/install/dashgo_nav/share/dashgo_nav/config/odom/costmap_conversion_params.yaml
-- Up-to-date: /home/ngoc/Workspace/Graduation_Project/install/dashgo_nav/share/dashgo_nav/config/odom/teb_local_planner_params.yaml
-- Up-to-date: /home/ngoc/Workspace/Graduation_Project/install/dashgo_nav/share/dashgo_nav/config/odom/move_base_params.yaml
-- Up-to-date: /home/ngoc/Workspace/Graduation_Project/install/dashgo_nav/share/dashgo_nav/config/odom/base_global_planner_param.yaml
-- Up-to-date: /home/ngoc/Workspace/Graduation_Project/install/dashgo_nav/share/dashgo_nav/config/odom/base_local_planner_params.yaml
-- Up-to-date: /home/ngoc/Workspace/Graduation_Project/install/dashgo_nav/share/dashgo_nav/config/nav_obstacles_params.yaml
-- Installing: /home/ngoc/Workspace/Graduation_Project/install/dashgo_nav/share/dashgo_nav/config/dashgo_cartographer.lua
-- Up-to-date: /home/ngoc/Workspace/Graduation_Project/install/dashgo_nav/share/dashgo_nav/config/nav_test_params.yaml
-- Up-to-date: /home/ngoc/Workspace/Graduation_Project/install/dashgo_nav/share/dashgo_nav/launch
-- Up-to-date: /home/ngoc/Workspace/Graduation_Project/install/dashgo_nav/share/dashgo_nav/launch/navigation.launch
-- Up-to-date: /home/ngoc/Workspace/Graduation_Project/install/dashgo_nav/share/dashgo_nav/launch/include
-- Up-to-date: /home/ngoc/Workspace/Graduation_Project/install/dashgo_nav/share/dashgo_nav/launch/include/imu
-- Up-to-date: /home/ngoc/Workspace/Graduation_Project/install/dashgo_nav/share/dashgo_nav/launch/include/imu/move_base.launch
-- Up-to-date: /home/ngoc/Workspace/Graduation_Project/install/dashgo_nav/share/dashgo_nav/launch/include/imu/org_amcl.launch.xml
-- Up-to-date: /home/ngoc/Workspace/Graduation_Project/install/dashgo_nav/share/dashgo_nav/launch/include/imu/gmapping_base.launch
-- Up-to-date: /home/ngoc/Workspace/Graduation_Project/install/dashgo_nav/share/dashgo_nav/launch/include/imu/amcl.launch.xml
-- Up-to-date: /home/ngoc/Workspace/Graduation_Project/install/dashgo_nav/share/dashgo_nav/launch/include/imu/teb_move_base.launch
-- Up-to-date: /home/ngoc/Workspace/Graduation_Project/install/dashgo_nav/share/dashgo_nav/launch/include/odom
-- Up-to-date: /home/ngoc/Workspace/Graduation_Project/install/dashgo_nav/share/dashgo_nav/launch/include/odom/move_base.launch
-- Up-to-date: /home/ngoc/Workspace/Graduation_Project/install/dashgo_nav/share/dashgo_nav/launch/include/odom/gmapping_base.launch
-- Up-to-date: /home/ngoc/Workspace/Graduation_Project/install/dashgo_nav/share/dashgo_nav/launch/include/odom/cartographer_base.launch.py
-- Up-to-date: /home/ngoc/Workspace/Graduation_Project/install/dashgo_nav/share/dashgo_nav/launch/include/odom/amcl.launch.xml
-- Up-to-date: /home/ngoc/Workspace/Graduation_Project/install/dashgo_nav/share/dashgo_nav/launch/include/odom/teb_move_base.launch
-- Up-to-date: /home/ngoc/Workspace/Graduation_Project/install/dashgo_nav/share/dashgo_nav/launch/gmapping.launch.save
-- Up-to-date: /home/ngoc/Workspace/Graduation_Project/install/dashgo_nav/share/dashgo_nav/launch/.navigation_imu.launch.swp
-- Up-to-date: /home/ngoc/Workspace/Graduation_Project/install/dashgo_nav/share/dashgo_nav/launch/cartographer_noSonar.launch.py
-- Up-to-date: /home/ngoc/Workspace/Graduation_Project/install/dashgo_nav/share/dashgo_nav/launch/navigation.launch~
-- Up-to-date: /home/ngoc/Workspace/Graduation_Project/install/dashgo_nav/share/dashgo_nav/launch/gmapping_noSonar.launch
-- Up-to-date: /home/ngoc/Workspace/Graduation_Project/install/dashgo_nav/share/dashgo_nav/launch/gmapping.launch
-- Up-to-date: /home/ngoc/Workspace/Graduation_Project/install/dashgo_nav/share/dashgo_nav/launch/navigation_noSonar.launch
-- Up-to-date: /home/ngoc/Workspace/Graduation_Project/install/dashgo_nav/share/ament_index/resource_index/package_run_dependencies/dashgo_nav
-- Up-to-date: /home/ngoc/Workspace/Graduation_Project/install/dashgo_nav/share/ament_index/resource_index/parent_prefix_path/dashgo_nav
-- Up-to-date: /home/ngoc/Workspace/Graduation_Project/install/dashgo_nav/share/dashgo_nav/environment/ament_prefix_path.sh
-- Up-to-date: /home/ngoc/Workspace/Graduation_Project/install/dashgo_nav/share/dashgo_nav/environment/ament_prefix_path.dsv
-- Up-to-date: /home/ngoc/Workspace/Graduation_Project/install/dashgo_nav/share/dashgo_nav/environment/path.sh
-- Up-to-date: /home/ngoc/Workspace/Graduation_Project/install/dashgo_nav/share/dashgo_nav/environment/path.dsv
-- Up-to-date: /home/ngoc/Workspace/Graduation_Project/install/dashgo_nav/share/dashgo_nav/local_setup.bash
-- Up-to-date: /home/ngoc/Workspace/Graduation_Project/install/dashgo_nav/share/dashgo_nav/local_setup.sh
-- Up-to-date: /home/ngoc/Workspace/Graduation_Project/install/dashgo_nav/share/dashgo_nav/local_setup.zsh
-- Up-to-date: /home/ngoc/Workspace/Graduation_Project/install/dashgo_nav/share/dashgo_nav/local_setup.dsv
-- Installing: /home/ngoc/Workspace/Graduation_Project/install/dashgo_nav/share/dashgo_nav/package.dsv
-- Up-to-date: /home/ngoc/Workspace/Graduation_Project/install/dashgo_nav/share/ament_index/resource_index/packages/dashgo_nav
-- Up-to-date: /home/ngoc/Workspace/Graduation_Project/install/dashgo_nav/share/dashgo_nav/cmake/dashgo_navConfig.cmake
-- Up-to-date: /home/ngoc/Workspace/Graduation_Project/install/dashgo_nav/share/dashgo_nav/cmake/dashgo_navConfig-version.cmake
-- Up-to-date: /home/ngoc/Workspace/Graduation_Project/install/dashgo_nav/share/dashgo_nav/package.xml
