[0.055s] Invoking command in '/home/ngoc/Workspace/Graduation_Project/src/build/dashgo_description': CMAKE_PREFIX_PATH=${CMAKE_PREFIX_PATH}:/home/ngoc/Workspace/Graduation_Project/src/install/teleop_twist_keyboard:/home/ngoc/Workspace/Graduation_Project/install/teleop_twist_keyboard:/opt/ros/humble /usr/bin/cmake /home/ngoc/Workspace/Graduation_Project/src/dashgo_simulation/dashgo_description -DCMAKE_INSTALL_PREFIX=/home/ngoc/Workspace/Graduation_Project/src/install/dashgo_description
[0.168s] -- The C compiler identification is GNU 11.4.0
[0.328s] -- The CXX compiler identification is GNU 11.4.0
[0.336s] -- Detecting C compiler ABI info
[0.440s] -- Detecting C compiler ABI info - done
[0.460s] -- Check for working C compiler: /usr/bin/cc - skipped
[0.461s] -- Detecting C compile features
[0.462s] -- Detecting C compile features - done
[0.468s] -- Detecting CXX compiler ABI info
[0.586s] -- Detecting CXX compiler ABI info - done
[0.609s] -- Check for working CXX compiler: /usr/bin/c++ - skipped
[0.609s] -- Detecting CXX compile features
[0.609s] -- Detecting CXX compile features - done
[0.618s] -- Found ament_cmake: 1.3.10 (/opt/ros/humble/share/ament_cmake/cmake)
[1.102s] -- Found Python3: /usr/bin/python3 (found version "3.10.12") found components: Interpreter 
[1.693s] -- Found robot_state_publisher: 3.0.3 (/opt/ros/humble/share/robot_state_publisher/cmake)
[1.834s] -- Found rosidl_generator_c: 3.1.5 (/opt/ros/humble/share/rosidl_generator_c/cmake)
[1.857s] -- Found rosidl_adapter: 3.1.5 (/opt/ros/humble/share/rosidl_adapter/cmake)
[1.902s] -- Found rosidl_generator_cpp: 3.1.5 (/opt/ros/humble/share/rosidl_generator_cpp/cmake)
[2.009s] -- Using all available rosidl_typesupport_c: rosidl_typesupport_fastrtps_c;rosidl_typesupport_introspection_c
[2.032s] -- Using all available rosidl_typesupport_cpp: rosidl_typesupport_fastrtps_cpp;rosidl_typesupport_introspection_cpp
[2.177s] -- Found eigen3_cmake_module: 0.1.1 (/opt/ros/humble/share/eigen3_cmake_module/cmake)
[2.179s] -- Found Eigen3: TRUE (found version "3.4.0") 
[2.181s] -- Ensuring Eigen3 include directory is part of orocos-kdl CMake target
[2.301s] -- Found rmw_implementation_cmake: 6.1.2 (/opt/ros/humble/share/rmw_implementation_cmake/cmake)
[2.310s] -- Found rmw_fastrtps_cpp: 6.2.7 (/opt/ros/humble/share/rmw_fastrtps_cpp/cmake)
[2.478s] -- Found OpenSSL: /usr/lib/x86_64-linux-gnu/libcrypto.so (found version "3.0.2")  
[2.528s] -- Found FastRTPS: /opt/ros/humble/include  
[2.608s] -- Using RMW implementation 'rmw_fastrtps_cpp' as default
[2.628s] -- Looking for pthread.h
[2.725s] -- Looking for pthread.h - found
[2.726s] -- Performing Test CMAKE_HAVE_LIBC_PTHREAD
[2.837s] -- Performing Test CMAKE_HAVE_LIBC_PTHREAD - Success
[2.839s] -- Found Threads: TRUE  
[3.300s] [31mCMake Error at CMakeLists.txt:11 (find_package):
[3.300s]   By not providing "Findjoint_state_publisher.cmake" in CMAKE_MODULE_PATH
[3.300s]   this project has asked CMake to find a package configuration file provided
[3.301s]   by "joint_state_publisher", but CMake did not find one.
[3.301s] 
[3.301s]   Could not find a package configuration file provided by
[3.302s]   "joint_state_publisher" with any of the following names:
[3.302s] 
[3.302s]     joint_state_publisherConfig.cmake
[3.302s]     joint_state_publisher-config.cmake
[3.302s] 
[3.302s]   Add the installation prefix of "joint_state_publisher" to CMAKE_PREFIX_PATH
[3.302s]   or set "joint_state_publisher_DIR" to a directory containing one of the
[3.302s]   above files.  If "joint_state_publisher" provides a separate development
[3.303s]   package or SDK, be sure it has been installed.
[3.303s] 
[3.303s] [0m
[3.303s] -- Configuring incomplete, errors occurred!
[3.303s] See also "/home/ngoc/Workspace/Graduation_Project/src/build/dashgo_description/CMakeFiles/CMakeOutput.log".
[3.313s] Invoked command in '/home/ngoc/Workspace/Graduation_Project/src/build/dashgo_description' returned '1': CMAKE_PREFIX_PATH=${CMAKE_PREFIX_PATH}:/home/ngoc/Workspace/Graduation_Project/src/install/teleop_twist_keyboard:/home/ngoc/Workspace/Graduation_Project/install/teleop_twist_keyboard:/opt/ros/humble /usr/bin/cmake /home/ngoc/Workspace/Graduation_Project/src/dashgo_simulation/dashgo_description -DCMAKE_INSTALL_PREFIX=/home/ngoc/Workspace/Graduation_Project/src/install/dashgo_description
