[0.042s] Invoking command in '/home/ngoc/Workspace/Graduation_Project/src/build/dashgo_driver_ros2': CMAKE_PREFIX_PATH=${CMAKE_PREFIX_PATH}:/home/ngoc/Workspace/Graduation_Project/install/teleop_twist_keyboard:/opt/ros/humble /usr/bin/cmake --build /home/ngoc/Workspace/Graduation_Project/src/build/dashgo_driver_ros2 -- -j8 -l8
[0.425s] Invoked command in '/home/ngoc/Workspace/Graduation_Project/src/build/dashgo_driver_ros2' returned '0': CMAKE_PREFIX_PATH=${CMAKE_PREFIX_PATH}:/home/ngoc/Workspace/Graduation_Project/install/teleop_twist_keyboard:/opt/ros/humble /usr/bin/cmake --build /home/ngoc/Workspace/Graduation_Project/src/build/dashgo_driver_ros2 -- -j8 -l8
[0.482s] Invoking command in '/home/ngoc/Workspace/Graduation_Project/src/build/dashgo_driver_ros2': CMAKE_PREFIX_PATH=${CMAKE_PREFIX_PATH}:/home/ngoc/Workspace/Graduation_Project/install/teleop_twist_keyboard:/opt/ros/humble /usr/bin/cmake --install /home/ngoc/Workspace/Graduation_Project/src/build/dashgo_driver_ros2
[0.493s] -- Install configuration: ""
[0.493s] -- Up-to-date: /home/ngoc/Workspace/Graduation_Project/src/install/dashgo_driver_ros2/lib/dashgo_driver_ros2/driver.py
[0.493s] -- Up-to-date: /home/ngoc/Workspace/Graduation_Project/src/install/dashgo_driver_ros2/lib/dashgo_driver_ros2/test_cmd.py
[0.494s] -- Up-to-date: /home/ngoc/Workspace/Graduation_Project/src/install/dashgo_driver_ros2/share/dashgo_driver_ros2/config
[0.494s] -- Up-to-date: /home/ngoc/Workspace/Graduation_Project/src/install/dashgo_driver_ros2/share/dashgo_driver_ros2/config/velocity_smoother_params.yaml
[0.494s] -- Up-to-date: /home/ngoc/Workspace/Graduation_Project/src/install/dashgo_driver_ros2/share/dashgo_driver_ros2/config/my_dashgo_params.yaml
[0.495s] -- Up-to-date: /home/ngoc/Workspace/Graduation_Project/src/install/dashgo_driver_ros2/share/dashgo_driver_ros2/config/my_dashgo_params_imu.yaml
[0.495s] -- Up-to-date: /home/ngoc/Workspace/Graduation_Project/src/install/dashgo_driver_ros2/share/dashgo_driver_ros2/config/my_dashgo_params_noSonar.yaml
[0.495s] -- Up-to-date: /home/ngoc/Workspace/Graduation_Project/src/install/dashgo_driver_ros2/share/dashgo_driver_ros2/launch
[0.495s] -- Up-to-date: /home/ngoc/Workspace/Graduation_Project/src/install/dashgo_driver_ros2/share/dashgo_driver_ros2/launch/driver_noSonar.launch.py
[0.496s] -- Up-to-date: /home/ngoc/Workspace/Graduation_Project/src/install/dashgo_driver_ros2/share/dashgo_driver_ros2/launch/serial.launch.py
[0.496s] -- Up-to-date: /home/ngoc/Workspace/Graduation_Project/src/install/dashgo_driver_ros2/share/dashgo_driver_ros2/launch/driver_ir.launch.py
[0.496s] -- Up-to-date: /home/ngoc/Workspace/Graduation_Project/src/install/dashgo_driver_ros2/share/dashgo_driver_ros2/launch/driver_imu.launch.py
[0.496s] -- Up-to-date: /home/ngoc/Workspace/Graduation_Project/src/install/dashgo_driver_ros2/share/dashgo_driver_ros2/launch/driver.launch.py
[0.497s] -- Up-to-date: /home/ngoc/Workspace/Graduation_Project/src/install/dashgo_driver_ros2/share/ament_index/resource_index/package_run_dependencies/dashgo_driver_ros2
[0.497s] -- Up-to-date: /home/ngoc/Workspace/Graduation_Project/src/install/dashgo_driver_ros2/share/ament_index/resource_index/parent_prefix_path/dashgo_driver_ros2
[0.497s] -- Up-to-date: /home/ngoc/Workspace/Graduation_Project/src/install/dashgo_driver_ros2/share/dashgo_driver_ros2/environment/ament_prefix_path.sh
[0.498s] -- Up-to-date: /home/ngoc/Workspace/Graduation_Project/src/install/dashgo_driver_ros2/share/dashgo_driver_ros2/environment/ament_prefix_path.dsv
[0.498s] -- Up-to-date: /home/ngoc/Workspace/Graduation_Project/src/install/dashgo_driver_ros2/share/dashgo_driver_ros2/environment/path.sh
[0.498s] -- Up-to-date: /home/ngoc/Workspace/Graduation_Project/src/install/dashgo_driver_ros2/share/dashgo_driver_ros2/environment/path.dsv
[0.498s] -- Up-to-date: /home/ngoc/Workspace/Graduation_Project/src/install/dashgo_driver_ros2/share/dashgo_driver_ros2/local_setup.bash
[0.498s] -- Up-to-date: /home/ngoc/Workspace/Graduation_Project/src/install/dashgo_driver_ros2/share/dashgo_driver_ros2/local_setup.sh
[0.499s] -- Up-to-date: /home/ngoc/Workspace/Graduation_Project/src/install/dashgo_driver_ros2/share/dashgo_driver_ros2/local_setup.zsh
[0.499s] -- Up-to-date: /home/ngoc/Workspace/Graduation_Project/src/install/dashgo_driver_ros2/share/dashgo_driver_ros2/local_setup.dsv
[0.499s] -- Installing: /home/ngoc/Workspace/Graduation_Project/src/install/dashgo_driver_ros2/share/dashgo_driver_ros2/package.dsv
[0.502s] -- Up-to-date: /home/ngoc/Workspace/Graduation_Project/src/install/dashgo_driver_ros2/share/ament_index/resource_index/packages/dashgo_driver_ros2
[0.502s] -- Up-to-date: /home/ngoc/Workspace/Graduation_Project/src/install/dashgo_driver_ros2/share/dashgo_driver_ros2/cmake/dashgo_driver_ros2Config.cmake
[0.504s] -- Up-to-date: /home/ngoc/Workspace/Graduation_Project/src/install/dashgo_driver_ros2/share/dashgo_driver_ros2/cmake/dashgo_driver_ros2Config-version.cmake
[0.504s] -- Up-to-date: /home/ngoc/Workspace/Graduation_Project/src/install/dashgo_driver_ros2/share/dashgo_driver_ros2/package.xml
[0.512s] Invoked command in '/home/ngoc/Workspace/Graduation_Project/src/build/dashgo_driver_ros2' returned '0': CMAKE_PREFIX_PATH=${CMAKE_PREFIX_PATH}:/home/ngoc/Workspace/Graduation_Project/install/teleop_twist_keyboard:/opt/ros/humble /usr/bin/cmake --install /home/ngoc/Workspace/Graduation_Project/src/build/dashgo_driver_ros2
