[0.061s] Invoking command in '/home/ngoc/Workspace/Graduation_Project/src/build/cartographer': CMAKE_PREFIX_PATH=${CMAKE_PREFIX_PATH}:/home/ngoc/Workspace/Graduation_Project/src/install/teleop_twist_keyboard:/home/ngoc/Workspace/Graduation_Project/install/teleop_twist_keyboard:/opt/ros/humble /usr/bin/cmake --build /home/ngoc/Workspace/Graduation_Project/src/build/cartographer -- -j8 -l8
[0.197s] [  1%] Built target gtest
[0.203s] [  1%] Built target cartographer_detect_changes
[0.236s] [  2%] Built target gmock
[0.269s] [  2%] Built target gmock_main
[0.529s] [ 54%] Built target cartographer
[0.594s] [ 55%] Built target cartographer_pbstream
[0.616s] [ 56%] Built target cartographer_autogenerate_ground_truth
[0.616s] [ 56%] Built target cartographer_compute_relations_metrics
[0.616s] [ 56%] Built target cartographer_print_configuration
[0.625s] [ 57%] Built target cartographer_test_library
[0.717s] [ 58%] Built target cartographer.common.math_test
[0.726s] [ 58%] Built target cartographer.common.fixed_ratio_sampler_test
[0.728s] [ 59%] Built target cartographer.common.configuration_files_test
[0.731s] [ 59%] Built target cartographer.common.lua_parameter_dictionary_test
[0.740s] [ 59%] Built target cartographer.common.task_test
[0.764s] [ 60%] Built target cartographer.common.thread_pool_test
[0.764s] [ 61%] Built target cartographer.common.internal.rate_timer_test
[0.772s] [ 62%] Built target cartographer.common.internal.blocking_queue_test
[0.815s] [ 62%] Built target cartographer.io.fake_file_writer_test
[0.815s] [ 63%] Built target cartographer.io.proto_stream_test
[0.827s] [ 63%] Built target cartographer.io.points_processor_pipeline_builder_test
[0.827s] [ 64%] Built target cartographer.io.probability_grid_points_processor_test
[0.842s] [ 65%] Built target cartographer.io.internal.in_memory_proto_stream_test
[0.842s] [ 65%] Built target cartographer.io.proto_stream_deserializer_test
[0.845s] [ 66%] Built target cartographer.mapping.2d.map_limits_test
[0.848s] [ 66%] Built target cartographer.io.serialization_format_migration_test
[0.897s] [ 67%] Built target cartographer.mapping.2d.range_data_inserter_2d_test
[0.908s] [ 67%] Built target cartographer.mapping.2d.probability_grid_test
[0.915s] [ 68%] Built target cartographer.mapping.2d.xy_index_test
[0.927s] [ 68%] Built target cartographer.mapping.3d.hybrid_grid_test
[0.930s] [ 68%] Built target cartographer.mapping.2d.submap_2d_test
[0.933s] [ 69%] Built target cartographer.mapping.3d.range_data_inserter_3d_test
[0.940s] [ 69%] Built target cartographer.mapping.3d.submap_3d_test
[0.946s] [ 70%] Built target cartographer.mapping.id_test
[0.976s] [ 70%] Built target cartographer.mapping.imu_tracker_test
[1.020s] [ 70%] Built target cartographer.mapping.internal.2d.overlapping_submaps_trimmer_2d_test
[1.022s] [ 71%] Built target cartographer.mapping.internal.2d.pose_graph_2d_test
[1.032s] [ 71%] Built target cartographer.mapping.internal.2d.scan_matching.correlative_scan_matcher_test
[1.042s] [ 71%] Built target cartographer.mapping.internal.2d.ray_to_pixel_mask_test
[1.050s] [ 72%] Built target cartographer.mapping.internal.2d.scan_matching.fast_correlative_scan_matcher_2d_test
[1.070s] [ 73%] Built target cartographer.mapping.internal.2d.scan_matching.ceres_scan_matcher_2d_test
[1.082s] [ 73%] Built target cartographer.mapping.internal.2d.scan_matching.interpolated_tsdf_2d_test
[1.087s] [ 74%] Built target cartographer.mapping.internal.2d.normal_estimation_2d_test
[1.138s] [ 74%] Built target cartographer.mapping.internal.2d.tsd_value_converter_test
[1.139s] [ 75%] Built target cartographer.mapping.internal.2d.scan_matching.occupied_space_cost_function_2d_test
[1.141s] [ 75%] Built target cartographer.mapping.internal.2d.scan_matching.real_time_correlative_scan_matcher_2d_test
[1.166s] [ 77%] Built target cartographer.mapping.internal.2d.tsdf_2d_test
[1.166s] [ 77%] Built target cartographer.mapping.internal.2d.scan_matching.tsdf_match_cost_function_2d_test
[1.186s] [ 78%] Built target cartographer.mapping.internal.2d.tsdf_range_data_inserter_2d_test
[1.236s] [ 78%] Built target cartographer.mapping.internal.3d.local_trajectory_builder_3d_test
[1.236s] [ 79%] Built target cartographer.mapping.internal.3d.pose_graph_3d_test
[1.236s] [ 79%] Built target cartographer.mapping.internal.3d.rotation_parameterization_test
[1.308s] [ 80%] Built target cartographer.mapping.internal.3d.scan_matching.intensity_cost_function_3d_test
[1.308s] [ 81%] Built target cartographer.mapping.internal.3d.scan_matching.ceres_scan_matcher_3d_test
[1.308s] [ 81%] Built target cartographer.mapping.internal.3d.scan_matching.fast_correlative_scan_matcher_3d_test
[1.308s] [ 81%] Built target cartographer.mapping.internal.3d.scan_matching.interpolated_grid_test
[1.350s] [ 81%] Built target cartographer.mapping.internal.3d.scan_matching.real_time_correlative_scan_matcher_3d_test
[1.363s] [ 82%] Built target cartographer.mapping.internal.3d.scan_matching.precomputation_grid_3d_test
[1.381s] [ 83%] Built target cartographer.mapping.internal.3d.scan_matching.rotation_delta_cost_functor_3d_test
[1.381s] [ 83%] Built target cartographer.mapping.internal.constraints.constraint_builder_2d_test
[1.382s] [ 83%] Built target cartographer.mapping.internal.3d.scan_matching.rotational_scan_matcher_test
[1.385s] [ 84%] Built target cartographer.mapping.internal.constraints.constraint_builder_3d_test
[1.416s] [ 84%] Built target cartographer.mapping.internal.motion_filter_test
[1.418s] [ 85%] Built target cartographer.mapping.internal.connected_components_test
[1.464s] [ 85%] Built target cartographer.mapping.internal.trajectory_connectivity_state_test
[1.466s] [ 85%] Built target cartographer.mapping.internal.optimization.cost_functions.landmark_cost_function_3d_test
[1.470s] [ 86%] Built target cartographer.mapping.internal.optimization.cost_functions.landmark_cost_function_2d_test
[1.473s] [ 87%] Built target cartographer.mapping.internal.optimization.cost_functions.spa_cost_function_2d_test
[1.480s] [ 87%] Built target cartographer.mapping.internal.optimization.optimization_problem_3d_test
[1.485s] [ 88%] Built target cartographer.mapping.internal.range_data_collator_test
[1.520s] [ 89%] Built target cartographer.mapping.map_builder_test
[1.529s] [ 90%] Built target cartographer.mapping.pose_graph_trimmer_test
[1.529s] [ 90%] Built target cartographer.mapping.probability_values_test
[1.529s] [ 90%] Built target cartographer.mapping.pose_extrapolator_test
[1.534s] [ 91%] Built target cartographer.mapping.pose_graph_test
[1.534s] [ 92%] Built target cartographer.mapping.trajectory_node_test
[1.536s] [ 92%] Built target cartographer.mapping.value_conversion_tables_test
[1.542s] [ 92%] Built target cartographer.mapping.submaps_test
[1.580s] [ 93%] Built target cartographer.sensor.compressed_point_cloud_test
[1.593s] [ 93%] Built target cartographer.sensor.internal.collator_test
[1.599s] [ 94%] Built target cartographer.sensor.internal.ordered_multi_queue_test
[1.601s] [ 95%] Built target cartographer.sensor.landmark_data_test
[1.603s] [ 95%] Built target cartographer.sensor.map_by_time_test
[1.607s] [ 95%] Built target cartographer.sensor.internal.trajectory_collator_test
[1.609s] [ 96%] Built target cartographer.sensor.internal.voxel_filter_test
[1.612s] [ 97%] Built target cartographer.sensor.point_cloud_test
[1.636s] [ 97%] Built target cartographer.sensor.range_data_test
[1.650s] [ 98%] Built target cartographer.transform.rigid_transform_test
[1.652s] [ 98%] Built target cartographer.transform.timestamped_transform_test
[1.653s] [ 98%] Built target cartographer.transform.transform_test
[1.659s] [100%] Built target cartographer.transform.transform_interpolation_buffer_test
