[0.043s] Invoking command in '/home/ngoc/Workspace/Graduation_Project/src/build/rviz2': CMAKE_PREFIX_PATH=${CMAKE_PREFIX_PATH}:/home/ngoc/Workspace/Graduation_Project/install/teleop_twist_keyboard:/opt/ros/humble /usr/bin/cmake /home/ngoc/Workspace/Graduation_Project/src/rviz2 -DCMAKE_INSTALL_PREFIX=/home/ngoc/Workspace/Graduation_Project/src/install/rviz2
[0.443s] -- The C compiler identification is GNU 11.4.0
[0.443s] -- The CXX compiler identification is GNU 11.4.0
[0.444s] -- Detecting C compiler ABI info
[0.444s] -- Detecting C compiler ABI info - done
[0.444s] -- Check for working C compiler: /usr/bin/cc - skipped
[0.444s] -- Detecting C compile features
[0.444s] -- Detecting C compile features - done
[0.444s] -- Detecting CXX compiler ABI info
[0.483s] -- Detecting CXX compiler ABI info - done
[0.512s] -- Check for working CXX compiler: /usr/bin/c++ - skipped
[0.513s] -- Detecting CXX compile features
[0.514s] -- Detecting CXX compile features - done
[0.522s] -- Found ament_cmake: 1.3.10 (/opt/ros/humble/share/ament_cmake/cmake)
[0.976s] -- Found Python3: /usr/bin/python3 (found version "3.10.12") found components: Interpreter 
[1.268s] -- Found ament_lint_auto: 0.12.11 (/opt/ros/humble/share/ament_lint_auto/cmake)
[1.470s] -- Added test 'lint_cmake' to check CMake code style
[1.474s] -- Added test 'xmllint' to check XML markup files
[1.485s] -- Configuring done
[1.505s] -- Generating done
[1.505s] -- Build files have been written to: /home/ngoc/Workspace/Graduation_Project/src/build/rviz2
[1.519s] Invoked command in '/home/ngoc/Workspace/Graduation_Project/src/build/rviz2' returned '0': CMAKE_PREFIX_PATH=${CMAKE_PREFIX_PATH}:/home/ngoc/Workspace/Graduation_Project/install/teleop_twist_keyboard:/opt/ros/humble /usr/bin/cmake /home/ngoc/Workspace/Graduation_Project/src/rviz2 -DCMAKE_INSTALL_PREFIX=/home/ngoc/Workspace/Graduation_Project/src/install/rviz2
[1.520s] Invoking command in '/home/ngoc/Workspace/Graduation_Project/src/build/rviz2': CMAKE_PREFIX_PATH=${CMAKE_PREFIX_PATH}:/home/ngoc/Workspace/Graduation_Project/install/teleop_twist_keyboard:/opt/ros/humble /usr/bin/cmake --build /home/ngoc/Workspace/Graduation_Project/src/build/rviz2 -- -j8 -l8
[1.613s] Invoked command in '/home/ngoc/Workspace/Graduation_Project/src/build/rviz2' returned '0': CMAKE_PREFIX_PATH=${CMAKE_PREFIX_PATH}:/home/ngoc/Workspace/Graduation_Project/install/teleop_twist_keyboard:/opt/ros/humble /usr/bin/cmake --build /home/ngoc/Workspace/Graduation_Project/src/build/rviz2 -- -j8 -l8
[1.648s] Invoking command in '/home/ngoc/Workspace/Graduation_Project/src/build/rviz2': CMAKE_PREFIX_PATH=${CMAKE_PREFIX_PATH}:/home/ngoc/Workspace/Graduation_Project/install/teleop_twist_keyboard:/opt/ros/humble /usr/bin/cmake --install /home/ngoc/Workspace/Graduation_Project/src/build/rviz2
[1.659s] -- Install configuration: ""
[1.659s] -- Installing: /home/ngoc/Workspace/Graduation_Project/src/install/rviz2/share/ament_index/resource_index/package_run_dependencies/rviz2
[1.659s] -- Installing: /home/ngoc/Workspace/Graduation_Project/src/install/rviz2/share/ament_index/resource_index/parent_prefix_path/rviz2
[1.659s] -- Installing: /home/ngoc/Workspace/Graduation_Project/src/install/rviz2/share/rviz2/environment/ament_prefix_path.sh
[1.660s] -- Installing: /home/ngoc/Workspace/Graduation_Project/src/install/rviz2/share/rviz2/environment/ament_prefix_path.dsv
[1.660s] -- Installing: /home/ngoc/Workspace/Graduation_Project/src/install/rviz2/share/rviz2/environment/path.sh
[1.660s] -- Installing: /home/ngoc/Workspace/Graduation_Project/src/install/rviz2/share/rviz2/environment/path.dsv
[1.660s] -- Installing: /home/ngoc/Workspace/Graduation_Project/src/install/rviz2/share/rviz2/local_setup.bash
[1.660s] -- Installing: /home/ngoc/Workspace/Graduation_Project/src/install/rviz2/share/rviz2/local_setup.sh
[1.661s] -- Installing: /home/ngoc/Workspace/Graduation_Project/src/install/rviz2/share/rviz2/local_setup.zsh
[1.661s] -- Installing: /home/ngoc/Workspace/Graduation_Project/src/install/rviz2/share/rviz2/local_setup.dsv
[1.661s] -- Installing: /home/ngoc/Workspace/Graduation_Project/src/install/rviz2/share/rviz2/package.dsv
[1.661s] -- Installing: /home/ngoc/Workspace/Graduation_Project/src/install/rviz2/share/ament_index/resource_index/packages/rviz2
[1.662s] -- Installing: /home/ngoc/Workspace/Graduation_Project/src/install/rviz2/share/rviz2/cmake/rviz2Config.cmake
[1.662s] -- Installing: /home/ngoc/Workspace/Graduation_Project/src/install/rviz2/share/rviz2/cmake/rviz2Config-version.cmake
[1.662s] -- Installing: /home/ngoc/Workspace/Graduation_Project/src/install/rviz2/share/rviz2/package.xml
[1.665s] Invoked command in '/home/ngoc/Workspace/Graduation_Project/src/build/rviz2' returned '0': CMAKE_PREFIX_PATH=${CMAKE_PREFIX_PATH}:/home/ngoc/Workspace/Graduation_Project/install/teleop_twist_keyboard:/opt/ros/humble /usr/bin/cmake --install /home/ngoc/Workspace/Graduation_Project/src/build/rviz2
