[0.015s] Invoking command in '/home/ngoc/Workspace/Graduation_Project/build/dashgo_nav': CMAKE_PREFIX_PATH=/home/ngoc/Workspace/Graduation_Project/install/cartographer:/home/ngoc/Workspace/Graduation_Project/install/ydlidar_sdk:/home/ngoc/Workspace/Graduation_Project/install/ydlidar_ros2_driver:/home/ngoc/Workspace/Graduation_Project/install/rviz2_dashgo:/home/ngoc/Workspace/Graduation_Project/install/rplidar_ros:/home/ngoc/Workspace/Graduation_Project/install/kobuki_velocity_smoother:/home/ngoc/Workspace/Graduation_Project/install/dashgo_nav:/home/ngoc/Workspace/Graduation_Project/install/dashgo_gazebo:/home/ngoc/Workspace/Graduation_Project/install/dashgo_driver_ros2:/home/ngoc/Workspace/Graduation_Project/install/dashgo_description:/home/ngoc/Workspace/Graduation_Project/install/teleop_twist_keyboard:/opt/ros/humble PATH=/home/ngoc/Workspace/Graduation_Project/install/cartographer/bin:/home/ngoc/Workspace/Graduation_Project/install/ydlidar_sdk/bin:/home/ngoc/.local/bin:/opt/ros/humble/bin:/home/ngoc/.local/bin:/usr/local/sbin:/usr/local/bin:/usr/sbin:/usr/bin:/sbin:/bin:/usr/games:/usr/local/games:/snap/bin:/snap/bin /usr/bin/cmake --build /home/ngoc/Workspace/Graduation_Project/build/dashgo_nav -- -j8 -l8
[0.063s] Invoked command in '/home/ngoc/Workspace/Graduation_Project/build/dashgo_nav' returned '0': CMAKE_PREFIX_PATH=/home/ngoc/Workspace/Graduation_Project/install/cartographer:/home/ngoc/Workspace/Graduation_Project/install/ydlidar_sdk:/home/ngoc/Workspace/Graduation_Project/install/ydlidar_ros2_driver:/home/ngoc/Workspace/Graduation_Project/install/rviz2_dashgo:/home/ngoc/Workspace/Graduation_Project/install/rplidar_ros:/home/ngoc/Workspace/Graduation_Project/install/kobuki_velocity_smoother:/home/ngoc/Workspace/Graduation_Project/install/dashgo_nav:/home/ngoc/Workspace/Graduation_Project/install/dashgo_gazebo:/home/ngoc/Workspace/Graduation_Project/install/dashgo_driver_ros2:/home/ngoc/Workspace/Graduation_Project/install/dashgo_description:/home/ngoc/Workspace/Graduation_Project/install/teleop_twist_keyboard:/opt/ros/humble PATH=/home/ngoc/Workspace/Graduation_Project/install/cartographer/bin:/home/ngoc/Workspace/Graduation_Project/install/ydlidar_sdk/bin:/home/ngoc/.local/bin:/opt/ros/humble/bin:/home/ngoc/.local/bin:/usr/local/sbin:/usr/local/bin:/usr/sbin:/usr/bin:/sbin:/bin:/usr/games:/usr/local/games:/snap/bin:/snap/bin /usr/bin/cmake --build /home/ngoc/Workspace/Graduation_Project/build/dashgo_nav -- -j8 -l8
[0.095s] Invoking command in '/home/ngoc/Workspace/Graduation_Project/build/dashgo_nav': CMAKE_PREFIX_PATH=/home/ngoc/Workspace/Graduation_Project/install/cartographer:/home/ngoc/Workspace/Graduation_Project/install/ydlidar_sdk:/home/ngoc/Workspace/Graduation_Project/install/ydlidar_ros2_driver:/home/ngoc/Workspace/Graduation_Project/install/rviz2_dashgo:/home/ngoc/Workspace/Graduation_Project/install/rplidar_ros:/home/ngoc/Workspace/Graduation_Project/install/kobuki_velocity_smoother:/home/ngoc/Workspace/Graduation_Project/install/dashgo_nav:/home/ngoc/Workspace/Graduation_Project/install/dashgo_gazebo:/home/ngoc/Workspace/Graduation_Project/install/dashgo_driver_ros2:/home/ngoc/Workspace/Graduation_Project/install/dashgo_description:/home/ngoc/Workspace/Graduation_Project/install/teleop_twist_keyboard:/opt/ros/humble PATH=/home/ngoc/Workspace/Graduation_Project/install/cartographer/bin:/home/ngoc/Workspace/Graduation_Project/install/ydlidar_sdk/bin:/home/ngoc/.local/bin:/opt/ros/humble/bin:/home/ngoc/.local/bin:/usr/local/sbin:/usr/local/bin:/usr/sbin:/usr/bin:/sbin:/bin:/usr/games:/usr/local/games:/snap/bin:/snap/bin /usr/bin/cmake --install /home/ngoc/Workspace/Graduation_Project/build/dashgo_nav
[0.105s] -- Install configuration: ""
[0.105s] -- Up-to-date: /home/ngoc/Workspace/Graduation_Project/install/dashgo_nav/share/dashgo_nav/config
[0.105s] -- Up-to-date: /home/ngoc/Workspace/Graduation_Project/install/dashgo_nav/share/dashgo_nav/config/imu
[0.105s] -- Up-to-date: /home/ngoc/Workspace/Graduation_Project/install/dashgo_nav/share/dashgo_nav/config/imu/costmap_common_params.yaml
[0.106s] -- Up-to-date: /home/ngoc/Workspace/Graduation_Project/install/dashgo_nav/share/dashgo_nav/config/imu/local_costmap_params.yaml
[0.106s] -- Up-to-date: /home/ngoc/Workspace/Graduation_Project/install/dashgo_nav/share/dashgo_nav/config/imu/costmap_exploration.yaml
[0.106s] -- Up-to-date: /home/ngoc/Workspace/Graduation_Project/install/dashgo_nav/share/dashgo_nav/config/imu/global_costmap_params.yaml
[0.106s] -- Up-to-date: /home/ngoc/Workspace/Graduation_Project/install/dashgo_nav/share/dashgo_nav/config/imu/costmap_conversion_params.yaml
[0.106s] -- Up-to-date: /home/ngoc/Workspace/Graduation_Project/install/dashgo_nav/share/dashgo_nav/config/imu/teb_local_planner_params.yaml
[0.106s] -- Up-to-date: /home/ngoc/Workspace/Graduation_Project/install/dashgo_nav/share/dashgo_nav/config/imu/dwa_local_planner_params.yaml
[0.106s] -- Up-to-date: /home/ngoc/Workspace/Graduation_Project/install/dashgo_nav/share/dashgo_nav/config/imu/move_base_params.yaml
[0.106s] -- Up-to-date: /home/ngoc/Workspace/Graduation_Project/install/dashgo_nav/share/dashgo_nav/config/imu/base_global_planner_param.yaml
[0.106s] -- Up-to-date: /home/ngoc/Workspace/Graduation_Project/install/dashgo_nav/share/dashgo_nav/config/imu/base_local_planner_params.yaml
[0.107s] -- Up-to-date: /home/ngoc/Workspace/Graduation_Project/install/dashgo_nav/share/dashgo_nav/config/odom
[0.107s] -- Up-to-date: /home/ngoc/Workspace/Graduation_Project/install/dashgo_nav/share/dashgo_nav/config/odom/costmap_common_params.yaml
[0.107s] -- Up-to-date: /home/ngoc/Workspace/Graduation_Project/install/dashgo_nav/share/dashgo_nav/config/odom/local_costmap_params.yaml
[0.107s] -- Up-to-date: /home/ngoc/Workspace/Graduation_Project/install/dashgo_nav/share/dashgo_nav/config/odom/costmap_exploration.yaml
[0.107s] -- Up-to-date: /home/ngoc/Workspace/Graduation_Project/install/dashgo_nav/share/dashgo_nav/config/odom/costmap_common_params.yaml.save
[0.107s] -- Up-to-date: /home/ngoc/Workspace/Graduation_Project/install/dashgo_nav/share/dashgo_nav/config/odom/global_costmap_params.yaml
[0.107s] -- Up-to-date: /home/ngoc/Workspace/Graduation_Project/install/dashgo_nav/share/dashgo_nav/config/odom/costmap_conversion_params.yaml
[0.107s] -- Up-to-date: /home/ngoc/Workspace/Graduation_Project/install/dashgo_nav/share/dashgo_nav/config/odom/teb_local_planner_params.yaml
[0.107s] -- Up-to-date: /home/ngoc/Workspace/Graduation_Project/install/dashgo_nav/share/dashgo_nav/config/odom/move_base_params.yaml
[0.108s] -- Up-to-date: /home/ngoc/Workspace/Graduation_Project/install/dashgo_nav/share/dashgo_nav/config/odom/base_global_planner_param.yaml
[0.108s] -- Up-to-date: /home/ngoc/Workspace/Graduation_Project/install/dashgo_nav/share/dashgo_nav/config/odom/base_local_planner_params.yaml
[0.108s] -- Up-to-date: /home/ngoc/Workspace/Graduation_Project/install/dashgo_nav/share/dashgo_nav/config/nav_obstacles_params.yaml
[0.108s] -- Up-to-date: /home/ngoc/Workspace/Graduation_Project/install/dashgo_nav/share/dashgo_nav/config/dashgo_cartographer.lua
[0.108s] -- Up-to-date: /home/ngoc/Workspace/Graduation_Project/install/dashgo_nav/share/dashgo_nav/config/nav_test_params.yaml
[0.108s] -- Up-to-date: /home/ngoc/Workspace/Graduation_Project/install/dashgo_nav/share/dashgo_nav/launch
[0.108s] -- Up-to-date: /home/ngoc/Workspace/Graduation_Project/install/dashgo_nav/share/dashgo_nav/launch/navigation.launch
[0.108s] -- Up-to-date: /home/ngoc/Workspace/Graduation_Project/install/dashgo_nav/share/dashgo_nav/launch/include
[0.108s] -- Up-to-date: /home/ngoc/Workspace/Graduation_Project/install/dashgo_nav/share/dashgo_nav/launch/include/imu
[0.109s] -- Up-to-date: /home/ngoc/Workspace/Graduation_Project/install/dashgo_nav/share/dashgo_nav/launch/include/imu/move_base.launch
[0.109s] -- Up-to-date: /home/ngoc/Workspace/Graduation_Project/install/dashgo_nav/share/dashgo_nav/launch/include/imu/org_amcl.launch.xml
[0.109s] -- Up-to-date: /home/ngoc/Workspace/Graduation_Project/install/dashgo_nav/share/dashgo_nav/launch/include/imu/gmapping_base.launch
[0.109s] -- Up-to-date: /home/ngoc/Workspace/Graduation_Project/install/dashgo_nav/share/dashgo_nav/launch/include/imu/amcl.launch.xml
[0.109s] -- Up-to-date: /home/ngoc/Workspace/Graduation_Project/install/dashgo_nav/share/dashgo_nav/launch/include/imu/teb_move_base.launch
[0.109s] -- Up-to-date: /home/ngoc/Workspace/Graduation_Project/install/dashgo_nav/share/dashgo_nav/launch/include/odom
[0.109s] -- Up-to-date: /home/ngoc/Workspace/Graduation_Project/install/dashgo_nav/share/dashgo_nav/launch/include/odom/move_base.launch
[0.110s] -- Up-to-date: /home/ngoc/Workspace/Graduation_Project/install/dashgo_nav/share/dashgo_nav/launch/include/odom/gmapping_base.launch
[0.110s] -- Up-to-date: /home/ngoc/Workspace/Graduation_Project/install/dashgo_nav/share/dashgo_nav/launch/include/odom/cartographer_base.launch.py
[0.111s] -- Up-to-date: /home/ngoc/Workspace/Graduation_Project/install/dashgo_nav/share/dashgo_nav/launch/include/odom/amcl.launch.xml
[0.112s] -- Up-to-date: /home/ngoc/Workspace/Graduation_Project/install/dashgo_nav/share/dashgo_nav/launch/include/odom/teb_move_base.launch
[0.112s] -- Up-to-date: /home/ngoc/Workspace/Graduation_Project/install/dashgo_nav/share/dashgo_nav/launch/gmapping.launch.save
[0.112s] -- Up-to-date: /home/ngoc/Workspace/Graduation_Project/install/dashgo_nav/share/dashgo_nav/launch/.navigation_imu.launch.swp
[0.112s] -- Up-to-date: /home/ngoc/Workspace/Graduation_Project/install/dashgo_nav/share/dashgo_nav/launch/cartographer_noSonar.launch.py
[0.113s] -- Up-to-date: /home/ngoc/Workspace/Graduation_Project/install/dashgo_nav/share/dashgo_nav/launch/navigation.launch~
[0.113s] -- Up-to-date: /home/ngoc/Workspace/Graduation_Project/install/dashgo_nav/share/dashgo_nav/launch/gmapping_noSonar.launch
[0.113s] -- Up-to-date: /home/ngoc/Workspace/Graduation_Project/install/dashgo_nav/share/dashgo_nav/launch/gmapping.launch
[0.113s] -- Up-to-date: /home/ngoc/Workspace/Graduation_Project/install/dashgo_nav/share/dashgo_nav/launch/navigation_noSonar.launch
[0.113s] -- Up-to-date: /home/ngoc/Workspace/Graduation_Project/install/dashgo_nav/share/ament_index/resource_index/package_run_dependencies/dashgo_nav
[0.113s] -- Up-to-date: /home/ngoc/Workspace/Graduation_Project/install/dashgo_nav/share/ament_index/resource_index/parent_prefix_path/dashgo_nav
[0.113s] -- Up-to-date: /home/ngoc/Workspace/Graduation_Project/install/dashgo_nav/share/dashgo_nav/environment/ament_prefix_path.sh
[0.114s] -- Up-to-date: /home/ngoc/Workspace/Graduation_Project/install/dashgo_nav/share/dashgo_nav/environment/ament_prefix_path.dsv
[0.114s] -- Up-to-date: /home/ngoc/Workspace/Graduation_Project/install/dashgo_nav/share/dashgo_nav/environment/path.sh
[0.114s] -- Up-to-date: /home/ngoc/Workspace/Graduation_Project/install/dashgo_nav/share/dashgo_nav/environment/path.dsv
[0.114s] -- Up-to-date: /home/ngoc/Workspace/Graduation_Project/install/dashgo_nav/share/dashgo_nav/local_setup.bash
[0.114s] -- Up-to-date: /home/ngoc/Workspace/Graduation_Project/install/dashgo_nav/share/dashgo_nav/local_setup.sh
[0.114s] -- Up-to-date: /home/ngoc/Workspace/Graduation_Project/install/dashgo_nav/share/dashgo_nav/local_setup.zsh
[0.114s] -- Up-to-date: /home/ngoc/Workspace/Graduation_Project/install/dashgo_nav/share/dashgo_nav/local_setup.dsv
[0.114s] -- Installing: /home/ngoc/Workspace/Graduation_Project/install/dashgo_nav/share/dashgo_nav/package.dsv
[0.114s] -- Up-to-date: /home/ngoc/Workspace/Graduation_Project/install/dashgo_nav/share/ament_index/resource_index/packages/dashgo_nav
[0.115s] -- Up-to-date: /home/ngoc/Workspace/Graduation_Project/install/dashgo_nav/share/dashgo_nav/cmake/dashgo_navConfig.cmake
[0.115s] -- Up-to-date: /home/ngoc/Workspace/Graduation_Project/install/dashgo_nav/share/dashgo_nav/cmake/dashgo_navConfig-version.cmake
[0.115s] -- Up-to-date: /home/ngoc/Workspace/Graduation_Project/install/dashgo_nav/share/dashgo_nav/package.xml
[0.116s] Invoked command in '/home/ngoc/Workspace/Graduation_Project/build/dashgo_nav' returned '0': CMAKE_PREFIX_PATH=/home/ngoc/Workspace/Graduation_Project/install/cartographer:/home/ngoc/Workspace/Graduation_Project/install/ydlidar_sdk:/home/ngoc/Workspace/Graduation_Project/install/ydlidar_ros2_driver:/home/ngoc/Workspace/Graduation_Project/install/rviz2_dashgo:/home/ngoc/Workspace/Graduation_Project/install/rplidar_ros:/home/ngoc/Workspace/Graduation_Project/install/kobuki_velocity_smoother:/home/ngoc/Workspace/Graduation_Project/install/dashgo_nav:/home/ngoc/Workspace/Graduation_Project/install/dashgo_gazebo:/home/ngoc/Workspace/Graduation_Project/install/dashgo_driver_ros2:/home/ngoc/Workspace/Graduation_Project/install/dashgo_description:/home/ngoc/Workspace/Graduation_Project/install/teleop_twist_keyboard:/opt/ros/humble PATH=/home/ngoc/Workspace/Graduation_Project/install/cartographer/bin:/home/ngoc/Workspace/Graduation_Project/install/ydlidar_sdk/bin:/home/ngoc/.local/bin:/opt/ros/humble/bin:/home/ngoc/.local/bin:/usr/local/sbin:/usr/local/bin:/usr/sbin:/usr/bin:/sbin:/bin:/usr/games:/usr/local/games:/snap/bin:/snap/bin /usr/bin/cmake --install /home/ngoc/Workspace/Graduation_Project/build/dashgo_nav
