[0.122s] Invoking command in '/home/ngoc/Workspace/Graduation_Project/build/ydlidar_ros2_driver': CMAKE_PREFIX_PATH=${CMAKE_PREFIX_PATH}:/home/ngoc/Workspace/Graduation_Project/install/teleop_twist_keyboard:/opt/ros/humble /usr/bin/cmake --build /home/ngoc/Workspace/Graduation_Project/build/ydlidar_ros2_driver -- -j8 -l8
[0.299s] [ 50%] Built target ydlidar_ros2_driver_client
[0.309s] [100%] Built target ydlidar_ros2_driver_node
[0.368s] Invoked command in '/home/ngoc/Workspace/Graduation_Project/build/ydlidar_ros2_driver' returned '0': CMAKE_PREFIX_PATH=${CMAKE_PREFIX_PATH}:/home/ngoc/Workspace/Graduation_Project/install/teleop_twist_keyboard:/opt/ros/humble /usr/bin/cmake --build /home/ngoc/Workspace/Graduation_Project/build/ydlidar_ros2_driver -- -j8 -l8
[0.525s] Invoking command in '/home/ngoc/Workspace/Graduation_Project/build/ydlidar_ros2_driver': CMAKE_PREFIX_PATH=${CMAKE_PREFIX_PATH}:/home/ngoc/Workspace/Graduation_Project/install/teleop_twist_keyboard:/opt/ros/humble /usr/bin/cmake --install /home/ngoc/Workspace/Graduation_Project/build/ydlidar_ros2_driver
[0.558s] -- Install configuration: ""
[0.559s] -- Up-to-date: /home/ngoc/Workspace/Graduation_Project/install/ydlidar_ros2_driver/lib/ydlidar_ros2_driver/ydlidar_ros2_driver_node
[0.560s] -- Up-to-date: /home/ngoc/Workspace/Graduation_Project/install/ydlidar_ros2_driver/lib/ydlidar_ros2_driver/ydlidar_ros2_driver_client
[0.561s] -- Up-to-date: /home/ngoc/Workspace/Graduation_Project/install/ydlidar_ros2_driver/share/ydlidar_ros2_driver/launch
[0.561s] -- Up-to-date: /home/ngoc/Workspace/Graduation_Project/install/ydlidar_ros2_driver/share/ydlidar_ros2_driver/launch/ydlidar.py
[0.561s] -- Up-to-date: /home/ngoc/Workspace/Graduation_Project/install/ydlidar_ros2_driver/share/ydlidar_ros2_driver/launch/ydlidar_launch.py
[0.561s] -- Up-to-date: /home/ngoc/Workspace/Graduation_Project/install/ydlidar_ros2_driver/share/ydlidar_ros2_driver/launch/ydlidar_launch_view.py
[0.562s] -- Up-to-date: /home/ngoc/Workspace/Graduation_Project/install/ydlidar_ros2_driver/share/ydlidar_ros2_driver/params
[0.562s] -- Up-to-date: /home/ngoc/Workspace/Graduation_Project/install/ydlidar_ros2_driver/share/ydlidar_ros2_driver/params/G6.yaml
[0.562s] -- Up-to-date: /home/ngoc/Workspace/Graduation_Project/install/ydlidar_ros2_driver/share/ydlidar_ros2_driver/params/ydlidar.yaml
[0.562s] -- Up-to-date: /home/ngoc/Workspace/Graduation_Project/install/ydlidar_ros2_driver/share/ydlidar_ros2_driver/params/TG.yaml
[0.563s] -- Up-to-date: /home/ngoc/Workspace/Graduation_Project/install/ydlidar_ros2_driver/share/ydlidar_ros2_driver/params/X2.yaml
[0.563s] -- Up-to-date: /home/ngoc/Workspace/Graduation_Project/install/ydlidar_ros2_driver/share/ydlidar_ros2_driver/params/G1.yaml
[0.563s] -- Up-to-date: /home/ngoc/Workspace/Graduation_Project/install/ydlidar_ros2_driver/share/ydlidar_ros2_driver/params/X4.yaml
[0.563s] -- Up-to-date: /home/ngoc/Workspace/Graduation_Project/install/ydlidar_ros2_driver/share/ydlidar_ros2_driver/params/G2.yaml
[0.564s] -- Up-to-date: /home/ngoc/Workspace/Graduation_Project/install/ydlidar_ros2_driver/share/ydlidar_ros2_driver/params/GS2.yaml
[0.564s] -- Up-to-date: /home/ngoc/Workspace/Graduation_Project/install/ydlidar_ros2_driver/share/ydlidar_ros2_driver/params/TEA.yaml
[0.565s] -- Up-to-date: /home/ngoc/Workspace/Graduation_Project/install/ydlidar_ros2_driver/share/ydlidar_ros2_driver/params/X4-Pro.yaml
[0.565s] -- Up-to-date: /home/ngoc/Workspace/Graduation_Project/install/ydlidar_ros2_driver/share/ydlidar_ros2_driver/params/TminiPro.yaml
[0.565s] -- Up-to-date: /home/ngoc/Workspace/Graduation_Project/install/ydlidar_ros2_driver/share/ydlidar_ros2_driver/startup
[0.565s] -- Up-to-date: /home/ngoc/Workspace/Graduation_Project/install/ydlidar_ros2_driver/share/ydlidar_ros2_driver/startup/initenv.sh
[0.565s] -- Up-to-date: /home/ngoc/Workspace/Graduation_Project/install/ydlidar_ros2_driver/share/ydlidar_ros2_driver/config
[0.565s] -- Up-to-date: /home/ngoc/Workspace/Graduation_Project/install/ydlidar_ros2_driver/share/ydlidar_ros2_driver/config/ydlidar.rviz
[0.566s] -- Up-to-date: /home/ngoc/Workspace/Graduation_Project/install/ydlidar_ros2_driver/share/ament_index/resource_index/package_run_dependencies/ydlidar_ros2_driver
[0.566s] -- Up-to-date: /home/ngoc/Workspace/Graduation_Project/install/ydlidar_ros2_driver/share/ament_index/resource_index/parent_prefix_path/ydlidar_ros2_driver
[0.566s] -- Up-to-date: /home/ngoc/Workspace/Graduation_Project/install/ydlidar_ros2_driver/share/ydlidar_ros2_driver/environment/ament_prefix_path.sh
[0.566s] -- Up-to-date: /home/ngoc/Workspace/Graduation_Project/install/ydlidar_ros2_driver/share/ydlidar_ros2_driver/environment/ament_prefix_path.dsv
[0.566s] -- Up-to-date: /home/ngoc/Workspace/Graduation_Project/install/ydlidar_ros2_driver/share/ydlidar_ros2_driver/environment/path.sh
[0.567s] -- Up-to-date: /home/ngoc/Workspace/Graduation_Project/install/ydlidar_ros2_driver/share/ydlidar_ros2_driver/environment/path.dsv
[0.567s] -- Up-to-date: /home/ngoc/Workspace/Graduation_Project/install/ydlidar_ros2_driver/share/ydlidar_ros2_driver/local_setup.bash
[0.567s] -- Up-to-date: /home/ngoc/Workspace/Graduation_Project/install/ydlidar_ros2_driver/share/ydlidar_ros2_driver/local_setup.sh
[0.567s] -- Up-to-date: /home/ngoc/Workspace/Graduation_Project/install/ydlidar_ros2_driver/share/ydlidar_ros2_driver/local_setup.zsh
[0.568s] -- Up-to-date: /home/ngoc/Workspace/Graduation_Project/install/ydlidar_ros2_driver/share/ydlidar_ros2_driver/local_setup.dsv
[0.568s] -- Installing: /home/ngoc/Workspace/Graduation_Project/install/ydlidar_ros2_driver/share/ydlidar_ros2_driver/package.dsv
[0.568s] -- Up-to-date: /home/ngoc/Workspace/Graduation_Project/install/ydlidar_ros2_driver/share/ament_index/resource_index/packages/ydlidar_ros2_driver
[0.569s] -- Up-to-date: /home/ngoc/Workspace/Graduation_Project/install/ydlidar_ros2_driver/share/ydlidar_ros2_driver/cmake/ydlidar_ros2_driverConfig.cmake
[0.569s] -- Up-to-date: /home/ngoc/Workspace/Graduation_Project/install/ydlidar_ros2_driver/share/ydlidar_ros2_driver/cmake/ydlidar_ros2_driverConfig-version.cmake
[0.569s] -- Up-to-date: /home/ngoc/Workspace/Graduation_Project/install/ydlidar_ros2_driver/share/ydlidar_ros2_driver/package.xml
[0.585s] Invoked command in '/home/ngoc/Workspace/Graduation_Project/build/ydlidar_ros2_driver' returned '0': CMAKE_PREFIX_PATH=${CMAKE_PREFIX_PATH}:/home/ngoc/Workspace/Graduation_Project/install/teleop_twist_keyboard:/opt/ros/humble /usr/bin/cmake --install /home/ngoc/Workspace/Graduation_Project/build/ydlidar_ros2_driver
