[0.055s] Invoking command in '/home/ngoc/Workspace/Graduation_Project/build/cartographer': CMAKE_PREFIX_PATH=${CMAKE_PREFIX_PATH}:/home/ngoc/Workspace/Graduation_Project/install/teleop_twist_keyboard:/opt/ros/humble /usr/bin/cmake --build /home/ngoc/Workspace/Graduation_Project/build/cartographer -- -j8 -l8
[0.155s] [35m[1mConsolidate compiler generated dependencies of target gtest[0m
[0.178s] [  0%] [34m[1mBuilding documentation.[0m
[0.194s] [  1%] Built target gtest
[0.208s] [  1%] Built target cartographer_detect_changes
[0.229s] [35m[1mConsolidate compiler generated dependencies of target gmock[0m
[0.257s] [  2%] Built target gmock
[0.275s] [35m[1mConsolidate compiler generated dependencies of target gmock_main[0m
[0.299s] [  2%] Built target gmock_main
[0.413s] [35m[1mConsolidate compiler generated dependencies of target cartographer[0m
[0.760s] [01mRunning Sphinx v4.3.2[39;49;00m
[0.978s] [01mloading pickled environment... [39;49;00mdone
[0.983s] [01mbuilding [mo]: [39;49;00mtargets for 0 po files that are out of date
[0.984s] [01mbuilding [html]: [39;49;00mtargets for 0 source files that are out of date
[0.986s] [01mupdating environment: [39;49;00m0 added, 0 changed, 0 removed
[0.986s] [01mlooking for now-outdated files... [39;49;00mnone found
[0.987s] [01mno targets are out of date.[39;49;00m
[0.989s] [01mbuild succeeded.[39;49;00m
[0.989s] 
[0.989s] The HTML pages are in html.
[1.115s] [  2%] Built target build_doc
[1.244s] [ 55%] Built target cartographer
[1.261s] [35m[1mConsolidate compiler generated dependencies of target cartographer_compute_relations_metrics[0m
[1.261s] [35m[1mConsolidate compiler generated dependencies of target cartographer_pbstream[0m
[1.262s] [35m[1mConsolidate compiler generated dependencies of target cartographer_print_configuration[0m
[1.263s] [35m[1mConsolidate compiler generated dependencies of target cartographer_autogenerate_ground_truth[0m
[1.266s] [35m[1mConsolidate compiler generated dependencies of target cartographer_test_library[0m
[1.287s] [ 56%] Built target cartographer_pbstream
[1.296s] [ 56%] Built target cartographer_print_configuration
[1.297s] [ 56%] Built target cartographer_compute_relations_metrics
[1.303s] [ 57%] Built target cartographer_autogenerate_ground_truth
[1.311s] [ 58%] Built target cartographer_test_library
[1.331s] [35m[1mConsolidate compiler generated dependencies of target cartographer.common.internal.rate_timer_test[0m
[1.331s] [35m[1mConsolidate compiler generated dependencies of target cartographer.common.internal.blocking_queue_test[0m
[1.331s] [35m[1mConsolidate compiler generated dependencies of target cartographer.common.lua_parameter_dictionary_test[0m
[1.340s] [35m[1mConsolidate compiler generated dependencies of target cartographer.common.fixed_ratio_sampler_test[0m
[1.340s] [35m[1mConsolidate compiler generated dependencies of target cartographer.common.task_test[0m
[1.341s] [35m[1mConsolidate compiler generated dependencies of target cartographer.common.configuration_files_test[0m
[1.347s] [35m[1mConsolidate compiler generated dependencies of target cartographer.common.thread_pool_test[0m
[1.347s] [35m[1mConsolidate compiler generated dependencies of target cartographer.common.math_test[0m
[1.368s] [ 58%] Built target cartographer.common.internal.blocking_queue_test
[1.381s] [ 59%] Built target cartographer.common.thread_pool_test
[1.381s] [ 59%] Built target cartographer.common.lua_parameter_dictionary_test
[1.383s] [ 59%] Built target cartographer.common.task_test
[1.385s] [ 60%] Built target cartographer.common.configuration_files_test
[1.386s] [ 60%] Built target cartographer.common.fixed_ratio_sampler_test
[1.388s] [ 61%] Built target cartographer.common.internal.rate_timer_test
[1.393s] [ 62%] Built target cartographer.common.math_test
[1.400s] [35m[1mConsolidate compiler generated dependencies of target cartographer.io.fake_file_writer_test[0m
[1.405s] [35m[1mConsolidate compiler generated dependencies of target cartographer.io.serialization_format_migration_test[0m
[1.406s] [35m[1mConsolidate compiler generated dependencies of target cartographer.io.probability_grid_points_processor_test[0m
[1.407s] [35m[1mConsolidate compiler generated dependencies of target cartographer.io.points_processor_pipeline_builder_test[0m
[1.412s] [35m[1mConsolidate compiler generated dependencies of target cartographer.io.proto_stream_test[0m
[1.413s] [35m[1mConsolidate compiler generated dependencies of target cartographer.io.internal.in_memory_proto_stream_test[0m
[1.418s] [35m[1mConsolidate compiler generated dependencies of target cartographer.mapping.2d.map_limits_test[0m
[1.419s] [35m[1mConsolidate compiler generated dependencies of target cartographer.io.proto_stream_deserializer_test[0m
[1.446s] [ 62%] Built target cartographer.io.serialization_format_migration_test
[1.448s] [ 62%] Built target cartographer.io.fake_file_writer_test
[1.455s] [ 62%] Built target cartographer.io.points_processor_pipeline_builder_test
[1.459s] [ 63%] Built target cartographer.io.probability_grid_points_processor_test
[1.462s] [ 64%] Built target cartographer.mapping.2d.map_limits_test
[1.466s] [35m[1mConsolidate compiler generated dependencies of target cartographer.mapping.2d.probability_grid_test[0m
[1.466s] [35m[1mConsolidate compiler generated dependencies of target cartographer.mapping.2d.range_data_inserter_2d_test[0m
[1.472s] [ 64%] Built target cartographer.io.proto_stream_deserializer_test
[1.474s] [35m[1mConsolidate compiler generated dependencies of target cartographer.mapping.2d.submap_2d_test[0m
[1.480s] [ 65%] Built target cartographer.io.proto_stream_test
[1.481s] [35m[1mConsolidate compiler generated dependencies of target cartographer.mapping.3d.hybrid_grid_test[0m
[1.484s] [ 66%] Built target cartographer.io.internal.in_memory_proto_stream_test
[1.492s] [35m[1mConsolidate compiler generated dependencies of target cartographer.mapping.3d.range_data_inserter_3d_test[0m
[1.495s] [35m[1mConsolidate compiler generated dependencies of target cartographer.mapping.2d.xy_index_test[0m
[1.498s] [35m[1mConsolidate compiler generated dependencies of target cartographer.mapping.3d.submap_3d_test[0m
[1.507s] [35m[1mConsolidate compiler generated dependencies of target cartographer.mapping.id_test[0m
[1.524s] [ 67%] Built target cartographer.mapping.2d.range_data_inserter_2d_test
[1.527s] [ 67%] Built target cartographer.mapping.2d.submap_2d_test
[1.542s] [ 67%] Built target cartographer.mapping.2d.probability_grid_test
[1.542s] [ 67%] Built target cartographer.mapping.3d.submap_3d_test
[1.545s] [ 67%] Built target cartographer.mapping.3d.hybrid_grid_test
[1.545s] [35m[1mConsolidate compiler generated dependencies of target cartographer.mapping.imu_tracker_test[0m
[1.546s] [ 68%] Built target cartographer.mapping.3d.range_data_inserter_3d_test
[1.550s] [ 69%] Built target cartographer.mapping.2d.xy_index_test
[1.561s] [35m[1mConsolidate compiler generated dependencies of target cartographer.mapping.internal.2d.overlapping_submaps_trimmer_2d_test[0m
[1.562s] [35m[1mConsolidate compiler generated dependencies of target cartographer.mapping.internal.2d.normal_estimation_2d_test[0m
[1.565s] [35m[1mConsolidate compiler generated dependencies of target cartographer.mapping.internal.2d.pose_graph_2d_test[0m
[1.567s] [35m[1mConsolidate compiler generated dependencies of target cartographer.mapping.internal.2d.ray_to_pixel_mask_test[0m
[1.570s] [ 70%] Built target cartographer.mapping.id_test
[1.579s] [35m[1mConsolidate compiler generated dependencies of target cartographer.mapping.internal.2d.scan_matching.ceres_scan_matcher_2d_test[0m
[1.582s] [35m[1mConsolidate compiler generated dependencies of target cartographer.mapping.internal.2d.scan_matching.correlative_scan_matcher_test[0m
[1.596s] [35m[1mConsolidate compiler generated dependencies of target cartographer.mapping.internal.2d.scan_matching.fast_correlative_scan_matcher_2d_test[0m
[1.609s] [ 70%] Built target cartographer.mapping.imu_tracker_test
[1.617s] [ 70%] Built target cartographer.mapping.internal.2d.overlapping_submaps_trimmer_2d_test
[1.619s] [ 71%] Built target cartographer.mapping.internal.2d.ray_to_pixel_mask_test
[1.619s] [ 71%] Built target cartographer.mapping.internal.2d.normal_estimation_2d_test
[1.633s] [ 72%] Built target cartographer.mapping.internal.2d.scan_matching.ceres_scan_matcher_2d_test
[1.633s] [ 73%] Built target cartographer.mapping.internal.2d.pose_graph_2d_test
[1.638s] [35m[1mConsolidate compiler generated dependencies of target cartographer.mapping.internal.2d.scan_matching.interpolated_tsdf_2d_test[0m
[1.639s] [35m[1mConsolidate compiler generated dependencies of target cartographer.mapping.internal.2d.scan_matching.tsdf_match_cost_function_2d_test[0m
[1.639s] [ 73%] Built target cartographer.mapping.internal.2d.scan_matching.correlative_scan_matcher_test
[1.644s] [35m[1mConsolidate compiler generated dependencies of target cartographer.mapping.internal.2d.scan_matching.real_time_correlative_scan_matcher_2d_test[0m
[1.649s] [35m[1mConsolidate compiler generated dependencies of target cartographer.mapping.internal.2d.tsd_value_converter_test[0m
[1.653s] [35m[1mConsolidate compiler generated dependencies of target cartographer.mapping.internal.2d.scan_matching.occupied_space_cost_function_2d_test[0m
[1.656s] [35m[1mConsolidate compiler generated dependencies of target cartographer.mapping.internal.2d.tsdf_2d_test[0m
[1.660s] [ 74%] Built target cartographer.mapping.internal.2d.scan_matching.fast_correlative_scan_matcher_2d_test
[1.670s] [35m[1mConsolidate compiler generated dependencies of target cartographer.mapping.internal.2d.tsdf_range_data_inserter_2d_test[0m
[1.681s] [35m[1mConsolidate compiler generated dependencies of target cartographer.mapping.internal.3d.local_trajectory_builder_3d_test[0m
[1.697s] [ 75%] Built target cartographer.mapping.internal.2d.scan_matching.interpolated_tsdf_2d_test
[1.697s] [ 76%] Built target cartographer.mapping.internal.2d.tsd_value_converter_test
[1.699s] [ 76%] Built target cartographer.mapping.internal.2d.scan_matching.tsdf_match_cost_function_2d_test
[1.707s] [ 77%] Built target cartographer.mapping.internal.2d.scan_matching.real_time_correlative_scan_matcher_2d_test
[1.709s] [ 77%] Built target cartographer.mapping.internal.2d.tsdf_2d_test
[1.716s] [35m[1mConsolidate compiler generated dependencies of target cartographer.mapping.internal.3d.pose_graph_3d_test[0m
[1.716s] [ 77%] Built target cartographer.mapping.internal.2d.scan_matching.occupied_space_cost_function_2d_test
[1.719s] [35m[1mConsolidate compiler generated dependencies of target cartographer.mapping.internal.3d.rotation_parameterization_test[0m
[1.723s] [ 78%] Built target cartographer.mapping.internal.2d.tsdf_range_data_inserter_2d_test
[1.729s] [35m[1mConsolidate compiler generated dependencies of target cartographer.mapping.internal.3d.scan_matching.ceres_scan_matcher_3d_test[0m
[1.736s] [35m[1mConsolidate compiler generated dependencies of target cartographer.mapping.internal.3d.scan_matching.intensity_cost_function_3d_test[0m
[1.737s] [ 78%] Built target cartographer.mapping.internal.3d.local_trajectory_builder_3d_test
[1.743s] [35m[1mConsolidate compiler generated dependencies of target cartographer.mapping.internal.3d.scan_matching.fast_correlative_scan_matcher_3d_test[0m
[1.743s] [35m[1mConsolidate compiler generated dependencies of target cartographer.mapping.internal.3d.scan_matching.interpolated_grid_test[0m
[1.744s] [ 78%] Built target cartographer.mapping.internal.3d.rotation_parameterization_test
[1.757s] [35m[1mConsolidate compiler generated dependencies of target cartographer.mapping.internal.3d.scan_matching.precomputation_grid_3d_test[0m
[1.760s] [35m[1mConsolidate compiler generated dependencies of target cartographer.mapping.internal.3d.scan_matching.real_time_correlative_scan_matcher_3d_test[0m
[1.765s] [35m[1mConsolidate compiler generated dependencies of target cartographer.mapping.internal.3d.scan_matching.rotation_delta_cost_functor_3d_test[0m
[1.780s] [ 79%] Built target cartographer.mapping.internal.3d.scan_matching.ceres_scan_matcher_3d_test
[1.789s] [ 80%] Built target cartographer.mapping.internal.3d.pose_graph_3d_test
[1.796s] [ 81%] Built target cartographer.mapping.internal.3d.scan_matching.intensity_cost_function_3d_test
[1.798s] [ 81%] Built target cartographer.mapping.internal.3d.scan_matching.interpolated_grid_test
[1.802s] [ 82%] Built target cartographer.mapping.internal.3d.scan_matching.precomputation_grid_3d_test
[1.807s] [35m[1mConsolidate compiler generated dependencies of target cartographer.mapping.internal.connected_components_test[0m
[1.808s] [ 82%] Built target cartographer.mapping.internal.3d.scan_matching.fast_correlative_scan_matcher_3d_test
[1.810s] [35m[1mConsolidate compiler generated dependencies of target cartographer.mapping.internal.3d.scan_matching.rotational_scan_matcher_test[0m
[1.818s] [35m[1mConsolidate compiler generated dependencies of target cartographer.mapping.internal.constraints.constraint_builder_2d_test[0m
[1.826s] [35m[1mConsolidate compiler generated dependencies of target cartographer.mapping.internal.motion_filter_test[0m
[1.826s] [35m[1mConsolidate compiler generated dependencies of target cartographer.mapping.internal.optimization.cost_functions.landmark_cost_function_2d_test[0m
[1.831s] [ 82%] Built target cartographer.mapping.internal.3d.scan_matching.real_time_correlative_scan_matcher_3d_test
[1.834s] [ 83%] Built target cartographer.mapping.internal.3d.scan_matching.rotation_delta_cost_functor_3d_test
[1.835s] [35m[1mConsolidate compiler generated dependencies of target cartographer.mapping.internal.constraints.constraint_builder_3d_test[0m
[1.856s] [35m[1mConsolidate compiler generated dependencies of target cartographer.mapping.internal.optimization.cost_functions.spa_cost_function_2d_test[0m
[1.858s] [35m[1mConsolidate compiler generated dependencies of target cartographer.mapping.internal.optimization.cost_functions.landmark_cost_function_3d_test[0m
[1.864s] [ 83%] Built target cartographer.mapping.internal.3d.scan_matching.rotational_scan_matcher_test
[1.866s] [ 84%] Built target cartographer.mapping.internal.connected_components_test
[1.874s] [ 84%] Built target cartographer.mapping.internal.constraints.constraint_builder_2d_test
[1.884s] [ 85%] Built target cartographer.mapping.internal.optimization.cost_functions.landmark_cost_function_2d_test
[1.885s] [ 85%] Built target cartographer.mapping.internal.motion_filter_test
[1.887s] [35m[1mConsolidate compiler generated dependencies of target cartographer.mapping.internal.optimization.optimization_problem_3d_test[0m
[1.898s] [35m[1mConsolidate compiler generated dependencies of target cartographer.mapping.internal.range_data_collator_test[0m
[1.898s] [35m[1mConsolidate compiler generated dependencies of target cartographer.mapping.internal.trajectory_connectivity_state_test[0m
[1.900s] [ 86%] Built target cartographer.mapping.internal.constraints.constraint_builder_3d_test
[1.912s] [ 87%] Built target cartographer.mapping.internal.optimization.cost_functions.spa_cost_function_2d_test
[1.913s] [35m[1mConsolidate compiler generated dependencies of target cartographer.mapping.map_builder_test[0m
[1.917s] [35m[1mConsolidate compiler generated dependencies of target cartographer.mapping.pose_extrapolator_test[0m
[1.919s] [ 87%] Built target cartographer.mapping.internal.optimization.cost_functions.landmark_cost_function_3d_test
[1.920s] [35m[1mConsolidate compiler generated dependencies of target cartographer.mapping.pose_graph_test[0m
[1.942s] [35m[1mConsolidate compiler generated dependencies of target cartographer.mapping.pose_graph_trimmer_test[0m
[1.944s] [35m[1mConsolidate compiler generated dependencies of target cartographer.mapping.probability_values_test[0m
[1.947s] [ 87%] Built target cartographer.mapping.internal.optimization.optimization_problem_3d_test
[1.951s] [ 87%] Built target cartographer.mapping.internal.trajectory_connectivity_state_test
[1.954s] [ 88%] Built target cartographer.mapping.internal.range_data_collator_test
[1.968s] [35m[1mConsolidate compiler generated dependencies of target cartographer.mapping.submaps_test[0m
[1.968s] [ 89%] Built target cartographer.mapping.map_builder_test
[1.968s] [35m[1mConsolidate compiler generated dependencies of target cartographer.mapping.trajectory_node_test[0m
[1.972s] [35m[1mConsolidate compiler generated dependencies of target cartographer.mapping.value_conversion_tables_test[0m
[1.983s] [ 89%] Built target cartographer.mapping.pose_extrapolator_test
[1.983s] [ 90%] Built target cartographer.mapping.pose_graph_test
[1.984s] [ 90%] Built target cartographer.mapping.pose_graph_trimmer_test
[1.992s] [ 91%] Built target cartographer.mapping.probability_values_test
[1.994s] [35m[1mConsolidate compiler generated dependencies of target cartographer.sensor.compressed_point_cloud_test[0m
[2.003s] [35m[1mConsolidate compiler generated dependencies of target cartographer.sensor.internal.ordered_multi_queue_test[0m
[2.003s] [35m[1mConsolidate compiler generated dependencies of target cartographer.sensor.internal.collator_test[0m
[2.009s] [35m[1mConsolidate compiler generated dependencies of target cartographer.sensor.internal.trajectory_collator_test[0m
[2.010s] [ 91%] Built target cartographer.mapping.value_conversion_tables_test
[2.011s] [35m[1mConsolidate compiler generated dependencies of target cartographer.sensor.internal.voxel_filter_test[0m
[2.018s] [ 92%] Built target cartographer.mapping.trajectory_node_test
[2.024s] [ 92%] Built target cartographer.mapping.submaps_test
[2.030s] [35m[1mConsolidate compiler generated dependencies of target cartographer.sensor.landmark_data_test[0m
[2.034s] [35m[1mConsolidate compiler generated dependencies of target cartographer.sensor.map_by_time_test[0m
[2.046s] [35m[1mConsolidate compiler generated dependencies of target cartographer.sensor.point_cloud_test[0m
[2.047s] [ 93%] Built target cartographer.sensor.internal.ordered_multi_queue_test
[2.055s] [ 93%] Built target cartographer.sensor.internal.voxel_filter_test
[2.058s] [ 94%] Built target cartographer.sensor.compressed_point_cloud_test
[2.064s] [ 95%] Built target cartographer.sensor.internal.trajectory_collator_test
[2.067s] [35m[1mConsolidate compiler generated dependencies of target cartographer.sensor.range_data_test[0m
[2.070s] [ 95%] Built target cartographer.sensor.internal.collator_test
[2.072s] [ 95%] Built target cartographer.sensor.map_by_time_test
[2.077s] [35m[1mConsolidate compiler generated dependencies of target cartographer.transform.rigid_transform_test[0m
[2.078s] [ 96%] Built target cartographer.sensor.landmark_data_test
[2.079s] [35m[1mConsolidate compiler generated dependencies of target cartographer.transform.transform_interpolation_buffer_test[0m
[2.085s] [35m[1mConsolidate compiler generated dependencies of target cartographer.transform.transform_test[0m
[2.091s] [35m[1mConsolidate compiler generated dependencies of target cartographer.transform.timestamped_transform_test[0m
[2.102s] [ 97%] Built target cartographer.sensor.point_cloud_test
[2.102s] [ 97%] Built target cartographer.sensor.range_data_test
[2.114s] [100%] Built target cartographer.transform.transform_interpolation_buffer_test
[2.115s] [100%] Built target cartographer.transform.rigid_transform_test
[2.122s] [100%] Built target cartographer.transform.transform_test
[2.127s] [100%] Built target cartographer.transform.timestamped_transform_test
[2.142s] Invoked command in '/home/ngoc/Workspace/Graduation_Project/build/cartographer' returned '0': CMAKE_PREFIX_PATH=${CMAKE_PREFIX_PATH}:/home/ngoc/Workspace/Graduation_Project/install/teleop_twist_keyboard:/opt/ros/humble /usr/bin/cmake --build /home/ngoc/Workspace/Graduation_Project/build/cartographer -- -j8 -l8
[3.078s] Invoking command in '/home/ngoc/Workspace/Graduation_Project/build/cartographer': CMAKE_PREFIX_PATH=${CMAKE_PREFIX_PATH}:/home/ngoc/Workspace/Graduation_Project/install/teleop_twist_keyboard:/opt/ros/humble /usr/bin/cmake --install /home/ngoc/Workspace/Graduation_Project/build/cartographer
[3.087s] -- Install configuration: "Release"
[3.087s] -- Up-to-date: /home/ngoc/Workspace/Graduation_Project/install/cartographer/share/cartographer/package.xml
[3.088s] -- Up-to-date: /home/ngoc/Workspace/Graduation_Project/install/cartographer/share/cartographer//configuration_files
[3.088s] -- Up-to-date: /home/ngoc/Workspace/Graduation_Project/install/cartographer/share/cartographer//configuration_files/map_builder_server.lua
[3.088s] -- Up-to-date: /home/ngoc/Workspace/Graduation_Project/install/cartographer/share/cartographer//configuration_files/pose_graph.lua
[3.088s] -- Up-to-date: /home/ngoc/Workspace/Graduation_Project/install/cartographer/share/cartographer//configuration_files/trajectory_builder_2d.lua
[3.088s] -- Up-to-date: /home/ngoc/Workspace/Graduation_Project/install/cartographer/share/cartographer//configuration_files/trajectory_builder_3d.lua
[3.088s] -- Up-to-date: /home/ngoc/Workspace/Graduation_Project/install/cartographer/share/cartographer//configuration_files/map_builder.lua
[3.088s] -- Up-to-date: /home/ngoc/Workspace/Graduation_Project/install/cartographer/share/cartographer//configuration_files/trajectory_builder.lua
[3.089s] -- Up-to-date: /home/ngoc/Workspace/Graduation_Project/install/cartographer/share/cartographer//cmake
[3.089s] -- Up-to-date: /home/ngoc/Workspace/Graduation_Project/install/cartographer/share/cartographer//cmake/functions.cmake
[3.089s] -- Up-to-date: /home/ngoc/Workspace/Graduation_Project/install/cartographer/share/cartographer//cmake/modules
[3.089s] -- Up-to-date: /home/ngoc/Workspace/Graduation_Project/install/cartographer/share/cartographer//cmake/modules/FindEigen3.cmake
[3.089s] -- Up-to-date: /home/ngoc/Workspace/Graduation_Project/install/cartographer/share/cartographer//cmake/modules/FindSphinx.cmake
[3.089s] -- Up-to-date: /home/ngoc/Workspace/Graduation_Project/install/cartographer/share/cartographer//cmake/modules/FindLuaGoogle.cmake
[3.089s] -- Up-to-date: /home/ngoc/Workspace/Graduation_Project/install/cartographer/share/cartographer//cmake/modules/FindGMock.cmake
[3.089s] -- Up-to-date: /home/ngoc/Workspace/Graduation_Project/install/cartographer/bin/cartographer_autogenerate_ground_truth
[3.090s] -- Up-to-date: /home/ngoc/Workspace/Graduation_Project/install/cartographer/bin/cartographer_compute_relations_metrics
[3.090s] -- Up-to-date: /home/ngoc/Workspace/Graduation_Project/install/cartographer/bin/cartographer_pbstream
[3.090s] -- Up-to-date: /home/ngoc/Workspace/Graduation_Project/install/cartographer/bin/cartographer_print_configuration
[3.090s] -- Up-to-date: /home/ngoc/Workspace/Graduation_Project/install/cartographer/lib/libcartographer.a
[3.090s] -- Up-to-date: /home/ngoc/Workspace/Graduation_Project/install/cartographer/include/cartographer/common/configuration_file_resolver.h
[3.090s] -- Up-to-date: /home/ngoc/Workspace/Graduation_Project/install/cartographer/include/cartographer/common/fixed_ratio_sampler.h
[3.090s] -- Up-to-date: /home/ngoc/Workspace/Graduation_Project/install/cartographer/include/cartographer/common/histogram.h
[3.090s] -- Up-to-date: /home/ngoc/Workspace/Graduation_Project/install/cartographer/include/cartographer/common/lua.h
[3.091s] -- Up-to-date: /home/ngoc/Workspace/Graduation_Project/install/cartographer/include/cartographer/common/lua_parameter_dictionary.h
[3.091s] -- Up-to-date: /home/ngoc/Workspace/Graduation_Project/install/cartographer/include/cartographer/common/math.h
[3.091s] -- Up-to-date: /home/ngoc/Workspace/Graduation_Project/install/cartographer/include/cartographer/common/port.h
[3.091s] -- Up-to-date: /home/ngoc/Workspace/Graduation_Project/install/cartographer/include/cartographer/common/task.h
[3.091s] -- Up-to-date: /home/ngoc/Workspace/Graduation_Project/install/cartographer/include/cartographer/common/thread_pool.h
[3.092s] -- Up-to-date: /home/ngoc/Workspace/Graduation_Project/install/cartographer/include/cartographer/common/time.h
[3.092s] -- Up-to-date: /home/ngoc/Workspace/Graduation_Project/install/cartographer/include/cartographer/ground_truth/autogenerate_ground_truth.h
[3.092s] -- Up-to-date: /home/ngoc/Workspace/Graduation_Project/install/cartographer/include/cartographer/ground_truth/relations_text_file.h
[3.092s] -- Up-to-date: /home/ngoc/Workspace/Graduation_Project/install/cartographer/include/cartographer/io/color.h
[3.092s] -- Up-to-date: /home/ngoc/Workspace/Graduation_Project/install/cartographer/include/cartographer/io/coloring_points_processor.h
[3.092s] -- Up-to-date: /home/ngoc/Workspace/Graduation_Project/install/cartographer/include/cartographer/io/counting_points_processor.h
[3.092s] -- Up-to-date: /home/ngoc/Workspace/Graduation_Project/install/cartographer/include/cartographer/io/draw_trajectories.h
[3.093s] -- Up-to-date: /home/ngoc/Workspace/Graduation_Project/install/cartographer/include/cartographer/io/file_writer.h
[3.093s] -- Up-to-date: /home/ngoc/Workspace/Graduation_Project/install/cartographer/include/cartographer/io/fixed_ratio_sampling_points_processor.h
[3.093s] -- Up-to-date: /home/ngoc/Workspace/Graduation_Project/install/cartographer/include/cartographer/io/frame_id_filtering_points_processor.h
[3.093s] -- Up-to-date: /home/ngoc/Workspace/Graduation_Project/install/cartographer/include/cartographer/io/hybrid_grid_points_processor.h
[3.093s] -- Up-to-date: /home/ngoc/Workspace/Graduation_Project/install/cartographer/include/cartographer/io/image.h
[3.093s] -- Up-to-date: /home/ngoc/Workspace/Graduation_Project/install/cartographer/include/cartographer/io/intensity_to_color_points_processor.h
[3.093s] -- Up-to-date: /home/ngoc/Workspace/Graduation_Project/install/cartographer/include/cartographer/io/min_max_range_filtering_points_processor.h
[3.094s] -- Up-to-date: /home/ngoc/Workspace/Graduation_Project/install/cartographer/include/cartographer/io/null_points_processor.h
[3.094s] -- Up-to-date: /home/ngoc/Workspace/Graduation_Project/install/cartographer/include/cartographer/io/outlier_removing_points_processor.h
[3.094s] -- Up-to-date: /home/ngoc/Workspace/Graduation_Project/install/cartographer/include/cartographer/io/pcd_writing_points_processor.h
[3.094s] -- Up-to-date: /home/ngoc/Workspace/Graduation_Project/install/cartographer/include/cartographer/io/ply_writing_points_processor.h
[3.094s] -- Up-to-date: /home/ngoc/Workspace/Graduation_Project/install/cartographer/include/cartographer/io/points_batch.h
[3.094s] -- Up-to-date: /home/ngoc/Workspace/Graduation_Project/install/cartographer/include/cartographer/io/points_processor.h
[3.094s] -- Up-to-date: /home/ngoc/Workspace/Graduation_Project/install/cartographer/include/cartographer/io/points_processor_pipeline_builder.h
[3.095s] -- Up-to-date: /home/ngoc/Workspace/Graduation_Project/install/cartographer/include/cartographer/io/probability_grid_points_processor.h
[3.095s] -- Up-to-date: /home/ngoc/Workspace/Graduation_Project/install/cartographer/include/cartographer/io/proto_stream.h
[3.095s] -- Up-to-date: /home/ngoc/Workspace/Graduation_Project/install/cartographer/include/cartographer/io/proto_stream_deserializer.h
[3.095s] -- Up-to-date: /home/ngoc/Workspace/Graduation_Project/install/cartographer/include/cartographer/io/proto_stream_interface.h
[3.095s] -- Up-to-date: /home/ngoc/Workspace/Graduation_Project/install/cartographer/include/cartographer/io/serialization_format_migration.h
[3.095s] -- Up-to-date: /home/ngoc/Workspace/Graduation_Project/install/cartographer/include/cartographer/io/submap_painter.h
[3.096s] -- Up-to-date: /home/ngoc/Workspace/Graduation_Project/install/cartographer/include/cartographer/io/vertical_range_filtering_points_processor.h
[3.096s] -- Up-to-date: /home/ngoc/Workspace/Graduation_Project/install/cartographer/include/cartographer/io/xray_points_processor.h
[3.096s] -- Up-to-date: /home/ngoc/Workspace/Graduation_Project/install/cartographer/include/cartographer/io/xyz_writing_points_processor.h
[3.096s] -- Up-to-date: /home/ngoc/Workspace/Graduation_Project/install/cartographer/include/cartographer/mapping/2d/grid_2d.h
[3.096s] -- Up-to-date: /home/ngoc/Workspace/Graduation_Project/install/cartographer/include/cartographer/mapping/2d/map_limits.h
[3.097s] -- Up-to-date: /home/ngoc/Workspace/Graduation_Project/install/cartographer/include/cartographer/mapping/2d/probability_grid.h
[3.097s] -- Up-to-date: /home/ngoc/Workspace/Graduation_Project/install/cartographer/include/cartographer/mapping/2d/probability_grid_range_data_inserter_2d.h
[3.097s] -- Up-to-date: /home/ngoc/Workspace/Graduation_Project/install/cartographer/include/cartographer/mapping/2d/submap_2d.h
[3.097s] -- Up-to-date: /home/ngoc/Workspace/Graduation_Project/install/cartographer/include/cartographer/mapping/2d/xy_index.h
[3.097s] -- Up-to-date: /home/ngoc/Workspace/Graduation_Project/install/cartographer/include/cartographer/mapping/3d/hybrid_grid.h
[3.097s] -- Up-to-date: /home/ngoc/Workspace/Graduation_Project/install/cartographer/include/cartographer/mapping/3d/range_data_inserter_3d.h
[3.097s] -- Up-to-date: /home/ngoc/Workspace/Graduation_Project/install/cartographer/include/cartographer/mapping/3d/submap_3d.h
[3.097s] -- Up-to-date: /home/ngoc/Workspace/Graduation_Project/install/cartographer/include/cartographer/mapping/detect_floors.h
[3.097s] -- Up-to-date: /home/ngoc/Workspace/Graduation_Project/install/cartographer/include/cartographer/mapping/grid_interface.h
[3.098s] -- Up-to-date: /home/ngoc/Workspace/Graduation_Project/install/cartographer/include/cartographer/mapping/id.h
[3.098s] -- Up-to-date: /home/ngoc/Workspace/Graduation_Project/install/cartographer/include/cartographer/mapping/imu_tracker.h
[3.098s] -- Up-to-date: /home/ngoc/Workspace/Graduation_Project/install/cartographer/include/cartographer/mapping/map_builder.h
[3.098s] -- Up-to-date: /home/ngoc/Workspace/Graduation_Project/install/cartographer/include/cartographer/mapping/map_builder_interface.h
[3.098s] -- Up-to-date: /home/ngoc/Workspace/Graduation_Project/install/cartographer/include/cartographer/mapping/pose_extrapolator.h
[3.098s] -- Up-to-date: /home/ngoc/Workspace/Graduation_Project/install/cartographer/include/cartographer/mapping/pose_extrapolator_interface.h
[3.098s] -- Up-to-date: /home/ngoc/Workspace/Graduation_Project/install/cartographer/include/cartographer/mapping/pose_graph.h
[3.098s] -- Up-to-date: /home/ngoc/Workspace/Graduation_Project/install/cartographer/include/cartographer/mapping/pose_graph_interface.h
[3.098s] -- Up-to-date: /home/ngoc/Workspace/Graduation_Project/install/cartographer/include/cartographer/mapping/pose_graph_trimmer.h
[3.098s] -- Up-to-date: /home/ngoc/Workspace/Graduation_Project/install/cartographer/include/cartographer/mapping/probability_values.h
[3.099s] -- Up-to-date: /home/ngoc/Workspace/Graduation_Project/install/cartographer/include/cartographer/mapping/range_data_inserter_interface.h
[3.099s] -- Up-to-date: /home/ngoc/Workspace/Graduation_Project/install/cartographer/include/cartographer/mapping/submaps.h
[3.099s] -- Up-to-date: /home/ngoc/Workspace/Graduation_Project/install/cartographer/include/cartographer/mapping/trajectory_builder_interface.h
[3.099s] -- Up-to-date: /home/ngoc/Workspace/Graduation_Project/install/cartographer/include/cartographer/mapping/trajectory_node.h
[3.099s] -- Up-to-date: /home/ngoc/Workspace/Graduation_Project/install/cartographer/include/cartographer/mapping/value_conversion_tables.h
[3.099s] -- Up-to-date: /home/ngoc/Workspace/Graduation_Project/install/cartographer/include/cartographer/metrics/counter.h
[3.099s] -- Up-to-date: /home/ngoc/Workspace/Graduation_Project/install/cartographer/include/cartographer/metrics/family_factory.h
[3.100s] -- Up-to-date: /home/ngoc/Workspace/Graduation_Project/install/cartographer/include/cartographer/metrics/gauge.h
[3.100s] -- Up-to-date: /home/ngoc/Workspace/Graduation_Project/install/cartographer/include/cartographer/metrics/histogram.h
[3.100s] -- Up-to-date: /home/ngoc/Workspace/Graduation_Project/install/cartographer/include/cartographer/metrics/register.h
[3.100s] -- Up-to-date: /home/ngoc/Workspace/Graduation_Project/install/cartographer/include/cartographer/sensor/collator_interface.h
[3.100s] -- Up-to-date: /home/ngoc/Workspace/Graduation_Project/install/cartographer/include/cartographer/sensor/compressed_point_cloud.h
[3.100s] -- Up-to-date: /home/ngoc/Workspace/Graduation_Project/install/cartographer/include/cartographer/sensor/data.h
[3.100s] -- Up-to-date: /home/ngoc/Workspace/Graduation_Project/install/cartographer/include/cartographer/sensor/fixed_frame_pose_data.h
[3.100s] -- Up-to-date: /home/ngoc/Workspace/Graduation_Project/install/cartographer/include/cartographer/sensor/imu_data.h
[3.100s] -- Up-to-date: /home/ngoc/Workspace/Graduation_Project/install/cartographer/include/cartographer/sensor/landmark_data.h
[3.100s] -- Up-to-date: /home/ngoc/Workspace/Graduation_Project/install/cartographer/include/cartographer/sensor/map_by_time.h
[3.100s] -- Up-to-date: /home/ngoc/Workspace/Graduation_Project/install/cartographer/include/cartographer/sensor/odometry_data.h
[3.101s] -- Up-to-date: /home/ngoc/Workspace/Graduation_Project/install/cartographer/include/cartographer/sensor/point_cloud.h
[3.101s] -- Up-to-date: /home/ngoc/Workspace/Graduation_Project/install/cartographer/include/cartographer/sensor/range_data.h
[3.101s] -- Up-to-date: /home/ngoc/Workspace/Graduation_Project/install/cartographer/include/cartographer/sensor/rangefinder_point.h
[3.101s] -- Up-to-date: /home/ngoc/Workspace/Graduation_Project/install/cartographer/include/cartographer/sensor/timed_point_cloud_data.h
[3.101s] -- Up-to-date: /home/ngoc/Workspace/Graduation_Project/install/cartographer/include/cartographer/transform/rigid_transform.h
[3.101s] -- Up-to-date: /home/ngoc/Workspace/Graduation_Project/install/cartographer/include/cartographer/transform/timestamped_transform.h
[3.101s] -- Up-to-date: /home/ngoc/Workspace/Graduation_Project/install/cartographer/include/cartographer/transform/transform.h
[3.101s] -- Up-to-date: /home/ngoc/Workspace/Graduation_Project/install/cartographer/include/cartographer/transform/transform_interpolation_buffer.h
[3.101s] -- Up-to-date: /home/ngoc/Workspace/Graduation_Project/install/cartographer/include/cartographer/io/fake_file_writer.h
[3.101s] -- Up-to-date: /home/ngoc/Workspace/Graduation_Project/install/cartographer/include/cartographer/transform/rigid_transform_test_helpers.h
[3.102s] -- Up-to-date: /home/ngoc/Workspace/Graduation_Project/install/cartographer/include/cartographer/common/proto/ceres_solver_options.pb.h
[3.102s] -- Up-to-date: /home/ngoc/Workspace/Graduation_Project/install/cartographer/include/cartographer/ground_truth/proto/relations.pb.h
[3.102s] -- Up-to-date: /home/ngoc/Workspace/Graduation_Project/install/cartographer/include/cartographer/mapping/proto/cell_limits_2d.pb.h
[3.102s] -- Up-to-date: /home/ngoc/Workspace/Graduation_Project/install/cartographer/include/cartographer/mapping/proto/connected_components.pb.h
[3.102s] -- Up-to-date: /home/ngoc/Workspace/Graduation_Project/install/cartographer/include/cartographer/mapping/proto/grid_2d.pb.h
[3.102s] -- Up-to-date: /home/ngoc/Workspace/Graduation_Project/install/cartographer/include/cartographer/mapping/proto/grid_2d_options.pb.h
[3.102s] -- Up-to-date: /home/ngoc/Workspace/Graduation_Project/install/cartographer/include/cartographer/mapping/proto/hybrid_grid.pb.h
[3.102s] -- Up-to-date: /home/ngoc/Workspace/Graduation_Project/install/cartographer/include/cartographer/mapping/proto/local_trajectory_builder_options_2d.pb.h
[3.103s] -- Up-to-date: /home/ngoc/Workspace/Graduation_Project/install/cartographer/include/cartographer/mapping/proto/local_trajectory_builder_options_3d.pb.h
[3.103s] -- Up-to-date: /home/ngoc/Workspace/Graduation_Project/install/cartographer/include/cartographer/mapping/proto/map_builder_options.pb.h
[3.103s] -- Up-to-date: /home/ngoc/Workspace/Graduation_Project/install/cartographer/include/cartographer/mapping/proto/map_limits.pb.h
[3.103s] -- Up-to-date: /home/ngoc/Workspace/Graduation_Project/install/cartographer/include/cartographer/mapping/proto/motion_filter_options.pb.h
[3.103s] -- Up-to-date: /home/ngoc/Workspace/Graduation_Project/install/cartographer/include/cartographer/mapping/proto/normal_estimation_options_2d.pb.h
[3.103s] -- Up-to-date: /home/ngoc/Workspace/Graduation_Project/install/cartographer/include/cartographer/mapping/proto/pose_extrapolator_options.pb.h
[3.103s] -- Up-to-date: /home/ngoc/Workspace/Graduation_Project/install/cartographer/include/cartographer/mapping/proto/pose_graph.pb.h
[3.103s] -- Up-to-date: /home/ngoc/Workspace/Graduation_Project/install/cartographer/include/cartographer/mapping/proto/pose_graph/constraint_builder_options.pb.h
[3.103s] -- Up-to-date: /home/ngoc/Workspace/Graduation_Project/install/cartographer/include/cartographer/mapping/proto/pose_graph/optimization_problem_options.pb.h
[3.104s] -- Up-to-date: /home/ngoc/Workspace/Graduation_Project/install/cartographer/include/cartographer/mapping/proto/pose_graph_options.pb.h
[3.104s] -- Up-to-date: /home/ngoc/Workspace/Graduation_Project/install/cartographer/include/cartographer/mapping/proto/probability_grid.pb.h
[3.104s] -- Up-to-date: /home/ngoc/Workspace/Graduation_Project/install/cartographer/include/cartographer/mapping/proto/probability_grid_range_data_inserter_options_2d.pb.h
[3.105s] -- Up-to-date: /home/ngoc/Workspace/Graduation_Project/install/cartographer/include/cartographer/mapping/proto/range_data_inserter_options.pb.h
[3.105s] -- Up-to-date: /home/ngoc/Workspace/Graduation_Project/install/cartographer/include/cartographer/mapping/proto/range_data_inserter_options_3d.pb.h
[3.106s] -- Up-to-date: /home/ngoc/Workspace/Graduation_Project/install/cartographer/include/cartographer/mapping/proto/scan_matching/ceres_scan_matcher_options_2d.pb.h
[3.107s] -- Up-to-date: /home/ngoc/Workspace/Graduation_Project/install/cartographer/include/cartographer/mapping/proto/scan_matching/ceres_scan_matcher_options_3d.pb.h
[3.107s] -- Up-to-date: /home/ngoc/Workspace/Graduation_Project/install/cartographer/include/cartographer/mapping/proto/scan_matching/fast_correlative_scan_matcher_options_2d.pb.h
[3.107s] -- Up-to-date: /home/ngoc/Workspace/Graduation_Project/install/cartographer/include/cartographer/mapping/proto/scan_matching/fast_correlative_scan_matcher_options_3d.pb.h
[3.107s] -- Up-to-date: /home/ngoc/Workspace/Graduation_Project/install/cartographer/include/cartographer/mapping/proto/scan_matching/real_time_correlative_scan_matcher_options.pb.h
[3.107s] -- Up-to-date: /home/ngoc/Workspace/Graduation_Project/install/cartographer/include/cartographer/mapping/proto/serialization.pb.h
[3.107s] -- Up-to-date: /home/ngoc/Workspace/Graduation_Project/install/cartographer/include/cartographer/mapping/proto/submap.pb.h
[3.107s] -- Up-to-date: /home/ngoc/Workspace/Graduation_Project/install/cartographer/include/cartographer/mapping/proto/submap_visualization.pb.h
[3.107s] -- Up-to-date: /home/ngoc/Workspace/Graduation_Project/install/cartographer/include/cartographer/mapping/proto/submaps_options_2d.pb.h
[3.107s] -- Up-to-date: /home/ngoc/Workspace/Graduation_Project/install/cartographer/include/cartographer/mapping/proto/submaps_options_3d.pb.h
[3.107s] -- Up-to-date: /home/ngoc/Workspace/Graduation_Project/install/cartographer/include/cartographer/mapping/proto/trajectory.pb.h
[3.107s] -- Up-to-date: /home/ngoc/Workspace/Graduation_Project/install/cartographer/include/cartographer/mapping/proto/trajectory_builder_options.pb.h
[3.107s] -- Up-to-date: /home/ngoc/Workspace/Graduation_Project/install/cartographer/include/cartographer/mapping/proto/trajectory_node_data.pb.h
[3.107s] -- Up-to-date: /home/ngoc/Workspace/Graduation_Project/install/cartographer/include/cartographer/mapping/proto/tsdf_2d.pb.h
[3.107s] -- Up-to-date: /home/ngoc/Workspace/Graduation_Project/install/cartographer/include/cartographer/mapping/proto/tsdf_range_data_inserter_options_2d.pb.h
[3.108s] -- Up-to-date: /home/ngoc/Workspace/Graduation_Project/install/cartographer/include/cartographer/sensor/proto/adaptive_voxel_filter_options.pb.h
[3.108s] -- Up-to-date: /home/ngoc/Workspace/Graduation_Project/install/cartographer/include/cartographer/sensor/proto/sensor.pb.h
[3.108s] -- Up-to-date: /home/ngoc/Workspace/Graduation_Project/install/cartographer/include/cartographer/transform/proto/timestamped_transform.pb.h
[3.108s] -- Up-to-date: /home/ngoc/Workspace/Graduation_Project/install/cartographer/include/cartographer/transform/proto/transform.pb.h
[3.108s] -- Up-to-date: /home/ngoc/Workspace/Graduation_Project/install/cartographer/share/cartographer/cmake/CartographerTargets.cmake
[3.108s] -- Up-to-date: /home/ngoc/Workspace/Graduation_Project/install/cartographer/share/cartographer/cmake/CartographerTargets-release.cmake
[3.108s] -- Up-to-date: /home/ngoc/Workspace/Graduation_Project/install/cartographer/share/cartographer/cartographer-config.cmake
[3.108s] Invoked command in '/home/ngoc/Workspace/Graduation_Project/build/cartographer' returned '0': CMAKE_PREFIX_PATH=${CMAKE_PREFIX_PATH}:/home/ngoc/Workspace/Graduation_Project/install/teleop_twist_keyboard:/opt/ros/humble /usr/bin/cmake --install /home/ngoc/Workspace/Graduation_Project/build/cartographer
