[0.042s] Invoking command in '/home/ngoc/Workspace/Graduation_Project/build/dashgo_driver_ros2': CMAKE_PREFIX_PATH=${CMAKE_PREFIX_PATH}:/home/ngoc/Workspace/Graduation_Project/install/teleop_twist_keyboard:/opt/ros/humble /usr/bin/cmake /home/ngoc/Workspace/Graduation_Project/src/dashgo_driver_ros2 -DCMAKE_INSTALL_PREFIX=/home/ngoc/Workspace/Graduation_Project/install/dashgo_driver_ros2
[0.198s] -- The C compiler identification is GNU 11.4.0
[0.374s] -- The CXX compiler identification is GNU 11.4.0
[0.390s] -- Detecting C compiler ABI info
[0.531s] -- Detecting C compiler ABI info - done
[0.548s] -- Check for working C compiler: /usr/bin/cc - skipped
[0.549s] -- Detecting C compile features
[0.552s] -- Detecting C compile features - done
[0.556s] -- Detecting CXX compiler ABI info
[0.736s] -- Detecting CXX compiler ABI info - done
[0.766s] -- Check for working CXX compiler: /usr/bin/c++ - skipped
[0.767s] -- Detecting CXX compile features
[0.768s] -- Detecting CXX compile features - done
[0.779s] -- Found ament_cmake: 1.3.10 (/opt/ros/humble/share/ament_cmake/cmake)
[1.068s] -- Found Python3: /usr/bin/python3 (found version "3.10.12") found components: Interpreter 
[1.253s] -- Found rclpy: 3.3.14 (/opt/ros/humble/share/rclpy/cmake)
[1.256s] -- Found geometry_msgs: 4.2.4 (/opt/ros/humble/share/geometry_msgs/cmake)
[1.349s] -- Found rosidl_generator_c: 3.1.5 (/opt/ros/humble/share/rosidl_generator_c/cmake)
[1.362s] -- Found rosidl_adapter: 3.1.5 (/opt/ros/humble/share/rosidl_adapter/cmake)
[1.381s] -- Found rosidl_generator_cpp: 3.1.5 (/opt/ros/humble/share/rosidl_generator_cpp/cmake)
[1.419s] -- Using all available rosidl_typesupport_c: rosidl_typesupport_fastrtps_c;rosidl_typesupport_introspection_c
[1.470s] -- Using all available rosidl_typesupport_cpp: rosidl_typesupport_fastrtps_cpp;rosidl_typesupport_introspection_cpp
[1.559s] -- Found nav_msgs: 4.2.4 (/opt/ros/humble/share/nav_msgs/cmake)
[1.595s] -- Found sensor_msgs: 4.2.4 (/opt/ros/humble/share/sensor_msgs/cmake)
[1.635s] -- Found ament_lint_auto: 0.12.11 (/opt/ros/humble/share/ament_lint_auto/cmake)
[1.783s] -- Added test 'flake8' to check Python code syntax and style conventions
[1.785s] -- Added test 'lint_cmake' to check CMake code style
[1.788s] -- Added test 'pep257' to check Python code against some of the docstring style conventions in PEP 257
[1.790s] -- Added test 'xmllint' to check XML markup files
[1.793s] -- Configuring done
[1.800s] -- Generating done
[1.803s] -- Build files have been written to: /home/ngoc/Workspace/Graduation_Project/build/dashgo_driver_ros2
[1.814s] Invoked command in '/home/ngoc/Workspace/Graduation_Project/build/dashgo_driver_ros2' returned '0': CMAKE_PREFIX_PATH=${CMAKE_PREFIX_PATH}:/home/ngoc/Workspace/Graduation_Project/install/teleop_twist_keyboard:/opt/ros/humble /usr/bin/cmake /home/ngoc/Workspace/Graduation_Project/src/dashgo_driver_ros2 -DCMAKE_INSTALL_PREFIX=/home/ngoc/Workspace/Graduation_Project/install/dashgo_driver_ros2
[1.819s] Invoking command in '/home/ngoc/Workspace/Graduation_Project/build/dashgo_driver_ros2': CMAKE_PREFIX_PATH=${CMAKE_PREFIX_PATH}:/home/ngoc/Workspace/Graduation_Project/install/teleop_twist_keyboard:/opt/ros/humble /usr/bin/cmake --build /home/ngoc/Workspace/Graduation_Project/build/dashgo_driver_ros2 -- -j8 -l8
[2.132s] Invoked command in '/home/ngoc/Workspace/Graduation_Project/build/dashgo_driver_ros2' returned '0': CMAKE_PREFIX_PATH=${CMAKE_PREFIX_PATH}:/home/ngoc/Workspace/Graduation_Project/install/teleop_twist_keyboard:/opt/ros/humble /usr/bin/cmake --build /home/ngoc/Workspace/Graduation_Project/build/dashgo_driver_ros2 -- -j8 -l8
[2.174s] Invoking command in '/home/ngoc/Workspace/Graduation_Project/build/dashgo_driver_ros2': CMAKE_PREFIX_PATH=${CMAKE_PREFIX_PATH}:/home/ngoc/Workspace/Graduation_Project/install/teleop_twist_keyboard:/opt/ros/humble /usr/bin/cmake --install /home/ngoc/Workspace/Graduation_Project/build/dashgo_driver_ros2
[2.595s] -- Install configuration: ""
[2.595s] -- Installing: /home/ngoc/Workspace/Graduation_Project/install/dashgo_driver_ros2/lib/dashgo_driver_ros2/driver.py
[2.595s] -- Installing: /home/ngoc/Workspace/Graduation_Project/install/dashgo_driver_ros2/lib/dashgo_driver_ros2/test_cmd.py
[2.595s] -- Installing: /home/ngoc/Workspace/Graduation_Project/install/dashgo_driver_ros2/share/dashgo_driver_ros2/config
[2.596s] -- Installing: /home/ngoc/Workspace/Graduation_Project/install/dashgo_driver_ros2/share/dashgo_driver_ros2/config/velocity_smoother_params.yaml
[2.596s] -- Installing: /home/ngoc/Workspace/Graduation_Project/install/dashgo_driver_ros2/share/dashgo_driver_ros2/config/my_dashgo_params.yaml
[2.596s] -- Installing: /home/ngoc/Workspace/Graduation_Project/install/dashgo_driver_ros2/share/dashgo_driver_ros2/config/my_dashgo_params_imu.yaml
[2.596s] -- Installing: /home/ngoc/Workspace/Graduation_Project/install/dashgo_driver_ros2/share/dashgo_driver_ros2/config/my_dashgo_params_noSonar.yaml
[2.597s] -- Installing: /home/ngoc/Workspace/Graduation_Project/install/dashgo_driver_ros2/share/dashgo_driver_ros2/launch
[2.598s] -- Installing: /home/ngoc/Workspace/Graduation_Project/install/dashgo_driver_ros2/share/dashgo_driver_ros2/launch/driver_noSonar.launch.py
[2.598s] -- Installing: /home/ngoc/Workspace/Graduation_Project/install/dashgo_driver_ros2/share/dashgo_driver_ros2/launch/serial.launch.py
[2.598s] -- Installing: /home/ngoc/Workspace/Graduation_Project/install/dashgo_driver_ros2/share/dashgo_driver_ros2/launch/driver_ir.launch.py
[2.599s] -- Installing: /home/ngoc/Workspace/Graduation_Project/install/dashgo_driver_ros2/share/dashgo_driver_ros2/launch/driver_imu.launch.py
[2.599s] -- Installing: /home/ngoc/Workspace/Graduation_Project/install/dashgo_driver_ros2/share/dashgo_driver_ros2/launch/driver.launch.py
[2.599s] -- Installing: /home/ngoc/Workspace/Graduation_Project/install/dashgo_driver_ros2/share/ament_index/resource_index/package_run_dependencies/dashgo_driver_ros2
[2.600s] -- Installing: /home/ngoc/Workspace/Graduation_Project/install/dashgo_driver_ros2/share/ament_index/resource_index/parent_prefix_path/dashgo_driver_ros2
[2.600s] -- Installing: /home/ngoc/Workspace/Graduation_Project/install/dashgo_driver_ros2/share/dashgo_driver_ros2/environment/ament_prefix_path.sh
[2.600s] -- Installing: /home/ngoc/Workspace/Graduation_Project/install/dashgo_driver_ros2/share/dashgo_driver_ros2/environment/ament_prefix_path.dsv
[2.600s] -- Installing: /home/ngoc/Workspace/Graduation_Project/install/dashgo_driver_ros2/share/dashgo_driver_ros2/environment/path.sh
[2.600s] -- Installing: /home/ngoc/Workspace/Graduation_Project/install/dashgo_driver_ros2/share/dashgo_driver_ros2/environment/path.dsv
[2.600s] -- Installing: /home/ngoc/Workspace/Graduation_Project/install/dashgo_driver_ros2/share/dashgo_driver_ros2/local_setup.bash
[2.601s] -- Installing: /home/ngoc/Workspace/Graduation_Project/install/dashgo_driver_ros2/share/dashgo_driver_ros2/local_setup.sh
[2.601s] -- Installing: /home/ngoc/Workspace/Graduation_Project/install/dashgo_driver_ros2/share/dashgo_driver_ros2/local_setup.zsh
[2.601s] -- Installing: /home/ngoc/Workspace/Graduation_Project/install/dashgo_driver_ros2/share/dashgo_driver_ros2/local_setup.dsv
[2.601s] -- Installing: /home/ngoc/Workspace/Graduation_Project/install/dashgo_driver_ros2/share/dashgo_driver_ros2/package.dsv
[2.601s] -- Installing: /home/ngoc/Workspace/Graduation_Project/install/dashgo_driver_ros2/share/ament_index/resource_index/packages/dashgo_driver_ros2
[2.601s] -- Installing: /home/ngoc/Workspace/Graduation_Project/install/dashgo_driver_ros2/share/dashgo_driver_ros2/cmake/dashgo_driver_ros2Config.cmake
[2.601s] -- Installing: /home/ngoc/Workspace/Graduation_Project/install/dashgo_driver_ros2/share/dashgo_driver_ros2/cmake/dashgo_driver_ros2Config-version.cmake
[2.601s] -- Installing: /home/ngoc/Workspace/Graduation_Project/install/dashgo_driver_ros2/share/dashgo_driver_ros2/package.xml
[2.608s] Invoked command in '/home/ngoc/Workspace/Graduation_Project/build/dashgo_driver_ros2' returned '0': CMAKE_PREFIX_PATH=${CMAKE_PREFIX_PATH}:/home/ngoc/Workspace/Graduation_Project/install/teleop_twist_keyboard:/opt/ros/humble /usr/bin/cmake --install /home/ngoc/Workspace/Graduation_Project/build/dashgo_driver_ros2
