-- Install configuration: ""
-- Up-to-date: /home/ngoc/Workspace/Graduation_Project/src/install/dashgo_driver_ros2/lib/dashgo_driver_ros2/driver.py
-- Up-to-date: /home/ngoc/Workspace/Graduation_Project/src/install/dashgo_driver_ros2/lib/dashgo_driver_ros2/test_cmd.py
-- Up-to-date: /home/ngoc/Workspace/Graduation_Project/src/install/dashgo_driver_ros2/share/dashgo_driver_ros2/config
-- Up-to-date: /home/ngoc/Workspace/Graduation_Project/src/install/dashgo_driver_ros2/share/dashgo_driver_ros2/config/velocity_smoother_params.yaml
-- Up-to-date: /home/ngoc/Workspace/Graduation_Project/src/install/dashgo_driver_ros2/share/dashgo_driver_ros2/config/my_dashgo_params.yaml
-- Up-to-date: /home/ngoc/Workspace/Graduation_Project/src/install/dashgo_driver_ros2/share/dashgo_driver_ros2/config/my_dashgo_params_imu.yaml
-- Up-to-date: /home/ngoc/Workspace/Graduation_Project/src/install/dashgo_driver_ros2/share/dashgo_driver_ros2/config/my_dashgo_params_noSonar.yaml
-- Up-to-date: /home/ngoc/Workspace/Graduation_Project/src/install/dashgo_driver_ros2/share/dashgo_driver_ros2/launch
-- Up-to-date: /home/ngoc/Workspace/Graduation_Project/src/install/dashgo_driver_ros2/share/dashgo_driver_ros2/launch/driver_noSonar.launch.py
-- Up-to-date: /home/ngoc/Workspace/Graduation_Project/src/install/dashgo_driver_ros2/share/dashgo_driver_ros2/launch/serial.launch.py
-- Up-to-date: /home/ngoc/Workspace/Graduation_Project/src/install/dashgo_driver_ros2/share/dashgo_driver_ros2/launch/driver_ir.launch.py
-- Up-to-date: /home/ngoc/Workspace/Graduation_Project/src/install/dashgo_driver_ros2/share/dashgo_driver_ros2/launch/driver_imu.launch.py
-- Up-to-date: /home/ngoc/Workspace/Graduation_Project/src/install/dashgo_driver_ros2/share/dashgo_driver_ros2/launch/driver.launch.py
-- Up-to-date: /home/ngoc/Workspace/Graduation_Project/src/install/dashgo_driver_ros2/share/ament_index/resource_index/package_run_dependencies/dashgo_driver_ros2
-- Up-to-date: /home/ngoc/Workspace/Graduation_Project/src/install/dashgo_driver_ros2/share/ament_index/resource_index/parent_prefix_path/dashgo_driver_ros2
-- Up-to-date: /home/ngoc/Workspace/Graduation_Project/src/install/dashgo_driver_ros2/share/dashgo_driver_ros2/environment/ament_prefix_path.sh
-- Up-to-date: /home/ngoc/Workspace/Graduation_Project/src/install/dashgo_driver_ros2/share/dashgo_driver_ros2/environment/ament_prefix_path.dsv
-- Up-to-date: /home/ngoc/Workspace/Graduation_Project/src/install/dashgo_driver_ros2/share/dashgo_driver_ros2/environment/path.sh
-- Up-to-date: /home/ngoc/Workspace/Graduation_Project/src/install/dashgo_driver_ros2/share/dashgo_driver_ros2/environment/path.dsv
-- Up-to-date: /home/ngoc/Workspace/Graduation_Project/src/install/dashgo_driver_ros2/share/dashgo_driver_ros2/local_setup.bash
-- Up-to-date: /home/ngoc/Workspace/Graduation_Project/src/install/dashgo_driver_ros2/share/dashgo_driver_ros2/local_setup.sh
-- Up-to-date: /home/ngoc/Workspace/Graduation_Project/src/install/dashgo_driver_ros2/share/dashgo_driver_ros2/local_setup.zsh
-- Up-to-date: /home/ngoc/Workspace/Graduation_Project/src/install/dashgo_driver_ros2/share/dashgo_driver_ros2/local_setup.dsv
-- Installing: /home/ngoc/Workspace/Graduation_Project/src/install/dashgo_driver_ros2/share/dashgo_driver_ros2/package.dsv
-- Up-to-date: /home/ngoc/Workspace/Graduation_Project/src/install/dashgo_driver_ros2/share/ament_index/resource_index/packages/dashgo_driver_ros2
-- Up-to-date: /home/ngoc/Workspace/Graduation_Project/src/install/dashgo_driver_ros2/share/dashgo_driver_ros2/cmake/dashgo_driver_ros2Config.cmake
-- Up-to-date: /home/ngoc/Workspace/Graduation_Project/src/install/dashgo_driver_ros2/share/dashgo_driver_ros2/cmake/dashgo_driver_ros2Config-version.cmake
-- Up-to-date: /home/ngoc/Workspace/Graduation_Project/src/install/dashgo_driver_ros2/share/dashgo_driver_ros2/package.xml
