[0.054s] Invoking command in '/home/ngoc/Workspace/Graduation_Project/build/cartographer': CMAKE_PREFIX_PATH=${CMAKE_PREFIX_PATH}:/home/ngoc/Workspace/Graduation_Project/install/teleop_twist_keyboard:/opt/ros/humble /usr/bin/cmake --build /home/ngoc/Workspace/Graduation_Project/build/cartographer -- -j8 -l8
[0.173s] [  0%] [34m[1mBuilding documentation.[0m
[0.175s] [  1%] Built target gtest
[0.190s] [  1%] Built target cartographer_detect_changes
[0.210s] [  2%] Built target gmock
[0.245s] [  2%] Built target gmock_main
[0.495s] [ 55%] Built target cartographer
[0.552s] [ 56%] Built target cartographer_pbstream
[0.572s] [ 57%] Built target cartographer_autogenerate_ground_truth
[0.587s] [ 57%] Built target cartographer_compute_relations_metrics
[0.611s] [ 57%] Built target cartographer_print_configuration
[0.633s] [ 58%] Built target cartographer_test_library
[0.658s] [ 59%] Built target cartographer.common.fixed_ratio_sampler_test
[0.663s] [ 59%] Built target cartographer.common.configuration_files_test
[0.680s] [ 60%] Built target cartographer.common.internal.rate_timer_test
[0.690s] [ 61%] Built target cartographer.common.math_test
[0.691s] [ 61%] Built target cartographer.common.internal.blocking_queue_test
[0.699s] [ 61%] Built target cartographer.common.lua_parameter_dictionary_test
[0.699s] [ 61%] Built target cartographer.common.task_test
[0.738s] [ 62%] Built target cartographer.common.thread_pool_test
[0.745s] [01mRunning Sphinx v4.3.2[39;49;00m
[0.774s] [ 62%] Built target cartographer.io.fake_file_writer_test
[0.814s] [ 62%] Built target cartographer.io.proto_stream_deserializer_test
[0.814s] [ 63%] Built target cartographer.io.probability_grid_points_processor_test
[0.814s] [ 65%] Built target cartographer.io.internal.in_memory_proto_stream_test
[0.814s] [ 65%] Built target cartographer.io.proto_stream_test
[0.815s] [ 65%] Built target cartographer.io.points_processor_pipeline_builder_test
[0.850s] [ 65%] Built target cartographer.io.serialization_format_migration_test
[0.862s] [ 66%] Built target cartographer.mapping.2d.map_limits_test
[0.880s] [ 66%] Built target cartographer.mapping.2d.probability_grid_test
[0.899s] [ 67%] Built target cartographer.mapping.2d.xy_index_test
[0.899s] [ 67%] Built target cartographer.mapping.3d.hybrid_grid_test
[0.899s] [ 67%] Built target cartographer.mapping.2d.submap_2d_test
[0.910s] [ 68%] Built target cartographer.mapping.2d.range_data_inserter_2d_test
[0.943s] [ 68%] Built target cartographer.mapping.3d.submap_3d_test
[0.946s] [ 69%] Built target cartographer.mapping.3d.range_data_inserter_3d_test
[0.991s] [ 69%] Built target cartographer.mapping.imu_tracker_test
[0.991s] [ 70%] Built target cartographer.mapping.id_test
[0.991s] [ 70%] Built target cartographer.mapping.internal.2d.overlapping_submaps_trimmer_2d_test
[0.995s] [ 71%] Built target cartographer.mapping.internal.2d.normal_estimation_2d_test
[0.998s] [ 72%] Built target cartographer.mapping.internal.2d.pose_graph_2d_test
[1.031s] [ 72%] Built target cartographer.mapping.internal.2d.ray_to_pixel_mask_test
[1.052s] [01mloading pickled environment... [39;49;00mdone
[1.059s] [01mbuilding [mo]: [39;49;00mtargets for 0 po files that are out of date
[1.059s] [ 73%] Built target cartographer.mapping.internal.2d.scan_matching.fast_correlative_scan_matcher_2d_test
[1.060s] [01mbuilding [html]: [39;49;00mtargets for 0 source files that are out of date
[1.060s] [01mupdating environment: [39;49;00m0 added, 0 changed, 0 removed
[1.061s] [01mlooking for now-outdated files... [39;49;00mnone found
[1.062s] [01mno targets are out of date.[39;49;00m
[1.062s] [01mbuild succeeded.[39;49;00m
[1.063s] 
[1.063s] The HTML pages are in html.
[1.064s] [ 74%] Built target cartographer.mapping.internal.2d.scan_matching.ceres_scan_matcher_2d_test
[1.074s] [ 74%] Built target cartographer.mapping.internal.2d.scan_matching.correlative_scan_matcher_test
[1.099s] [ 75%] Built target cartographer.mapping.internal.2d.scan_matching.interpolated_tsdf_2d_test
[1.112s] [ 75%] Built target cartographer.mapping.internal.2d.scan_matching.occupied_space_cost_function_2d_test
[1.123s] [ 76%] Built target cartographer.mapping.internal.2d.scan_matching.real_time_correlative_scan_matcher_2d_test
[1.130s] [ 76%] Built target cartographer.mapping.internal.2d.scan_matching.tsdf_match_cost_function_2d_test
[1.145s] [ 77%] Built target cartographer.mapping.internal.2d.tsd_value_converter_test
[1.202s] [ 77%] Built target cartographer.mapping.internal.2d.tsdf_2d_test
[1.202s] [ 77%] Built target cartographer.mapping.internal.3d.rotation_parameterization_test
[1.205s] [ 78%] Built target cartographer.mapping.internal.2d.tsdf_range_data_inserter_2d_test
[1.242s] [ 79%] Built target cartographer.mapping.internal.3d.pose_graph_3d_test
[1.275s] [ 80%] Built target cartographer.mapping.internal.3d.scan_matching.ceres_scan_matcher_3d_test
[1.278s] [ 80%] Built target build_doc
[1.295s] [ 80%] Built target cartographer.mapping.internal.3d.local_trajectory_builder_3d_test
[1.349s] [ 81%] Built target cartographer.mapping.internal.3d.scan_matching.intensity_cost_function_3d_test
[1.379s] [ 81%] Built target cartographer.mapping.internal.3d.scan_matching.interpolated_grid_test
[1.385s] [ 82%] Built target cartographer.mapping.internal.3d.scan_matching.rotation_delta_cost_functor_3d_test
[1.388s] [ 82%] Built target cartographer.mapping.internal.3d.scan_matching.fast_correlative_scan_matcher_3d_test
[1.413s] [ 83%] Built target cartographer.mapping.internal.3d.scan_matching.precomputation_grid_3d_test
[1.425s] [ 83%] Built target cartographer.mapping.internal.3d.scan_matching.real_time_correlative_scan_matcher_3d_test
[1.435s] [ 84%] Built target cartographer.mapping.internal.3d.scan_matching.rotational_scan_matcher_test
[1.435s] [ 84%] Built target cartographer.mapping.internal.connected_components_test
[1.468s] [ 84%] Built target cartographer.mapping.internal.constraints.constraint_builder_2d_test
[1.476s] [ 85%] Built target cartographer.mapping.internal.optimization.cost_functions.landmark_cost_function_2d_test
[1.488s] [ 85%] Built target cartographer.mapping.internal.motion_filter_test
[1.492s] [ 86%] Built target cartographer.mapping.internal.constraints.constraint_builder_3d_test
[1.510s] [ 86%] Built target cartographer.mapping.internal.optimization.cost_functions.landmark_cost_function_3d_test
[1.517s] [ 87%] Built target cartographer.mapping.internal.optimization.cost_functions.spa_cost_function_2d_test
[1.518s] [ 87%] Built target cartographer.mapping.internal.optimization.optimization_problem_3d_test
[1.533s] [ 88%] Built target cartographer.mapping.internal.range_data_collator_test
[1.553s] [ 88%] Built target cartographer.mapping.internal.trajectory_connectivity_state_test
[1.573s] [ 88%] Built target cartographer.mapping.pose_extrapolator_test
[1.577s] [ 89%] Built target cartographer.mapping.probability_values_test
[1.582s] [ 90%] Built target cartographer.mapping.pose_graph_test
[1.588s] [ 91%] Built target cartographer.mapping.map_builder_test
[1.595s] [ 91%] Built target cartographer.mapping.submaps_test
[1.596s] [ 91%] Built target cartographer.mapping.pose_graph_trimmer_test
[1.613s] [ 91%] Built target cartographer.mapping.value_conversion_tables_test
[1.633s] [ 92%] Built target cartographer.mapping.trajectory_node_test
[1.646s] [ 93%] Built target cartographer.sensor.compressed_point_cloud_test
[1.657s] [ 94%] Built target cartographer.sensor.internal.ordered_multi_queue_test
[1.665s] [ 94%] Built target cartographer.sensor.map_by_time_test
[1.667s] [ 94%] Built target cartographer.sensor.internal.collator_test
[1.670s] [ 95%] Built target cartographer.sensor.landmark_data_test
[1.674s] [ 96%] Built target cartographer.sensor.internal.trajectory_collator_test
[1.676s] [ 96%] Built target cartographer.sensor.internal.voxel_filter_test
[1.704s] [ 97%] Built target cartographer.sensor.point_cloud_test
[1.717s] [ 97%] Built target cartographer.sensor.range_data_test
[1.722s] [ 98%] Built target cartographer.transform.rigid_transform_test
[1.727s] [ 98%] Built target cartographer.transform.timestamped_transform_test
[1.737s] [100%] Built target cartographer.transform.transform_interpolation_buffer_test
[1.743s] [100%] Built target cartographer.transform.transform_test
[1.758s] Invoked command in '/home/ngoc/Workspace/Graduation_Project/build/cartographer' returned '0': CMAKE_PREFIX_PATH=${CMAKE_PREFIX_PATH}:/home/ngoc/Workspace/Graduation_Project/install/teleop_twist_keyboard:/opt/ros/humble /usr/bin/cmake --build /home/ngoc/Workspace/Graduation_Project/build/cartographer -- -j8 -l8
[2.725s] Invoking command in '/home/ngoc/Workspace/Graduation_Project/build/cartographer': CMAKE_PREFIX_PATH=${CMAKE_PREFIX_PATH}:/home/ngoc/Workspace/Graduation_Project/install/teleop_twist_keyboard:/opt/ros/humble /usr/bin/cmake --install /home/ngoc/Workspace/Graduation_Project/build/cartographer
[2.737s] -- Install configuration: "Release"
[2.737s] -- Up-to-date: /home/ngoc/Workspace/Graduation_Project/install/cartographer/share/cartographer/package.xml
[2.738s] -- Up-to-date: /home/ngoc/Workspace/Graduation_Project/install/cartographer/share/cartographer//configuration_files
[2.738s] -- Up-to-date: /home/ngoc/Workspace/Graduation_Project/install/cartographer/share/cartographer//configuration_files/map_builder_server.lua
[2.738s] -- Up-to-date: /home/ngoc/Workspace/Graduation_Project/install/cartographer/share/cartographer//configuration_files/pose_graph.lua
[2.738s] -- Up-to-date: /home/ngoc/Workspace/Graduation_Project/install/cartographer/share/cartographer//configuration_files/trajectory_builder_2d.lua
[2.738s] -- Up-to-date: /home/ngoc/Workspace/Graduation_Project/install/cartographer/share/cartographer//configuration_files/trajectory_builder_3d.lua
[2.738s] -- Up-to-date: /home/ngoc/Workspace/Graduation_Project/install/cartographer/share/cartographer//configuration_files/map_builder.lua
[2.738s] -- Up-to-date: /home/ngoc/Workspace/Graduation_Project/install/cartographer/share/cartographer//configuration_files/trajectory_builder.lua
[2.738s] -- Up-to-date: /home/ngoc/Workspace/Graduation_Project/install/cartographer/share/cartographer//cmake
[2.738s] -- Up-to-date: /home/ngoc/Workspace/Graduation_Project/install/cartographer/share/cartographer//cmake/functions.cmake
[2.739s] -- Up-to-date: /home/ngoc/Workspace/Graduation_Project/install/cartographer/share/cartographer//cmake/modules
[2.739s] -- Up-to-date: /home/ngoc/Workspace/Graduation_Project/install/cartographer/share/cartographer//cmake/modules/FindEigen3.cmake
[2.739s] -- Up-to-date: /home/ngoc/Workspace/Graduation_Project/install/cartographer/share/cartographer//cmake/modules/FindSphinx.cmake
[2.739s] -- Up-to-date: /home/ngoc/Workspace/Graduation_Project/install/cartographer/share/cartographer//cmake/modules/FindLuaGoogle.cmake
[2.739s] -- Up-to-date: /home/ngoc/Workspace/Graduation_Project/install/cartographer/share/cartographer//cmake/modules/FindGMock.cmake
[2.739s] -- Up-to-date: /home/ngoc/Workspace/Graduation_Project/install/cartographer/bin/cartographer_autogenerate_ground_truth
[2.740s] -- Up-to-date: /home/ngoc/Workspace/Graduation_Project/install/cartographer/bin/cartographer_compute_relations_metrics
[2.740s] -- Up-to-date: /home/ngoc/Workspace/Graduation_Project/install/cartographer/bin/cartographer_pbstream
[2.740s] -- Up-to-date: /home/ngoc/Workspace/Graduation_Project/install/cartographer/bin/cartographer_print_configuration
[2.740s] -- Up-to-date: /home/ngoc/Workspace/Graduation_Project/install/cartographer/lib/libcartographer.a
[2.740s] -- Up-to-date: /home/ngoc/Workspace/Graduation_Project/install/cartographer/include/cartographer/common/configuration_file_resolver.h
[2.740s] -- Up-to-date: /home/ngoc/Workspace/Graduation_Project/install/cartographer/include/cartographer/common/fixed_ratio_sampler.h
[2.741s] -- Up-to-date: /home/ngoc/Workspace/Graduation_Project/install/cartographer/include/cartographer/common/histogram.h
[2.741s] -- Up-to-date: /home/ngoc/Workspace/Graduation_Project/install/cartographer/include/cartographer/common/lua.h
[2.741s] -- Up-to-date: /home/ngoc/Workspace/Graduation_Project/install/cartographer/include/cartographer/common/lua_parameter_dictionary.h
[2.741s] -- Up-to-date: /home/ngoc/Workspace/Graduation_Project/install/cartographer/include/cartographer/common/math.h
[2.741s] -- Up-to-date: /home/ngoc/Workspace/Graduation_Project/install/cartographer/include/cartographer/common/port.h
[2.741s] -- Up-to-date: /home/ngoc/Workspace/Graduation_Project/install/cartographer/include/cartographer/common/task.h
[2.742s] -- Up-to-date: /home/ngoc/Workspace/Graduation_Project/install/cartographer/include/cartographer/common/thread_pool.h
[2.742s] -- Up-to-date: /home/ngoc/Workspace/Graduation_Project/install/cartographer/include/cartographer/common/time.h
[2.742s] -- Up-to-date: /home/ngoc/Workspace/Graduation_Project/install/cartographer/include/cartographer/ground_truth/autogenerate_ground_truth.h
[2.742s] -- Up-to-date: /home/ngoc/Workspace/Graduation_Project/install/cartographer/include/cartographer/ground_truth/relations_text_file.h
[2.742s] -- Up-to-date: /home/ngoc/Workspace/Graduation_Project/install/cartographer/include/cartographer/io/color.h
[2.742s] -- Up-to-date: /home/ngoc/Workspace/Graduation_Project/install/cartographer/include/cartographer/io/coloring_points_processor.h
[2.742s] -- Up-to-date: /home/ngoc/Workspace/Graduation_Project/install/cartographer/include/cartographer/io/counting_points_processor.h
[2.742s] -- Up-to-date: /home/ngoc/Workspace/Graduation_Project/install/cartographer/include/cartographer/io/draw_trajectories.h
[2.743s] -- Up-to-date: /home/ngoc/Workspace/Graduation_Project/install/cartographer/include/cartographer/io/file_writer.h
[2.743s] -- Up-to-date: /home/ngoc/Workspace/Graduation_Project/install/cartographer/include/cartographer/io/fixed_ratio_sampling_points_processor.h
[2.743s] -- Up-to-date: /home/ngoc/Workspace/Graduation_Project/install/cartographer/include/cartographer/io/frame_id_filtering_points_processor.h
[2.743s] -- Up-to-date: /home/ngoc/Workspace/Graduation_Project/install/cartographer/include/cartographer/io/hybrid_grid_points_processor.h
[2.743s] -- Up-to-date: /home/ngoc/Workspace/Graduation_Project/install/cartographer/include/cartographer/io/image.h
[2.743s] -- Up-to-date: /home/ngoc/Workspace/Graduation_Project/install/cartographer/include/cartographer/io/intensity_to_color_points_processor.h
[2.744s] -- Up-to-date: /home/ngoc/Workspace/Graduation_Project/install/cartographer/include/cartographer/io/min_max_range_filtering_points_processor.h
[2.744s] -- Up-to-date: /home/ngoc/Workspace/Graduation_Project/install/cartographer/include/cartographer/io/null_points_processor.h
[2.744s] -- Up-to-date: /home/ngoc/Workspace/Graduation_Project/install/cartographer/include/cartographer/io/outlier_removing_points_processor.h
[2.744s] -- Up-to-date: /home/ngoc/Workspace/Graduation_Project/install/cartographer/include/cartographer/io/pcd_writing_points_processor.h
[2.744s] -- Up-to-date: /home/ngoc/Workspace/Graduation_Project/install/cartographer/include/cartographer/io/ply_writing_points_processor.h
[2.745s] -- Up-to-date: /home/ngoc/Workspace/Graduation_Project/install/cartographer/include/cartographer/io/points_batch.h
[2.745s] -- Up-to-date: /home/ngoc/Workspace/Graduation_Project/install/cartographer/include/cartographer/io/points_processor.h
[2.745s] -- Up-to-date: /home/ngoc/Workspace/Graduation_Project/install/cartographer/include/cartographer/io/points_processor_pipeline_builder.h
[2.745s] -- Up-to-date: /home/ngoc/Workspace/Graduation_Project/install/cartographer/include/cartographer/io/probability_grid_points_processor.h
[2.745s] -- Up-to-date: /home/ngoc/Workspace/Graduation_Project/install/cartographer/include/cartographer/io/proto_stream.h
[2.745s] -- Up-to-date: /home/ngoc/Workspace/Graduation_Project/install/cartographer/include/cartographer/io/proto_stream_deserializer.h
[2.745s] -- Up-to-date: /home/ngoc/Workspace/Graduation_Project/install/cartographer/include/cartographer/io/proto_stream_interface.h
[2.746s] -- Up-to-date: /home/ngoc/Workspace/Graduation_Project/install/cartographer/include/cartographer/io/serialization_format_migration.h
[2.746s] -- Up-to-date: /home/ngoc/Workspace/Graduation_Project/install/cartographer/include/cartographer/io/submap_painter.h
[2.746s] -- Up-to-date: /home/ngoc/Workspace/Graduation_Project/install/cartographer/include/cartographer/io/vertical_range_filtering_points_processor.h
[2.746s] -- Up-to-date: /home/ngoc/Workspace/Graduation_Project/install/cartographer/include/cartographer/io/xray_points_processor.h
[2.746s] -- Up-to-date: /home/ngoc/Workspace/Graduation_Project/install/cartographer/include/cartographer/io/xyz_writing_points_processor.h
[2.746s] -- Up-to-date: /home/ngoc/Workspace/Graduation_Project/install/cartographer/include/cartographer/mapping/2d/grid_2d.h
[2.747s] -- Up-to-date: /home/ngoc/Workspace/Graduation_Project/install/cartographer/include/cartographer/mapping/2d/map_limits.h
[2.747s] -- Up-to-date: /home/ngoc/Workspace/Graduation_Project/install/cartographer/include/cartographer/mapping/2d/probability_grid.h
[2.747s] -- Up-to-date: /home/ngoc/Workspace/Graduation_Project/install/cartographer/include/cartographer/mapping/2d/probability_grid_range_data_inserter_2d.h
[2.747s] -- Up-to-date: /home/ngoc/Workspace/Graduation_Project/install/cartographer/include/cartographer/mapping/2d/submap_2d.h
[2.747s] -- Up-to-date: /home/ngoc/Workspace/Graduation_Project/install/cartographer/include/cartographer/mapping/2d/xy_index.h
[2.747s] -- Up-to-date: /home/ngoc/Workspace/Graduation_Project/install/cartographer/include/cartographer/mapping/3d/hybrid_grid.h
[2.747s] -- Up-to-date: /home/ngoc/Workspace/Graduation_Project/install/cartographer/include/cartographer/mapping/3d/range_data_inserter_3d.h
[2.747s] -- Up-to-date: /home/ngoc/Workspace/Graduation_Project/install/cartographer/include/cartographer/mapping/3d/submap_3d.h
[2.747s] -- Up-to-date: /home/ngoc/Workspace/Graduation_Project/install/cartographer/include/cartographer/mapping/detect_floors.h
[2.748s] -- Up-to-date: /home/ngoc/Workspace/Graduation_Project/install/cartographer/include/cartographer/mapping/grid_interface.h
[2.748s] -- Up-to-date: /home/ngoc/Workspace/Graduation_Project/install/cartographer/include/cartographer/mapping/id.h
[2.748s] -- Up-to-date: /home/ngoc/Workspace/Graduation_Project/install/cartographer/include/cartographer/mapping/imu_tracker.h
[2.748s] -- Up-to-date: /home/ngoc/Workspace/Graduation_Project/install/cartographer/include/cartographer/mapping/map_builder.h
[2.748s] -- Up-to-date: /home/ngoc/Workspace/Graduation_Project/install/cartographer/include/cartographer/mapping/map_builder_interface.h
[2.748s] -- Up-to-date: /home/ngoc/Workspace/Graduation_Project/install/cartographer/include/cartographer/mapping/pose_extrapolator.h
[2.748s] -- Up-to-date: /home/ngoc/Workspace/Graduation_Project/install/cartographer/include/cartographer/mapping/pose_extrapolator_interface.h
[2.748s] -- Up-to-date: /home/ngoc/Workspace/Graduation_Project/install/cartographer/include/cartographer/mapping/pose_graph.h
[2.748s] -- Up-to-date: /home/ngoc/Workspace/Graduation_Project/install/cartographer/include/cartographer/mapping/pose_graph_interface.h
[2.748s] -- Up-to-date: /home/ngoc/Workspace/Graduation_Project/install/cartographer/include/cartographer/mapping/pose_graph_trimmer.h
[2.749s] -- Up-to-date: /home/ngoc/Workspace/Graduation_Project/install/cartographer/include/cartographer/mapping/probability_values.h
[2.749s] -- Up-to-date: /home/ngoc/Workspace/Graduation_Project/install/cartographer/include/cartographer/mapping/range_data_inserter_interface.h
[2.749s] -- Up-to-date: /home/ngoc/Workspace/Graduation_Project/install/cartographer/include/cartographer/mapping/submaps.h
[2.749s] -- Up-to-date: /home/ngoc/Workspace/Graduation_Project/install/cartographer/include/cartographer/mapping/trajectory_builder_interface.h
[2.749s] -- Up-to-date: /home/ngoc/Workspace/Graduation_Project/install/cartographer/include/cartographer/mapping/trajectory_node.h
[2.749s] -- Up-to-date: /home/ngoc/Workspace/Graduation_Project/install/cartographer/include/cartographer/mapping/value_conversion_tables.h
[2.749s] -- Up-to-date: /home/ngoc/Workspace/Graduation_Project/install/cartographer/include/cartographer/metrics/counter.h
[2.749s] -- Up-to-date: /home/ngoc/Workspace/Graduation_Project/install/cartographer/include/cartographer/metrics/family_factory.h
[2.749s] -- Up-to-date: /home/ngoc/Workspace/Graduation_Project/install/cartographer/include/cartographer/metrics/gauge.h
[2.749s] -- Up-to-date: /home/ngoc/Workspace/Graduation_Project/install/cartographer/include/cartographer/metrics/histogram.h
[2.750s] -- Up-to-date: /home/ngoc/Workspace/Graduation_Project/install/cartographer/include/cartographer/metrics/register.h
[2.750s] -- Up-to-date: /home/ngoc/Workspace/Graduation_Project/install/cartographer/include/cartographer/sensor/collator_interface.h
[2.750s] -- Up-to-date: /home/ngoc/Workspace/Graduation_Project/install/cartographer/include/cartographer/sensor/compressed_point_cloud.h
[2.750s] -- Up-to-date: /home/ngoc/Workspace/Graduation_Project/install/cartographer/include/cartographer/sensor/data.h
[2.750s] -- Up-to-date: /home/ngoc/Workspace/Graduation_Project/install/cartographer/include/cartographer/sensor/fixed_frame_pose_data.h
[2.750s] -- Up-to-date: /home/ngoc/Workspace/Graduation_Project/install/cartographer/include/cartographer/sensor/imu_data.h
[2.750s] -- Up-to-date: /home/ngoc/Workspace/Graduation_Project/install/cartographer/include/cartographer/sensor/landmark_data.h
[2.750s] -- Up-to-date: /home/ngoc/Workspace/Graduation_Project/install/cartographer/include/cartographer/sensor/map_by_time.h
[2.751s] -- Up-to-date: /home/ngoc/Workspace/Graduation_Project/install/cartographer/include/cartographer/sensor/odometry_data.h
[2.751s] -- Up-to-date: /home/ngoc/Workspace/Graduation_Project/install/cartographer/include/cartographer/sensor/point_cloud.h
[2.751s] -- Up-to-date: /home/ngoc/Workspace/Graduation_Project/install/cartographer/include/cartographer/sensor/range_data.h
[2.751s] -- Up-to-date: /home/ngoc/Workspace/Graduation_Project/install/cartographer/include/cartographer/sensor/rangefinder_point.h
[2.751s] -- Up-to-date: /home/ngoc/Workspace/Graduation_Project/install/cartographer/include/cartographer/sensor/timed_point_cloud_data.h
[2.751s] -- Up-to-date: /home/ngoc/Workspace/Graduation_Project/install/cartographer/include/cartographer/transform/rigid_transform.h
[2.751s] -- Up-to-date: /home/ngoc/Workspace/Graduation_Project/install/cartographer/include/cartographer/transform/timestamped_transform.h
[2.751s] -- Up-to-date: /home/ngoc/Workspace/Graduation_Project/install/cartographer/include/cartographer/transform/transform.h
[2.751s] -- Up-to-date: /home/ngoc/Workspace/Graduation_Project/install/cartographer/include/cartographer/transform/transform_interpolation_buffer.h
[2.751s] -- Up-to-date: /home/ngoc/Workspace/Graduation_Project/install/cartographer/include/cartographer/io/fake_file_writer.h
[2.752s] -- Up-to-date: /home/ngoc/Workspace/Graduation_Project/install/cartographer/include/cartographer/transform/rigid_transform_test_helpers.h
[2.752s] -- Up-to-date: /home/ngoc/Workspace/Graduation_Project/install/cartographer/include/cartographer/common/proto/ceres_solver_options.pb.h
[2.752s] -- Up-to-date: /home/ngoc/Workspace/Graduation_Project/install/cartographer/include/cartographer/ground_truth/proto/relations.pb.h
[2.753s] -- Up-to-date: /home/ngoc/Workspace/Graduation_Project/install/cartographer/include/cartographer/mapping/proto/cell_limits_2d.pb.h
[2.753s] -- Up-to-date: /home/ngoc/Workspace/Graduation_Project/install/cartographer/include/cartographer/mapping/proto/connected_components.pb.h
[2.753s] -- Up-to-date: /home/ngoc/Workspace/Graduation_Project/install/cartographer/include/cartographer/mapping/proto/grid_2d.pb.h
[2.754s] -- Up-to-date: /home/ngoc/Workspace/Graduation_Project/install/cartographer/include/cartographer/mapping/proto/grid_2d_options.pb.h
[2.755s] -- Up-to-date: /home/ngoc/Workspace/Graduation_Project/install/cartographer/include/cartographer/mapping/proto/hybrid_grid.pb.h
[2.755s] -- Up-to-date: /home/ngoc/Workspace/Graduation_Project/install/cartographer/include/cartographer/mapping/proto/local_trajectory_builder_options_2d.pb.h
[2.755s] -- Up-to-date: /home/ngoc/Workspace/Graduation_Project/install/cartographer/include/cartographer/mapping/proto/local_trajectory_builder_options_3d.pb.h
[2.755s] -- Up-to-date: /home/ngoc/Workspace/Graduation_Project/install/cartographer/include/cartographer/mapping/proto/map_builder_options.pb.h
[2.755s] -- Up-to-date: /home/ngoc/Workspace/Graduation_Project/install/cartographer/include/cartographer/mapping/proto/map_limits.pb.h
[2.755s] -- Up-to-date: /home/ngoc/Workspace/Graduation_Project/install/cartographer/include/cartographer/mapping/proto/motion_filter_options.pb.h
[2.755s] -- Up-to-date: /home/ngoc/Workspace/Graduation_Project/install/cartographer/include/cartographer/mapping/proto/normal_estimation_options_2d.pb.h
[2.755s] -- Up-to-date: /home/ngoc/Workspace/Graduation_Project/install/cartographer/include/cartographer/mapping/proto/pose_extrapolator_options.pb.h
[2.755s] -- Up-to-date: /home/ngoc/Workspace/Graduation_Project/install/cartographer/include/cartographer/mapping/proto/pose_graph.pb.h
[2.755s] -- Up-to-date: /home/ngoc/Workspace/Graduation_Project/install/cartographer/include/cartographer/mapping/proto/pose_graph/constraint_builder_options.pb.h
[2.756s] -- Up-to-date: /home/ngoc/Workspace/Graduation_Project/install/cartographer/include/cartographer/mapping/proto/pose_graph/optimization_problem_options.pb.h
[2.756s] -- Up-to-date: /home/ngoc/Workspace/Graduation_Project/install/cartographer/include/cartographer/mapping/proto/pose_graph_options.pb.h
[2.756s] -- Up-to-date: /home/ngoc/Workspace/Graduation_Project/install/cartographer/include/cartographer/mapping/proto/probability_grid.pb.h
[2.756s] -- Up-to-date: /home/ngoc/Workspace/Graduation_Project/install/cartographer/include/cartographer/mapping/proto/probability_grid_range_data_inserter_options_2d.pb.h
[2.756s] -- Up-to-date: /home/ngoc/Workspace/Graduation_Project/install/cartographer/include/cartographer/mapping/proto/range_data_inserter_options.pb.h
[2.756s] -- Up-to-date: /home/ngoc/Workspace/Graduation_Project/install/cartographer/include/cartographer/mapping/proto/range_data_inserter_options_3d.pb.h
[2.756s] -- Up-to-date: /home/ngoc/Workspace/Graduation_Project/install/cartographer/include/cartographer/mapping/proto/scan_matching/ceres_scan_matcher_options_2d.pb.h
[2.756s] -- Up-to-date: /home/ngoc/Workspace/Graduation_Project/install/cartographer/include/cartographer/mapping/proto/scan_matching/ceres_scan_matcher_options_3d.pb.h
[2.756s] -- Up-to-date: /home/ngoc/Workspace/Graduation_Project/install/cartographer/include/cartographer/mapping/proto/scan_matching/fast_correlative_scan_matcher_options_2d.pb.h
[2.756s] -- Up-to-date: /home/ngoc/Workspace/Graduation_Project/install/cartographer/include/cartographer/mapping/proto/scan_matching/fast_correlative_scan_matcher_options_3d.pb.h
[2.757s] -- Up-to-date: /home/ngoc/Workspace/Graduation_Project/install/cartographer/include/cartographer/mapping/proto/scan_matching/real_time_correlative_scan_matcher_options.pb.h
[2.757s] -- Up-to-date: /home/ngoc/Workspace/Graduation_Project/install/cartographer/include/cartographer/mapping/proto/serialization.pb.h
[2.757s] -- Up-to-date: /home/ngoc/Workspace/Graduation_Project/install/cartographer/include/cartographer/mapping/proto/submap.pb.h
[2.757s] -- Up-to-date: /home/ngoc/Workspace/Graduation_Project/install/cartographer/include/cartographer/mapping/proto/submap_visualization.pb.h
[2.757s] -- Up-to-date: /home/ngoc/Workspace/Graduation_Project/install/cartographer/include/cartographer/mapping/proto/submaps_options_2d.pb.h
[2.757s] -- Up-to-date: /home/ngoc/Workspace/Graduation_Project/install/cartographer/include/cartographer/mapping/proto/submaps_options_3d.pb.h
[2.757s] -- Up-to-date: /home/ngoc/Workspace/Graduation_Project/install/cartographer/include/cartographer/mapping/proto/trajectory.pb.h
[2.757s] -- Up-to-date: /home/ngoc/Workspace/Graduation_Project/install/cartographer/include/cartographer/mapping/proto/trajectory_builder_options.pb.h
[2.757s] -- Up-to-date: /home/ngoc/Workspace/Graduation_Project/install/cartographer/include/cartographer/mapping/proto/trajectory_node_data.pb.h
[2.757s] -- Up-to-date: /home/ngoc/Workspace/Graduation_Project/install/cartographer/include/cartographer/mapping/proto/tsdf_2d.pb.h
[2.758s] -- Up-to-date: /home/ngoc/Workspace/Graduation_Project/install/cartographer/include/cartographer/mapping/proto/tsdf_range_data_inserter_options_2d.pb.h
[2.758s] -- Up-to-date: /home/ngoc/Workspace/Graduation_Project/install/cartographer/include/cartographer/sensor/proto/adaptive_voxel_filter_options.pb.h
[2.758s] -- Up-to-date: /home/ngoc/Workspace/Graduation_Project/install/cartographer/include/cartographer/sensor/proto/sensor.pb.h
[2.758s] -- Up-to-date: /home/ngoc/Workspace/Graduation_Project/install/cartographer/include/cartographer/transform/proto/timestamped_transform.pb.h
[2.758s] -- Up-to-date: /home/ngoc/Workspace/Graduation_Project/install/cartographer/include/cartographer/transform/proto/transform.pb.h
[2.758s] -- Up-to-date: /home/ngoc/Workspace/Graduation_Project/install/cartographer/share/cartographer/cmake/CartographerTargets.cmake
[2.759s] -- Up-to-date: /home/ngoc/Workspace/Graduation_Project/install/cartographer/share/cartographer/cmake/CartographerTargets-release.cmake
[2.759s] -- Up-to-date: /home/ngoc/Workspace/Graduation_Project/install/cartographer/share/cartographer/cartographer-config.cmake
[2.759s] Invoked command in '/home/ngoc/Workspace/Graduation_Project/build/cartographer' returned '0': CMAKE_PREFIX_PATH=${CMAKE_PREFIX_PATH}:/home/ngoc/Workspace/Graduation_Project/install/teleop_twist_keyboard:/opt/ros/humble /usr/bin/cmake --install /home/ngoc/Workspace/Graduation_Project/build/cartographer
