[0.023s] Invoking command in '/home/ngoc/Workspace/Graduation_Project/src/build/dashgo_driver_ros2': CMAKE_PREFIX_PATH=/opt/ros/humble /usr/bin/cmake /home/ngoc/Workspace/Graduation_Project/src/dashgo_driver_ros2 -DCMAKE_INSTALL_PREFIX=/home/ngoc/Workspace/Graduation_Project/src/install/dashgo_driver_ros2
[0.151s] -- The C compiler identification is GNU 11.4.0
[0.261s] -- The CXX compiler identification is GNU 11.4.0
[0.275s] -- Detecting C compiler ABI info
[0.376s] -- Detecting C compiler ABI info - done
[0.384s] -- Check for working C compiler: /usr/bin/cc - skipped
[0.385s] -- Detecting C compile features
[0.386s] -- Detecting C compile features - done
[0.391s] -- Detecting CXX compiler ABI info
[0.494s] -- Detecting CXX compiler ABI info - done
[0.508s] -- Check for working CXX compiler: /usr/bin/c++ - skipped
[0.509s] -- Detecting CXX compile features
[0.510s] -- Detecting CXX compile features - done
[0.513s] -- Found ament_cmake: 1.3.10 (/opt/ros/humble/share/ament_cmake/cmake)
[0.690s] -- Found Python3: /usr/bin/python3 (found version "3.10.12") found components: Interpreter 
[0.816s] -- Found rclpy: 3.3.14 (/opt/ros/humble/share/rclpy/cmake)
[0.819s] -- Found geometry_msgs: 4.2.4 (/opt/ros/humble/share/geometry_msgs/cmake)
[0.902s] -- Found rosidl_generator_c: 3.1.5 (/opt/ros/humble/share/rosidl_generator_c/cmake)
[0.911s] -- Found rosidl_adapter: 3.1.5 (/opt/ros/humble/share/rosidl_adapter/cmake)
[0.925s] -- Found rosidl_generator_cpp: 3.1.5 (/opt/ros/humble/share/rosidl_generator_cpp/cmake)
[0.946s] -- Using all available rosidl_typesupport_c: rosidl_typesupport_fastrtps_c;rosidl_typesupport_introspection_c
[0.970s] -- Using all available rosidl_typesupport_cpp: rosidl_typesupport_fastrtps_cpp;rosidl_typesupport_introspection_cpp
[1.032s] -- Found nav_msgs: 4.2.4 (/opt/ros/humble/share/nav_msgs/cmake)
[1.058s] -- Found sensor_msgs: 4.2.4 (/opt/ros/humble/share/sensor_msgs/cmake)
[1.086s] -- Found ament_lint_auto: 0.12.11 (/opt/ros/humble/share/ament_lint_auto/cmake)
[1.206s] -- Added test 'flake8' to check Python code syntax and style conventions
[1.206s] -- Added test 'lint_cmake' to check CMake code style
[1.208s] -- Added test 'pep257' to check Python code against some of the docstring style conventions in PEP 257
[1.211s] -- Added test 'xmllint' to check XML markup files
[1.213s] -- Configuring done
[1.218s] -- Generating done
[1.220s] -- Build files have been written to: /home/ngoc/Workspace/Graduation_Project/src/build/dashgo_driver_ros2
[1.227s] Invoked command in '/home/ngoc/Workspace/Graduation_Project/src/build/dashgo_driver_ros2' returned '0': CMAKE_PREFIX_PATH=/opt/ros/humble /usr/bin/cmake /home/ngoc/Workspace/Graduation_Project/src/dashgo_driver_ros2 -DCMAKE_INSTALL_PREFIX=/home/ngoc/Workspace/Graduation_Project/src/install/dashgo_driver_ros2
[1.229s] Invoking command in '/home/ngoc/Workspace/Graduation_Project/src/build/dashgo_driver_ros2': CMAKE_PREFIX_PATH=/opt/ros/humble /usr/bin/cmake --build /home/ngoc/Workspace/Graduation_Project/src/build/dashgo_driver_ros2 -- -j8 -l8
[1.273s] Invoked command in '/home/ngoc/Workspace/Graduation_Project/src/build/dashgo_driver_ros2' returned '0': CMAKE_PREFIX_PATH=/opt/ros/humble /usr/bin/cmake --build /home/ngoc/Workspace/Graduation_Project/src/build/dashgo_driver_ros2 -- -j8 -l8
[1.309s] Invoking command in '/home/ngoc/Workspace/Graduation_Project/src/build/dashgo_driver_ros2': CMAKE_PREFIX_PATH=/opt/ros/humble /usr/bin/cmake --install /home/ngoc/Workspace/Graduation_Project/src/build/dashgo_driver_ros2
[1.317s] -- Install configuration: ""
[1.318s] -- Installing: /home/ngoc/Workspace/Graduation_Project/src/install/dashgo_driver_ros2/lib/dashgo_driver_ros2/driver.py
[1.318s] -- Installing: /home/ngoc/Workspace/Graduation_Project/src/install/dashgo_driver_ros2/lib/dashgo_driver_ros2/test_cmd.py
[1.318s] -- Installing: /home/ngoc/Workspace/Graduation_Project/src/install/dashgo_driver_ros2/share/dashgo_driver_ros2/config
[1.318s] -- Installing: /home/ngoc/Workspace/Graduation_Project/src/install/dashgo_driver_ros2/share/dashgo_driver_ros2/config/velocity_smoother_params.yaml
[1.319s] -- Installing: /home/ngoc/Workspace/Graduation_Project/src/install/dashgo_driver_ros2/share/dashgo_driver_ros2/config/my_dashgo_params.yaml
[1.319s] -- Installing: /home/ngoc/Workspace/Graduation_Project/src/install/dashgo_driver_ros2/share/dashgo_driver_ros2/config/my_dashgo_params_imu.yaml
[1.319s] -- Installing: /home/ngoc/Workspace/Graduation_Project/src/install/dashgo_driver_ros2/share/dashgo_driver_ros2/config/my_dashgo_params_noSonar.yaml
[1.319s] -- Installing: /home/ngoc/Workspace/Graduation_Project/src/install/dashgo_driver_ros2/share/dashgo_driver_ros2/launch
[1.320s] -- Installing: /home/ngoc/Workspace/Graduation_Project/src/install/dashgo_driver_ros2/share/dashgo_driver_ros2/launch/driver_noSonar.launch.py
[1.320s] -- Installing: /home/ngoc/Workspace/Graduation_Project/src/install/dashgo_driver_ros2/share/dashgo_driver_ros2/launch/serial.launch.py
[1.320s] -- Installing: /home/ngoc/Workspace/Graduation_Project/src/install/dashgo_driver_ros2/share/dashgo_driver_ros2/launch/driver_ir.launch.py
[1.320s] -- Installing: /home/ngoc/Workspace/Graduation_Project/src/install/dashgo_driver_ros2/share/dashgo_driver_ros2/launch/driver_imu.launch.py
[1.320s] -- Installing: /home/ngoc/Workspace/Graduation_Project/src/install/dashgo_driver_ros2/share/dashgo_driver_ros2/launch/driver.launch.py
[1.321s] -- Installing: /home/ngoc/Workspace/Graduation_Project/src/install/dashgo_driver_ros2/share/ament_index/resource_index/package_run_dependencies/dashgo_driver_ros2
[1.321s] -- Installing: /home/ngoc/Workspace/Graduation_Project/src/install/dashgo_driver_ros2/share/ament_index/resource_index/parent_prefix_path/dashgo_driver_ros2
[1.321s] -- Installing: /home/ngoc/Workspace/Graduation_Project/src/install/dashgo_driver_ros2/share/dashgo_driver_ros2/environment/ament_prefix_path.sh
[1.322s] -- Installing: /home/ngoc/Workspace/Graduation_Project/src/install/dashgo_driver_ros2/share/dashgo_driver_ros2/environment/ament_prefix_path.dsv
[1.322s] -- Installing: /home/ngoc/Workspace/Graduation_Project/src/install/dashgo_driver_ros2/share/dashgo_driver_ros2/environment/path.sh
[1.322s] -- Installing: /home/ngoc/Workspace/Graduation_Project/src/install/dashgo_driver_ros2/share/dashgo_driver_ros2/environment/path.dsv
[1.322s] -- Installing: /home/ngoc/Workspace/Graduation_Project/src/install/dashgo_driver_ros2/share/dashgo_driver_ros2/local_setup.bash
[1.323s] -- Installing: /home/ngoc/Workspace/Graduation_Project/src/install/dashgo_driver_ros2/share/dashgo_driver_ros2/local_setup.sh
[1.323s] -- Installing: /home/ngoc/Workspace/Graduation_Project/src/install/dashgo_driver_ros2/share/dashgo_driver_ros2/local_setup.zsh
[1.323s] -- Installing: /home/ngoc/Workspace/Graduation_Project/src/install/dashgo_driver_ros2/share/dashgo_driver_ros2/local_setup.dsv
[1.323s] -- Installing: /home/ngoc/Workspace/Graduation_Project/src/install/dashgo_driver_ros2/share/dashgo_driver_ros2/package.dsv
[1.324s] -- Installing: /home/ngoc/Workspace/Graduation_Project/src/install/dashgo_driver_ros2/share/ament_index/resource_index/packages/dashgo_driver_ros2
[1.324s] -- Installing: /home/ngoc/Workspace/Graduation_Project/src/install/dashgo_driver_ros2/share/dashgo_driver_ros2/cmake/dashgo_driver_ros2Config.cmake
[1.324s] -- Installing: /home/ngoc/Workspace/Graduation_Project/src/install/dashgo_driver_ros2/share/dashgo_driver_ros2/cmake/dashgo_driver_ros2Config-version.cmake
[1.324s] -- Installing: /home/ngoc/Workspace/Graduation_Project/src/install/dashgo_driver_ros2/share/dashgo_driver_ros2/package.xml
[1.327s] Invoked command in '/home/ngoc/Workspace/Graduation_Project/src/build/dashgo_driver_ros2' returned '0': CMAKE_PREFIX_PATH=/opt/ros/humble /usr/bin/cmake --install /home/ngoc/Workspace/Graduation_Project/src/build/dashgo_driver_ros2
