[1.688s] Invoking command in '/home/ngoc/Workspace/Graduation_Project/src/teleop_twist_keyboard': PYTHONPATH=/home/ngoc/Workspace/Graduation_Project/build/teleop_twist_keyboard/prefix_override:/usr/lib/python3/dist-packages/colcon_core/task/python/colcon_distutils_commands:/home/ngoc/Workspace/Graduation_Project/install/teleop_twist_keyboard/lib/python3.10/site-packages:${PYTHONPATH} /usr/bin/python3 -W ignore:setup.py install is deprecated setup.py egg_info --egg-base ../../build/teleop_twist_keyboard build --build-base /home/ngoc/Workspace/Graduation_Project/build/teleop_twist_keyboard/build install --record /home/ngoc/Workspace/Graduation_Project/build/teleop_twist_keyboard/install.log --single-version-externally-managed install_data
[2.018s] running egg_info
[2.020s] writing ../../build/teleop_twist_keyboard/teleop_twist_keyboard.egg-info/PKG-INFO
[2.020s] writing dependency_links to ../../build/teleop_twist_keyboard/teleop_twist_keyboard.egg-info/dependency_links.txt
[2.020s] writing entry points to ../../build/teleop_twist_keyboard/teleop_twist_keyboard.egg-info/entry_points.txt
[2.021s] writing requirements to ../../build/teleop_twist_keyboard/teleop_twist_keyboard.egg-info/requires.txt
[2.021s] writing top-level names to ../../build/teleop_twist_keyboard/teleop_twist_keyboard.egg-info/top_level.txt
[2.023s] reading manifest file '../../build/teleop_twist_keyboard/teleop_twist_keyboard.egg-info/SOURCES.txt'
[2.024s] adding license file 'LICENSE'
[2.025s] writing manifest file '../../build/teleop_twist_keyboard/teleop_twist_keyboard.egg-info/SOURCES.txt'
[2.025s] running build
[2.025s] running build_py
[2.026s] running install
[2.026s] running install_lib
[2.027s] running install_data
[2.028s] running install_egg_info
[2.031s] removing '/home/ngoc/Workspace/Graduation_Project/install/teleop_twist_keyboard/lib/python3.10/site-packages/teleop_twist_keyboard-2.4.0-py3.10.egg-info' (and everything under it)
[2.031s] Copying ../../build/teleop_twist_keyboard/teleop_twist_keyboard.egg-info to /home/ngoc/Workspace/Graduation_Project/install/teleop_twist_keyboard/lib/python3.10/site-packages/teleop_twist_keyboard-2.4.0-py3.10.egg-info
[2.032s] running install_scripts
[2.059s] Installing teleop_twist_keyboard script to /home/ngoc/Workspace/Graduation_Project/install/teleop_twist_keyboard/lib/teleop_twist_keyboard
[2.059s] writing list of installed files to '/home/ngoc/Workspace/Graduation_Project/build/teleop_twist_keyboard/install.log'
[2.094s] Invoked command in '/home/ngoc/Workspace/Graduation_Project/src/teleop_twist_keyboard' returned '0': PYTHONPATH=/home/ngoc/Workspace/Graduation_Project/build/teleop_twist_keyboard/prefix_override:/usr/lib/python3/dist-packages/colcon_core/task/python/colcon_distutils_commands:/home/ngoc/Workspace/Graduation_Project/install/teleop_twist_keyboard/lib/python3.10/site-packages:${PYTHONPATH} /usr/bin/python3 -W ignore:setup.py install is deprecated setup.py egg_info --egg-base ../../build/teleop_twist_keyboard build --build-base /home/ngoc/Workspace/Graduation_Project/build/teleop_twist_keyboard/build install --record /home/ngoc/Workspace/Graduation_Project/build/teleop_twist_keyboard/install.log --single-version-externally-managed install_data
