[0.043s] Invoking command in '/home/ngoc/Workspace/Graduation_Project/src/build/simulations': CMAKE_PREFIX_PATH=${CMAKE_PREFIX_PATH}:/home/ngoc/Workspace/Graduation_Project/install/teleop_twist_keyboard:/opt/ros/humble /usr/bin/cmake /home/ngoc/Workspace/Graduation_Project/src/simulations -DCMAKE_INSTALL_PREFIX=/home/ngoc/Workspace/Graduation_Project/src/install/simulations
[0.463s] -- The C compiler identification is GNU 11.4.0
[0.463s] -- The CXX compiler identification is GNU 11.4.0
[0.463s] -- Detecting C compiler ABI info
[0.463s] -- Detecting C compiler ABI info - done
[0.463s] -- Check for working C compiler: /usr/bin/cc - skipped
[0.464s] -- Detecting C compile features
[0.465s] -- Detecting C compile features - done
[0.466s] -- Detecting CXX compiler ABI info
[0.466s] -- Detecting CXX compiler ABI info - done
[0.484s] -- Check for working CXX compiler: /usr/bin/c++ - skipped
[0.484s] -- Detecting CXX compile features
[0.484s] -- Detecting CXX compile features - done
[0.491s] -- Found ament_cmake: 1.3.10 (/opt/ros/humble/share/ament_cmake/cmake)
[1.075s] -- Found Python3: /usr/bin/python3 (found version "3.10.12") found components: Interpreter 
[1.388s] -- Found ament_lint_auto: 0.12.11 (/opt/ros/humble/share/ament_lint_auto/cmake)
[1.644s] -- Added test 'lint_cmake' to check CMake code style
[1.650s] -- Added test 'xmllint' to check XML markup files
[1.656s] -- Configuring done
[1.661s] -- Generating done
[1.664s] -- Build files have been written to: /home/ngoc/Workspace/Graduation_Project/src/build/simulations
[1.672s] Invoked command in '/home/ngoc/Workspace/Graduation_Project/src/build/simulations' returned '0': CMAKE_PREFIX_PATH=${CMAKE_PREFIX_PATH}:/home/ngoc/Workspace/Graduation_Project/install/teleop_twist_keyboard:/opt/ros/humble /usr/bin/cmake /home/ngoc/Workspace/Graduation_Project/src/simulations -DCMAKE_INSTALL_PREFIX=/home/ngoc/Workspace/Graduation_Project/src/install/simulations
[1.677s] Invoking command in '/home/ngoc/Workspace/Graduation_Project/src/build/simulations': CMAKE_PREFIX_PATH=${CMAKE_PREFIX_PATH}:/home/ngoc/Workspace/Graduation_Project/install/teleop_twist_keyboard:/opt/ros/humble /usr/bin/cmake --build /home/ngoc/Workspace/Graduation_Project/src/build/simulations -- -j8 -l8
[1.739s] Invoked command in '/home/ngoc/Workspace/Graduation_Project/src/build/simulations' returned '0': CMAKE_PREFIX_PATH=${CMAKE_PREFIX_PATH}:/home/ngoc/Workspace/Graduation_Project/install/teleop_twist_keyboard:/opt/ros/humble /usr/bin/cmake --build /home/ngoc/Workspace/Graduation_Project/src/build/simulations -- -j8 -l8
[1.776s] Invoking command in '/home/ngoc/Workspace/Graduation_Project/src/build/simulations': CMAKE_PREFIX_PATH=${CMAKE_PREFIX_PATH}:/home/ngoc/Workspace/Graduation_Project/install/teleop_twist_keyboard:/opt/ros/humble /usr/bin/cmake --install /home/ngoc/Workspace/Graduation_Project/src/build/simulations
[1.784s] -- Install configuration: ""
[1.784s] -- Installing: /home/ngoc/Workspace/Graduation_Project/src/install/simulations/share/ament_index/resource_index/package_run_dependencies/simulations
[1.785s] -- Installing: /home/ngoc/Workspace/Graduation_Project/src/install/simulations/share/ament_index/resource_index/parent_prefix_path/simulations
[1.785s] -- Installing: /home/ngoc/Workspace/Graduation_Project/src/install/simulations/share/simulations/environment/ament_prefix_path.sh
[1.785s] -- Installing: /home/ngoc/Workspace/Graduation_Project/src/install/simulations/share/simulations/environment/ament_prefix_path.dsv
[1.785s] -- Installing: /home/ngoc/Workspace/Graduation_Project/src/install/simulations/share/simulations/environment/path.sh
[1.786s] -- Installing: /home/ngoc/Workspace/Graduation_Project/src/install/simulations/share/simulations/environment/path.dsv
[1.786s] -- Installing: /home/ngoc/Workspace/Graduation_Project/src/install/simulations/share/simulations/local_setup.bash
[1.786s] -- Installing: /home/ngoc/Workspace/Graduation_Project/src/install/simulations/share/simulations/local_setup.sh
[1.787s] -- Installing: /home/ngoc/Workspace/Graduation_Project/src/install/simulations/share/simulations/local_setup.zsh
[1.788s] -- Installing: /home/ngoc/Workspace/Graduation_Project/src/install/simulations/share/simulations/local_setup.dsv
[1.788s] -- Installing: /home/ngoc/Workspace/Graduation_Project/src/install/simulations/share/simulations/package.dsv
[1.788s] -- Installing: /home/ngoc/Workspace/Graduation_Project/src/install/simulations/share/ament_index/resource_index/packages/simulations
[1.788s] -- Installing: /home/ngoc/Workspace/Graduation_Project/src/install/simulations/share/simulations/cmake/simulationsConfig.cmake
[1.788s] -- Installing: /home/ngoc/Workspace/Graduation_Project/src/install/simulations/share/simulations/cmake/simulationsConfig-version.cmake
[1.789s] -- Installing: /home/ngoc/Workspace/Graduation_Project/src/install/simulations/share/simulations/package.xml
[1.793s] Invoked command in '/home/ngoc/Workspace/Graduation_Project/src/build/simulations' returned '0': CMAKE_PREFIX_PATH=${CMAKE_PREFIX_PATH}:/home/ngoc/Workspace/Graduation_Project/install/teleop_twist_keyboard:/opt/ros/humble /usr/bin/cmake --install /home/ngoc/Workspace/Graduation_Project/src/build/simulations
