[0.031s] Invoking command in '/home/ngoc/Workspace/Graduation_Project/src/build/ydlidar_sdk': /usr/bin/cmake --build /home/ngoc/Workspace/Graduation_Project/src/build/ydlidar_sdk -- -j8 -l8
[0.234s] [ 40%] Built target ydlidar_sdk
[0.341s] [ 44%] Built target gs_test
[0.355s] [ 48%] Built target gs_test2
[0.360s] [ 53%] Built target gs_ota
[0.362s] [ 57%] Built target et_test
[0.369s] [ 61%] Built target sdm_test
[0.386s] [ 65%] Built target sdm18_test
[0.388s] [ 70%] Built target scl_test
[0.418s] [ 74%] Built target tea_test
[0.491s] [ 78%] Built target tof_test
[0.491s] [ 82%] Built target lidar_c_api_test
[0.495s] [ 87%] Built target tri_restart
[0.504s] [ 95%] Built target tri_and_gs_test
[0.506s] [ 93%] Built target tri_test
[0.516s] [100%] Built target tmini_test
[0.581s] Invoked command in '/home/ngoc/Workspace/Graduation_Project/src/build/ydlidar_sdk' returned '0': /usr/bin/cmake --build /home/ngoc/Workspace/Graduation_Project/src/build/ydlidar_sdk -- -j8 -l8
[0.953s] Invoking command in '/home/ngoc/Workspace/Graduation_Project/src/build/ydlidar_sdk': /usr/bin/cmake --install /home/ngoc/Workspace/Graduation_Project/src/build/ydlidar_sdk
[0.982s] -- Install configuration: ""
[0.982s] -- Up-to-date: /home/ngoc/Workspace/Graduation_Project/src/install/ydlidar_sdk/include/core/base/datatype.h
[0.982s] -- Up-to-date: /home/ngoc/Workspace/Graduation_Project/src/install/ydlidar_sdk/include/core/base/locker.h
[0.983s] -- Up-to-date: /home/ngoc/Workspace/Graduation_Project/src/install/ydlidar_sdk/include/core/base/thread.h
[0.983s] -- Up-to-date: /home/ngoc/Workspace/Graduation_Project/src/install/ydlidar_sdk/include/core/base/timer.h
[0.983s] -- Up-to-date: /home/ngoc/Workspace/Graduation_Project/src/install/ydlidar_sdk/include/core/base/typedef.h
[0.983s] -- Up-to-date: /home/ngoc/Workspace/Graduation_Project/src/install/ydlidar_sdk/include/core/base/utils.h
[0.983s] -- Up-to-date: /home/ngoc/Workspace/Graduation_Project/src/install/ydlidar_sdk/include/core/base/v8stdint.h
[0.983s] -- Up-to-date: /home/ngoc/Workspace/Graduation_Project/src/install/ydlidar_sdk/include/core/base/ydlidar.h
[0.983s] -- Up-to-date: /home/ngoc/Workspace/Graduation_Project/src/install/ydlidar_sdk/include/core/common/ChannelDevice.h
[0.983s] -- Up-to-date: /home/ngoc/Workspace/Graduation_Project/src/install/ydlidar_sdk/include/core/common/DriverInterface.h
[0.984s] -- Up-to-date: /home/ngoc/Workspace/Graduation_Project/src/install/ydlidar_sdk/include/core/common/ydlidar_datatype.h
[0.984s] -- Up-to-date: /home/ngoc/Workspace/Graduation_Project/src/install/ydlidar_sdk/include/core/common/ydlidar_def.h
[0.984s] -- Up-to-date: /home/ngoc/Workspace/Graduation_Project/src/install/ydlidar_sdk/include/core/common/ydlidar_help.h
[0.984s] -- Up-to-date: /home/ngoc/Workspace/Graduation_Project/src/install/ydlidar_sdk/include/core/common/ydlidar_protocol.h
[0.984s] -- Up-to-date: /home/ngoc/Workspace/Graduation_Project/src/install/ydlidar_sdk/include/core/math/angles.h
[0.984s] -- Up-to-date: /home/ngoc/Workspace/Graduation_Project/src/install/ydlidar_sdk/include/core/network/ActiveSocket.h
[0.984s] -- Up-to-date: /home/ngoc/Workspace/Graduation_Project/src/install/ydlidar_sdk/include/core/network/PassiveSocket.h
[0.984s] -- Up-to-date: /home/ngoc/Workspace/Graduation_Project/src/install/ydlidar_sdk/include/core/network/SimpleSocket.h
[0.984s] -- Up-to-date: /home/ngoc/Workspace/Graduation_Project/src/install/ydlidar_sdk/include/core/network/StatTimer.h
[0.985s] -- Up-to-date: /home/ngoc/Workspace/Graduation_Project/src/install/ydlidar_sdk/include/core/serial/common.h
[0.985s] -- Up-to-date: /home/ngoc/Workspace/Graduation_Project/src/install/ydlidar_sdk/include/core/serial/serial.h
[0.988s] -- Up-to-date: /home/ngoc/Workspace/Graduation_Project/src/install/ydlidar_sdk/include/core/serial/impl/unix/lock.h
[0.988s] -- Up-to-date: /home/ngoc/Workspace/Graduation_Project/src/install/ydlidar_sdk/include/core/serial/impl/unix/unix.h
[0.989s] -- Up-to-date: /home/ngoc/Workspace/Graduation_Project/src/install/ydlidar_sdk/include/core/serial/impl/unix/unix_serial.h
[0.989s] -- Up-to-date: /home/ngoc/Workspace/Graduation_Project/src/install/ydlidar_sdk/include/src/CYdLidar.h
[0.990s] -- Up-to-date: /home/ngoc/Workspace/Graduation_Project/src/install/ydlidar_sdk/include/src/DTSLidarDriver.h
[0.990s] -- Up-to-date: /home/ngoc/Workspace/Graduation_Project/src/install/ydlidar_sdk/include/src/ETLidarDriver.h
[0.990s] -- Up-to-date: /home/ngoc/Workspace/Graduation_Project/src/install/ydlidar_sdk/include/src/GSLidarDriver.h
[0.991s] -- Up-to-date: /home/ngoc/Workspace/Graduation_Project/src/install/ydlidar_sdk/include/src/SDMLidarDriver.h
[0.991s] -- Up-to-date: /home/ngoc/Workspace/Graduation_Project/src/install/ydlidar_sdk/include/src/YDlidarDriver.h
[0.991s] -- Up-to-date: /home/ngoc/Workspace/Graduation_Project/src/install/ydlidar_sdk/include/src/ydlidar_sdk.h
[0.991s] -- Up-to-date: /home/ngoc/Workspace/Graduation_Project/src/install/ydlidar_sdk/include/src/filters/FilterInterface.h
[0.991s] -- Up-to-date: /home/ngoc/Workspace/Graduation_Project/src/install/ydlidar_sdk/include/src/filters/NoiseFilter.h
[0.991s] -- Up-to-date: /home/ngoc/Workspace/Graduation_Project/src/install/ydlidar_sdk/include/src/filters/StrongLightFilter.h
[0.991s] -- Up-to-date: /home/ngoc/Workspace/Graduation_Project/src/install/ydlidar_sdk/include/ydlidar_config.h
[0.991s] -- Up-to-date: /home/ngoc/Workspace/Graduation_Project/src/install/ydlidar_sdk/lib/libydlidar_sdk.a
[0.992s] -- Up-to-date: /home/ngoc/Workspace/Graduation_Project/src/install/ydlidar_sdk/lib/pkgconfig/YDLIDAR_SDK.pc
[0.992s] -- Up-to-date: /home/ngoc/Workspace/Graduation_Project/src/install/ydlidar_sdk/lib/cmake/ydlidar_sdk/ydlidar_sdkConfig.cmake
[0.992s] -- Up-to-date: /home/ngoc/Workspace/Graduation_Project/src/install/ydlidar_sdk/lib/cmake/ydlidar_sdk/ydlidar_sdkTargets.cmake
[0.992s] -- Up-to-date: /home/ngoc/Workspace/Graduation_Project/src/install/ydlidar_sdk/lib/cmake/ydlidar_sdk/ydlidar_sdkConfigVersion.cmake
[0.992s] -- Up-to-date: /home/ngoc/Workspace/Graduation_Project/src/install/ydlidar_sdk/share/YDLIDAR_SDK/FindYDLIDAR_SDK.cmake
[0.992s] -- Up-to-date: /home/ngoc/Workspace/Graduation_Project/src/install/ydlidar_sdk/share/YDLIDAR_SDK
[0.992s] -- Up-to-date: /home/ngoc/Workspace/Graduation_Project/src/install/ydlidar_sdk/share/YDLIDAR_SDK/PkgConfig.pc.in
[0.992s] -- Up-to-date: /home/ngoc/Workspace/Graduation_Project/src/install/ydlidar_sdk/share/YDLIDAR_SDK/script_show_final_summary.cmake
[0.992s] -- Up-to-date: /home/ngoc/Workspace/Graduation_Project/src/install/ydlidar_sdk/share/YDLIDAR_SDK/FindPackage.cmake.in
[0.993s] -- Up-to-date: /home/ngoc/Workspace/Graduation_Project/src/install/ydlidar_sdk/share/YDLIDAR_SDK/install_package.cmake
[0.993s] -- Up-to-date: /home/ngoc/Workspace/Graduation_Project/src/install/ydlidar_sdk/share/YDLIDAR_SDK/cmake_uninstall.cmake.in
[0.993s] -- Up-to-date: /home/ngoc/Workspace/Graduation_Project/src/install/ydlidar_sdk/share/YDLIDAR_SDK/PackageConfig.cmake.in
[0.993s] -- Up-to-date: /home/ngoc/Workspace/Graduation_Project/src/install/ydlidar_sdk/share/YDLIDAR_SDK/common
[0.993s] -- Up-to-date: /home/ngoc/Workspace/Graduation_Project/src/install/ydlidar_sdk/share/YDLIDAR_SDK/common/ydlidar_parse.cmake
[0.993s] -- Up-to-date: /home/ngoc/Workspace/Graduation_Project/src/install/ydlidar_sdk/share/YDLIDAR_SDK/common/ydlidar_base.cmake
[0.993s] -- Up-to-date: /home/ngoc/Workspace/Graduation_Project/src/install/ydlidar_sdk/share/YDLIDAR_SDK/PackageConfigVersion.cmake.in
[0.993s] -- Up-to-date: /home/ngoc/Workspace/Graduation_Project/src/install/ydlidar_sdk/share/YDLIDAR_SDK/LICENSE.txt
[0.994s] -- Up-to-date: /home/ngoc/Workspace/Graduation_Project/src/install/ydlidar_sdk/share/YDLIDAR_SDK/README.md
[0.994s] -- Up-to-date: /home/ngoc/Workspace/Graduation_Project/src/install/ydlidar_sdk/share/YDLIDAR_SDK/doc
[1.000s] -- Up-to-date: /home/ngoc/Workspace/Graduation_Project/src/install/ydlidar_sdk/share/YDLIDAR_SDK/doc/YDLidar-SDK-Communication-Protocol.md
[1.000s] -- Up-to-date: /home/ngoc/Workspace/Graduation_Project/src/install/ydlidar_sdk/share/YDLIDAR_SDK/doc/Tutorials.md
[1.000s] -- Up-to-date: /home/ngoc/Workspace/Graduation_Project/src/install/ydlidar_sdk/share/YDLIDAR_SDK/doc/Diagram.md
[1.000s] -- Up-to-date: /home/ngoc/Workspace/Graduation_Project/src/install/ydlidar_sdk/share/YDLIDAR_SDK/doc/YDLidar-SDK-Communication-Protocol.pdf
[1.000s] -- Up-to-date: /home/ngoc/Workspace/Graduation_Project/src/install/ydlidar_sdk/share/YDLIDAR_SDK/doc/README.md
[1.000s] -- Up-to-date: /home/ngoc/Workspace/Graduation_Project/src/install/ydlidar_sdk/share/YDLIDAR_SDK/doc/Dataset.md
[1.001s] -- Up-to-date: /home/ngoc/Workspace/Graduation_Project/src/install/ydlidar_sdk/share/YDLIDAR_SDK/doc/quickstart
[1.001s] -- Up-to-date: /home/ngoc/Workspace/Graduation_Project/src/install/ydlidar_sdk/share/YDLIDAR_SDK/doc/quickstart/README.md
[1.003s] -- Up-to-date: /home/ngoc/Workspace/Graduation_Project/src/install/ydlidar_sdk/share/YDLIDAR_SDK/doc/quickstart/ydlidar_sdk_software_installation_guide.md
[1.003s] -- Up-to-date: /home/ngoc/Workspace/Graduation_Project/src/install/ydlidar_sdk/share/YDLIDAR_SDK/doc/images
[1.004s] -- Up-to-date: /home/ngoc/Workspace/Graduation_Project/src/install/ydlidar_sdk/share/YDLIDAR_SDK/doc/images/frame.png
[1.004s] -- Up-to-date: /home/ngoc/Workspace/Graduation_Project/src/install/ydlidar_sdk/share/YDLIDAR_SDK/doc/images/sdk_architecture.png
[1.004s] -- Up-to-date: /home/ngoc/Workspace/Graduation_Project/src/install/ydlidar_sdk/share/YDLIDAR_SDK/doc/images/frame_intensity.png
[1.004s] -- Up-to-date: /home/ngoc/Workspace/Graduation_Project/src/install/ydlidar_sdk/share/YDLIDAR_SDK/doc/images/sdk_scanning.png
[1.004s] -- Up-to-date: /home/ngoc/Workspace/Graduation_Project/src/install/ydlidar_sdk/share/YDLIDAR_SDK/doc/images/sequence.png
[1.004s] -- Up-to-date: /home/ngoc/Workspace/Graduation_Project/src/install/ydlidar_sdk/share/YDLIDAR_SDK/doc/images/system_workflow.png
[1.004s] -- Up-to-date: /home/ngoc/Workspace/Graduation_Project/src/install/ydlidar_sdk/share/YDLIDAR_SDK/doc/images/angle_q2.png
[1.005s] -- Up-to-date: /home/ngoc/Workspace/Graduation_Project/src/install/ydlidar_sdk/share/YDLIDAR_SDK/doc/images/FlowChart.png
[1.005s] -- Up-to-date: /home/ngoc/Workspace/Graduation_Project/src/install/ydlidar_sdk/share/YDLIDAR_SDK/doc/images/sdk_init.png
[1.005s] -- Up-to-date: /home/ngoc/Workspace/Graduation_Project/src/install/ydlidar_sdk/share/YDLIDAR_SDK/doc/images/YDLidar.png
[1.009s] -- Up-to-date: /home/ngoc/Workspace/Graduation_Project/src/install/ydlidar_sdk/share/YDLIDAR_SDK/doc/images/EAI.png
[1.010s] -- Up-to-date: /home/ngoc/Workspace/Graduation_Project/src/install/ydlidar_sdk/share/YDLIDAR_SDK/doc/images/communication_mechanism.png
[1.010s] -- Up-to-date: /home/ngoc/Workspace/Graduation_Project/src/install/ydlidar_sdk/share/YDLIDAR_SDK/doc/images/YDLidar.jpg
[1.010s] -- Up-to-date: /home/ngoc/Workspace/Graduation_Project/src/install/ydlidar_sdk/share/YDLIDAR_SDK/doc/YDLidar-SDK-Communication-Protocol.html
[1.011s] -- Up-to-date: /home/ngoc/Workspace/Graduation_Project/src/install/ydlidar_sdk/share/YDLIDAR_SDK/doc/YDLidar_SDK_Communication_Protocol.pdf
[1.011s] -- Up-to-date: /home/ngoc/Workspace/Graduation_Project/src/install/ydlidar_sdk/share/YDLIDAR_SDK/doc/FAQs
[1.011s] -- Up-to-date: /home/ngoc/Workspace/Graduation_Project/src/install/ydlidar_sdk/share/YDLIDAR_SDK/doc/FAQs/Hardware_FAQs.md
[1.012s] -- Up-to-date: /home/ngoc/Workspace/Graduation_Project/src/install/ydlidar_sdk/share/YDLIDAR_SDK/doc/FAQs/Hardware_FAQs_cn.md
[1.012s] -- Up-to-date: /home/ngoc/Workspace/Graduation_Project/src/install/ydlidar_sdk/share/YDLIDAR_SDK/doc/FAQs/Software_FAQs_cn.md
[1.012s] -- Up-to-date: /home/ngoc/Workspace/Graduation_Project/src/install/ydlidar_sdk/share/YDLIDAR_SDK/doc/FAQs/README.md
[1.012s] -- Up-to-date: /home/ngoc/Workspace/Graduation_Project/src/install/ydlidar_sdk/share/YDLIDAR_SDK/doc/FAQs/General_FAQs_cn.md
[1.013s] -- Up-to-date: /home/ngoc/Workspace/Graduation_Project/src/install/ydlidar_sdk/share/YDLIDAR_SDK/doc/FAQs/General_FAQs.md
[1.013s] -- Up-to-date: /home/ngoc/Workspace/Graduation_Project/src/install/ydlidar_sdk/share/YDLIDAR_SDK/doc/FAQs/Software_FAQs.md
[1.013s] -- Up-to-date: /home/ngoc/Workspace/Graduation_Project/src/install/ydlidar_sdk/share/YDLIDAR_SDK/doc/howto
[1.013s] -- Up-to-date: /home/ngoc/Workspace/Graduation_Project/src/install/ydlidar_sdk/share/YDLIDAR_SDK/doc/howto/how_to_build_and_debug_using_vscode.md
[1.013s] -- Up-to-date: /home/ngoc/Workspace/Graduation_Project/src/install/ydlidar_sdk/share/YDLIDAR_SDK/doc/howto/how_to_build_and_install.md
[1.015s] -- Up-to-date: /home/ngoc/Workspace/Graduation_Project/src/install/ydlidar_sdk/share/YDLIDAR_SDK/doc/howto/how_to_create_a_udev_rules.md
[1.015s] -- Up-to-date: /home/ngoc/Workspace/Graduation_Project/src/install/ydlidar_sdk/share/YDLIDAR_SDK/doc/howto/how_to_create_a_csharp_project.md
[1.015s] -- Up-to-date: /home/ngoc/Workspace/Graduation_Project/src/install/ydlidar_sdk/share/YDLIDAR_SDK/doc/howto/README.md
[1.015s] -- Up-to-date: /home/ngoc/Workspace/Graduation_Project/src/install/ydlidar_sdk/share/YDLIDAR_SDK/doc/howto/how_to_gerenrate_vs_project_by_cmake.md
[1.016s] -- Up-to-date: /home/ngoc/Workspace/Graduation_Project/src/install/ydlidar_sdk/share/YDLIDAR_SDK/doc/howto/images
[1.016s] -- Up-to-date: /home/ngoc/Workspace/Graduation_Project/src/install/ydlidar_sdk/share/YDLIDAR_SDK/doc/howto/images/csharp_exception.png
[1.017s] -- Up-to-date: /home/ngoc/Workspace/Graduation_Project/src/install/ydlidar_sdk/share/YDLIDAR_SDK/doc/howto/images/sdk_scanning.png
[1.018s] -- Up-to-date: /home/ngoc/Workspace/Graduation_Project/src/install/ydlidar_sdk/share/YDLIDAR_SDK/doc/howto/images/ttyUSB0.png
[1.018s] -- Up-to-date: /home/ngoc/Workspace/Graduation_Project/src/install/ydlidar_sdk/share/YDLIDAR_SDK/doc/howto/images/sequence.png
[1.018s] -- Up-to-date: /home/ngoc/Workspace/Graduation_Project/src/install/ydlidar_sdk/share/YDLIDAR_SDK/doc/howto/images/cpack.png
[1.020s] -- Up-to-date: /home/ngoc/Workspace/Graduation_Project/src/install/ydlidar_sdk/share/YDLIDAR_SDK/doc/howto/images/csharp_build.png
[1.020s] -- Up-to-date: /home/ngoc/Workspace/Graduation_Project/src/install/ydlidar_sdk/share/YDLIDAR_SDK/doc/howto/images/ydlidar_lidar_monitor.png
[1.021s] -- Up-to-date: /home/ngoc/Workspace/Graduation_Project/src/install/ydlidar_sdk/share/YDLIDAR_SDK/doc/howto/images/sdk_init.png
[1.021s] -- Up-to-date: /home/ngoc/Workspace/Graduation_Project/src/install/ydlidar_sdk/share/YDLIDAR_SDK/doc/howto/images/csharp_project.png
[1.024s] -- Up-to-date: /home/ngoc/Workspace/Graduation_Project/src/install/ydlidar_sdk/share/YDLIDAR_SDK/doc/howto/images/csharp_library.png
[1.024s] -- Up-to-date: /home/ngoc/Workspace/Graduation_Project/src/install/ydlidar_sdk/share/YDLIDAR_SDK/doc/howto/images/csharp_running.png
[1.025s] -- Up-to-date: /home/ngoc/Workspace/Graduation_Project/src/install/ydlidar_sdk/share/YDLIDAR_SDK/doc/howto/images/ttyUSB1.png
[1.025s] -- Up-to-date: /home/ngoc/Workspace/Graduation_Project/src/install/ydlidar_sdk/share/YDLIDAR_SDK/doc/howto/images/vscode
[1.025s] -- Up-to-date: /home/ngoc/Workspace/Graduation_Project/src/install/ydlidar_sdk/share/YDLIDAR_SDK/doc/howto/images/vscode/run_tasks.jpg
[1.025s] -- Up-to-date: /home/ngoc/Workspace/Graduation_Project/src/install/ydlidar_sdk/share/YDLIDAR_SDK/doc/howto/images/vscode/tasks.png
[1.026s] -- Up-to-date: /home/ngoc/Workspace/Graduation_Project/src/install/ydlidar_sdk/share/YDLIDAR_SDK/doc/howto/how_to_solve_slow_pull_from_cn.md
[1.026s] -- Up-to-date: /home/ngoc/Workspace/Graduation_Project/src/install/ydlidar_sdk/share/YDLIDAR_SDK/doc/howto/how_to_create_a_pull.md
[1.026s] -- Up-to-date: /home/ngoc/Workspace/Graduation_Project/src/install/ydlidar_sdk/share/YDLIDAR_SDK/doc/SDK.pdf
[1.026s] -- Up-to-date: /home/ngoc/Workspace/Graduation_Project/src/install/ydlidar_sdk/share/YDLIDAR_SDK/doc/YDLIDAR_SDK_API_for_Developers.md
[1.026s] -- Up-to-date: /home/ngoc/Workspace/Graduation_Project/src/install/ydlidar_sdk/share/YDLIDAR_SDK/doc/tutorials
[1.026s] -- Up-to-date: /home/ngoc/Workspace/Graduation_Project/src/install/ydlidar_sdk/share/YDLIDAR_SDK/doc/tutorials/writing_lidar_tutorial_python.md
[1.027s] -- Up-to-date: /home/ngoc/Workspace/Graduation_Project/src/install/ydlidar_sdk/share/YDLIDAR_SDK/doc/tutorials/writing_lidar_tutorial_c++.md
[1.032s] -- Up-to-date: /home/ngoc/Workspace/Graduation_Project/src/install/ydlidar_sdk/share/YDLIDAR_SDK/doc/tutorials/writing_lidar_tutorial_c.md
[1.032s] -- Up-to-date: /home/ngoc/Workspace/Graduation_Project/src/install/ydlidar_sdk/share/YDLIDAR_SDK/doc/tutorials/examine_the_simple_lidar_tutorial.md
[1.039s] -- Up-to-date: /home/ngoc/Workspace/Graduation_Project/src/install/ydlidar_sdk/share/YDLIDAR_SDK/doc/tutorials/writing_lidar_network_adapter_tutorial_c++.md
[1.042s] -- Up-to-date: /home/ngoc/Workspace/Graduation_Project/src/install/ydlidar_sdk/startup/initenv.sh
[1.042s] -- Up-to-date: /home/ngoc/Workspace/Graduation_Project/src/install/ydlidar_sdk/bin/et_test
[1.042s] -- Up-to-date: /home/ngoc/Workspace/Graduation_Project/src/install/ydlidar_sdk/bin/gs_ota
[1.061s] -- Up-to-date: /home/ngoc/Workspace/Graduation_Project/src/install/ydlidar_sdk/bin/gs_test
[1.061s] -- Up-to-date: /home/ngoc/Workspace/Graduation_Project/src/install/ydlidar_sdk/bin/gs_test2
[1.062s] -- Up-to-date: /home/ngoc/Workspace/Graduation_Project/src/install/ydlidar_sdk/bin/scl_test
[1.062s] -- Up-to-date: /home/ngoc/Workspace/Graduation_Project/src/install/ydlidar_sdk/bin/sdm18_test
[1.062s] -- Up-to-date: /home/ngoc/Workspace/Graduation_Project/src/install/ydlidar_sdk/bin/sdm_test
[1.069s] -- Up-to-date: /home/ngoc/Workspace/Graduation_Project/src/install/ydlidar_sdk/bin/tea_test
[1.073s] -- Up-to-date: /home/ngoc/Workspace/Graduation_Project/src/install/ydlidar_sdk/bin/tmini_test
[1.073s] -- Up-to-date: /home/ngoc/Workspace/Graduation_Project/src/install/ydlidar_sdk/bin/tof_test
[1.074s] -- Up-to-date: /home/ngoc/Workspace/Graduation_Project/src/install/ydlidar_sdk/bin/tri_and_gs_test
[1.074s] -- Up-to-date: /home/ngoc/Workspace/Graduation_Project/src/install/ydlidar_sdk/bin/tri_restart
[1.074s] -- Up-to-date: /home/ngoc/Workspace/Graduation_Project/src/install/ydlidar_sdk/bin/tri_test
[1.074s] -- Up-to-date: /home/ngoc/Workspace/Graduation_Project/src/install/ydlidar_sdk/bin/lidar_c_api_test
[1.081s] Invoked command in '/home/ngoc/Workspace/Graduation_Project/src/build/ydlidar_sdk' returned '0': /usr/bin/cmake --install /home/ngoc/Workspace/Graduation_Project/src/build/ydlidar_sdk
