-- Install configuration: ""
-- Up-to-date: /home/ngoc/Workspace/Graduation_Project/src/install/rviz2_dashgo/share/rviz2_dashgo/rviz
-- Up-to-date: /home/ngoc/Workspace/Graduation_Project/src/install/rviz2_dashgo/share/rviz2_dashgo/rviz/view_navigation.rviz
-- Up-to-date: /home/ngoc/Workspace/Graduation_Project/src/install/rviz2_dashgo/share/rviz2_dashgo/rviz/lidar.rviz
-- Up-to-date: /home/ngoc/Workspace/Graduation_Project/src/install/rviz2_dashgo/share/rviz2_dashgo/rviz/multi_goal.rviz
-- Up-to-date: /home/ngoc/Workspace/Graduation_Project/src/install/rviz2_dashgo/share/rviz2_dashgo/rviz/view_navigation_sonar.rviz
-- Up-to-date: /home/ngoc/Workspace/Graduation_Project/src/install/rviz2_dashgo/share/rviz2_dashgo/rviz/pathgo_imu.rviz
-- Up-to-date: /home/ngoc/Workspace/Graduation_Project/src/install/rviz2_dashgo/share/rviz2_dashgo/launch
-- Up-to-date: /home/ngoc/Workspace/Graduation_Project/src/install/rviz2_dashgo/share/rviz2_dashgo/launch/view_navigation.launch
-- Up-to-date: /home/ngoc/Workspace/Graduation_Project/src/install/rviz2_dashgo/share/rviz2_dashgo/launch/multi_goal.launch
-- Up-to-date: /home/ngoc/Workspace/Graduation_Project/src/install/rviz2_dashgo/share/rviz2_dashgo/launch/view_navigation_sonar.launch
-- Up-to-date: /home/ngoc/Workspace/Graduation_Project/src/install/rviz2_dashgo/share/rviz2_dashgo/launch/view_navigation_sonar.launch.py
-- Up-to-date: /home/ngoc/Workspace/Graduation_Project/src/install/rviz2_dashgo/share/rviz2_dashgo/launch/view_imu.launch
-- Up-to-date: /home/ngoc/Workspace/Graduation_Project/src/install/rviz2_dashgo/share/rviz2_dashgo/launch/view_imu.launch.py
-- Up-to-date: /home/ngoc/Workspace/Graduation_Project/src/install/rviz2_dashgo/share/rviz2_dashgo/launch/view_lidar.launch
-- Up-to-date: /home/ngoc/Workspace/Graduation_Project/src/install/rviz2_dashgo/share/rviz2_dashgo/launch/view_lidar.launch.py
-- Up-to-date: /home/ngoc/Workspace/Graduation_Project/src/install/rviz2_dashgo/share/rviz2_dashgo/launch/view_navigation.launch.py
-- Up-to-date: /home/ngoc/Workspace/Graduation_Project/src/install/rviz2_dashgo/share/rviz2_dashgo/launch/multi_goal.launch.py
-- Up-to-date: /home/ngoc/Workspace/Graduation_Project/src/install/rviz2_dashgo/share/ament_index/resource_index/package_run_dependencies/rviz2_dashgo
-- Up-to-date: /home/ngoc/Workspace/Graduation_Project/src/install/rviz2_dashgo/share/ament_index/resource_index/parent_prefix_path/rviz2_dashgo
-- Up-to-date: /home/ngoc/Workspace/Graduation_Project/src/install/rviz2_dashgo/share/rviz2_dashgo/environment/ament_prefix_path.sh
-- Up-to-date: /home/ngoc/Workspace/Graduation_Project/src/install/rviz2_dashgo/share/rviz2_dashgo/environment/ament_prefix_path.dsv
-- Up-to-date: /home/ngoc/Workspace/Graduation_Project/src/install/rviz2_dashgo/share/rviz2_dashgo/environment/path.sh
-- Up-to-date: /home/ngoc/Workspace/Graduation_Project/src/install/rviz2_dashgo/share/rviz2_dashgo/environment/path.dsv
-- Up-to-date: /home/ngoc/Workspace/Graduation_Project/src/install/rviz2_dashgo/share/rviz2_dashgo/local_setup.bash
-- Up-to-date: /home/ngoc/Workspace/Graduation_Project/src/install/rviz2_dashgo/share/rviz2_dashgo/local_setup.sh
-- Up-to-date: /home/ngoc/Workspace/Graduation_Project/src/install/rviz2_dashgo/share/rviz2_dashgo/local_setup.zsh
-- Up-to-date: /home/ngoc/Workspace/Graduation_Project/src/install/rviz2_dashgo/share/rviz2_dashgo/local_setup.dsv
-- Up-to-date: /home/ngoc/Workspace/Graduation_Project/src/install/rviz2_dashgo/share/rviz2_dashgo/package.dsv
-- Up-to-date: /home/ngoc/Workspace/Graduation_Project/src/install/rviz2_dashgo/share/ament_index/resource_index/packages/rviz2_dashgo
-- Up-to-date: /home/ngoc/Workspace/Graduation_Project/src/install/rviz2_dashgo/share/rviz2_dashgo/cmake/rviz2_dashgoConfig.cmake
-- Up-to-date: /home/ngoc/Workspace/Graduation_Project/src/install/rviz2_dashgo/share/rviz2_dashgo/cmake/rviz2_dashgoConfig-version.cmake
-- Up-to-date: /home/ngoc/Workspace/Graduation_Project/src/install/rviz2_dashgo/share/rviz2_dashgo/package.xml
