[0.048s] Invoking command in '/home/ngoc/Workspace/Graduation_Project/build/rplidar_ros': CMAKE_PREFIX_PATH=${CMAKE_PREFIX_PATH}:/home/ngoc/Workspace/Graduation_Project/install/teleop_twist_keyboard:/opt/ros/humble /usr/bin/cmake --build /home/ngoc/Workspace/Graduation_Project/build/rplidar_ros -- -j8 -l8
[0.153s] [  5%] Built target rplidar_client
[0.167s] [ 52%] Built target rplidar_node
[0.168s] [100%] Built target rplidar_composition
[0.511s] Invoked command in '/home/ngoc/Workspace/Graduation_Project/build/rplidar_ros' returned '0': CMAKE_PREFIX_PATH=${CMAKE_PREFIX_PATH}:/home/ngoc/Workspace/Graduation_Project/install/teleop_twist_keyboard:/opt/ros/humble /usr/bin/cmake --build /home/ngoc/Workspace/Graduation_Project/build/rplidar_ros -- -j8 -l8
[0.832s] Invoking command in '/home/ngoc/Workspace/Graduation_Project/build/rplidar_ros': CMAKE_PREFIX_PATH=${CMAKE_PREFIX_PATH}:/home/ngoc/Workspace/Graduation_Project/install/teleop_twist_keyboard:/opt/ros/humble /usr/bin/cmake --install /home/ngoc/Workspace/Graduation_Project/build/rplidar_ros
[0.926s] -- Install configuration: ""
[0.927s] -- Up-to-date: /home/ngoc/Workspace/Graduation_Project/install/rplidar_ros/share/rplidar_ros/launch
[0.929s] -- Up-to-date: /home/ngoc/Workspace/Graduation_Project/install/rplidar_ros/share/rplidar_ros/launch/rplidar_t1_launch.py
[0.930s] -- Up-to-date: /home/ngoc/Workspace/Graduation_Project/install/rplidar_ros/share/rplidar_ros/launch/view_rplidar_s1_launch.py
[0.931s] -- Up-to-date: /home/ngoc/Workspace/Graduation_Project/install/rplidar_ros/share/rplidar_ros/launch/view_rplidar_s2e_launch.py
[0.931s] -- Up-to-date: /home/ngoc/Workspace/Graduation_Project/install/rplidar_ros/share/rplidar_ros/launch/rplidar_a1_launch.py
[0.933s] -- Up-to-date: /home/ngoc/Workspace/Graduation_Project/install/rplidar_ros/share/rplidar_ros/launch/view_rplidar_a3_launch.py
[0.933s] -- Up-to-date: /home/ngoc/Workspace/Graduation_Project/install/rplidar_ros/share/rplidar_ros/launch/view_rplidar_a2m7_launch.py
[0.933s] -- Up-to-date: /home/ngoc/Workspace/Graduation_Project/install/rplidar_ros/share/rplidar_ros/launch/rplidar_a3_launch.py
[0.934s] -- Up-to-date: /home/ngoc/Workspace/Graduation_Project/install/rplidar_ros/share/rplidar_ros/launch/rplidar_s1_launch.py
[0.934s] -- Up-to-date: /home/ngoc/Workspace/Graduation_Project/install/rplidar_ros/share/rplidar_ros/launch/rplidar_a2m12_launch.py
[0.934s] -- Up-to-date: /home/ngoc/Workspace/Graduation_Project/install/rplidar_ros/share/rplidar_ros/launch/rplidar_a2m8_launch.py
[0.934s] -- Up-to-date: /home/ngoc/Workspace/Graduation_Project/install/rplidar_ros/share/rplidar_ros/launch/view_rplidar_a1_launch.py
[0.937s] -- Up-to-date: /home/ngoc/Workspace/Graduation_Project/install/rplidar_ros/share/rplidar_ros/launch/view_rplidar_s1_tcp_launch.py
[0.941s] -- Up-to-date: /home/ngoc/Workspace/Graduation_Project/install/rplidar_ros/share/rplidar_ros/launch/rplidar_a2m7_launch.py
[0.941s] -- Up-to-date: /home/ngoc/Workspace/Graduation_Project/install/rplidar_ros/share/rplidar_ros/launch/view_rplidar_s2_launch.py
[0.941s] -- Up-to-date: /home/ngoc/Workspace/Graduation_Project/install/rplidar_ros/share/rplidar_ros/launch/view_rplidar_c1_launch.py
[0.941s] -- Up-to-date: /home/ngoc/Workspace/Graduation_Project/install/rplidar_ros/share/rplidar_ros/launch/view_rplidar_a2m12_launch.py
[0.941s] -- Up-to-date: /home/ngoc/Workspace/Graduation_Project/install/rplidar_ros/share/rplidar_ros/launch/rplidar_c1_launch.py
[0.942s] -- Up-to-date: /home/ngoc/Workspace/Graduation_Project/install/rplidar_ros/share/rplidar_ros/launch/rplidar_s2_launch.py
[0.942s] -- Up-to-date: /home/ngoc/Workspace/Graduation_Project/install/rplidar_ros/share/rplidar_ros/launch/view_rplidar_s3_launch.py
[0.942s] -- Up-to-date: /home/ngoc/Workspace/Graduation_Project/install/rplidar_ros/share/rplidar_ros/launch/view_rplidar_a2m8_launch.py
[0.942s] -- Up-to-date: /home/ngoc/Workspace/Graduation_Project/install/rplidar_ros/share/rplidar_ros/launch/view_rplidar_t1_launch.py
[0.942s] -- Up-to-date: /home/ngoc/Workspace/Graduation_Project/install/rplidar_ros/share/rplidar_ros/launch/rplidar_s3_launch.py
[0.942s] -- Up-to-date: /home/ngoc/Workspace/Graduation_Project/install/rplidar_ros/share/rplidar_ros/launch/rplidar_s1_tcp_launch.py
[0.942s] -- Up-to-date: /home/ngoc/Workspace/Graduation_Project/install/rplidar_ros/share/rplidar_ros/launch/rplidar_s2e_launch.py
[0.942s] -- Up-to-date: /home/ngoc/Workspace/Graduation_Project/install/rplidar_ros/share/rplidar_ros/rviz
[0.943s] -- Up-to-date: /home/ngoc/Workspace/Graduation_Project/install/rplidar_ros/share/rplidar_ros/rviz/rplidar_ros.rviz
[0.943s] -- Up-to-date: /home/ngoc/Workspace/Graduation_Project/install/rplidar_ros/lib/rplidar_ros/rplidar_node
[0.943s] -- Up-to-date: /home/ngoc/Workspace/Graduation_Project/install/rplidar_ros/lib/rplidar_ros/rplidar_composition
[0.943s] -- Up-to-date: /home/ngoc/Workspace/Graduation_Project/install/rplidar_ros/lib/rplidar_ros/rplidar_client
[0.943s] -- Up-to-date: /home/ngoc/Workspace/Graduation_Project/install/rplidar_ros/share/ament_index/resource_index/package_run_dependencies/rplidar_ros
[0.943s] -- Up-to-date: /home/ngoc/Workspace/Graduation_Project/install/rplidar_ros/share/ament_index/resource_index/parent_prefix_path/rplidar_ros
[0.943s] -- Up-to-date: /home/ngoc/Workspace/Graduation_Project/install/rplidar_ros/share/rplidar_ros/environment/ament_prefix_path.sh
[0.943s] -- Up-to-date: /home/ngoc/Workspace/Graduation_Project/install/rplidar_ros/share/rplidar_ros/environment/ament_prefix_path.dsv
[0.944s] -- Up-to-date: /home/ngoc/Workspace/Graduation_Project/install/rplidar_ros/share/rplidar_ros/environment/path.sh
[0.944s] -- Up-to-date: /home/ngoc/Workspace/Graduation_Project/install/rplidar_ros/share/rplidar_ros/environment/path.dsv
[0.944s] -- Up-to-date: /home/ngoc/Workspace/Graduation_Project/install/rplidar_ros/share/rplidar_ros/local_setup.bash
[0.946s] -- Up-to-date: /home/ngoc/Workspace/Graduation_Project/install/rplidar_ros/share/rplidar_ros/local_setup.sh
[0.946s] -- Up-to-date: /home/ngoc/Workspace/Graduation_Project/install/rplidar_ros/share/rplidar_ros/local_setup.zsh
[0.946s] -- Up-to-date: /home/ngoc/Workspace/Graduation_Project/install/rplidar_ros/share/rplidar_ros/local_setup.dsv
[0.946s] -- Installing: /home/ngoc/Workspace/Graduation_Project/install/rplidar_ros/share/rplidar_ros/package.dsv
[0.947s] -- Up-to-date: /home/ngoc/Workspace/Graduation_Project/install/rplidar_ros/share/ament_index/resource_index/packages/rplidar_ros
[0.947s] -- Up-to-date: /home/ngoc/Workspace/Graduation_Project/install/rplidar_ros/share/rplidar_ros/cmake/ament_cmake_export_dependencies-extras.cmake
[0.949s] -- Up-to-date: /home/ngoc/Workspace/Graduation_Project/install/rplidar_ros/share/rplidar_ros/cmake/ament_cmake_export_include_directories-extras.cmake
[0.950s] -- Up-to-date: /home/ngoc/Workspace/Graduation_Project/install/rplidar_ros/share/rplidar_ros/cmake/rplidar_rosConfig.cmake
[0.950s] -- Up-to-date: /home/ngoc/Workspace/Graduation_Project/install/rplidar_ros/share/rplidar_ros/cmake/rplidar_rosConfig-version.cmake
[0.950s] -- Up-to-date: /home/ngoc/Workspace/Graduation_Project/install/rplidar_ros/share/rplidar_ros/package.xml
[1.016s] Invoked command in '/home/ngoc/Workspace/Graduation_Project/build/rplidar_ros' returned '0': CMAKE_PREFIX_PATH=${CMAKE_PREFIX_PATH}:/home/ngoc/Workspace/Graduation_Project/install/teleop_twist_keyboard:/opt/ros/humble /usr/bin/cmake --install /home/ngoc/Workspace/Graduation_Project/build/rplidar_ros
