[0.025s] Invoking command in '/home/ngoc/Workspace/Graduation_Project/src/build/kobuki_velocity_smoother': CMAKE_PREFIX_PATH=${CMAKE_PREFIX_PATH}:/home/ngoc/Workspace/Graduation_Project/src/install/teleop_twist_keyboard:/home/ngoc/Workspace/Graduation_Project/install/teleop_twist_keyboard:/opt/ros/humble /usr/bin/cmake --build /home/ngoc/Workspace/Graduation_Project/src/build/kobuki_velocity_smoother -- -j8 -l8
[0.075s] [35m[1mConsolidate compiler generated dependencies of target kobuki_velocity_smoother[0m
[0.098s] [ 25%] [32mBuilding CXX object CMakeFiles/kobuki_velocity_smoother.dir/src/velocity_smoother.cpp.o[0m
[12.469s] [ 50%] [32m[1mLinking CXX shared library libkobuki_velocity_smoother.so[0m
[13.182s] [ 50%] Built target kobuki_velocity_smoother
[13.213s] [ 75%] [32m[1mLinking CXX executable velocity_smoother[0m
[13.489s] [100%] Built target velocity_smoother_node
[13.503s] Invoked command in '/home/ngoc/Workspace/Graduation_Project/src/build/kobuki_velocity_smoother' returned '0': CMAKE_PREFIX_PATH=${CMAKE_PREFIX_PATH}:/home/ngoc/Workspace/Graduation_Project/src/install/teleop_twist_keyboard:/home/ngoc/Workspace/Graduation_Project/install/teleop_twist_keyboard:/opt/ros/humble /usr/bin/cmake --build /home/ngoc/Workspace/Graduation_Project/src/build/kobuki_velocity_smoother -- -j8 -l8
[13.548s] Invoking command in '/home/ngoc/Workspace/Graduation_Project/src/build/kobuki_velocity_smoother': CMAKE_PREFIX_PATH=${CMAKE_PREFIX_PATH}:/home/ngoc/Workspace/Graduation_Project/src/install/teleop_twist_keyboard:/home/ngoc/Workspace/Graduation_Project/install/teleop_twist_keyboard:/opt/ros/humble /usr/bin/cmake --install /home/ngoc/Workspace/Graduation_Project/src/build/kobuki_velocity_smoother
[13.558s] -- Install configuration: ""
[13.559s] -- Installing: /home/ngoc/Workspace/Graduation_Project/src/install/kobuki_velocity_smoother/lib/libkobuki_velocity_smoother.so
[13.577s] -- Set runtime path of "/home/ngoc/Workspace/Graduation_Project/src/install/kobuki_velocity_smoother/lib/libkobuki_velocity_smoother.so" to ""
[13.577s] -- Up-to-date: /home/ngoc/Workspace/Graduation_Project/src/install/kobuki_velocity_smoother/include/kobuki_velocity_smoother
[13.577s] -- Up-to-date: /home/ngoc/Workspace/Graduation_Project/src/install/kobuki_velocity_smoother/include/kobuki_velocity_smoother/velocity_smoother.hpp
[13.578s] -- Installing: /home/ngoc/Workspace/Graduation_Project/src/install/kobuki_velocity_smoother/lib/kobuki_velocity_smoother/velocity_smoother
[13.579s] -- Set runtime path of "/home/ngoc/Workspace/Graduation_Project/src/install/kobuki_velocity_smoother/lib/kobuki_velocity_smoother/velocity_smoother" to ""
[13.580s] -- Up-to-date: /home/ngoc/Workspace/Graduation_Project/src/install/kobuki_velocity_smoother/share/kobuki_velocity_smoother/config
[13.580s] -- Up-to-date: /home/ngoc/Workspace/Graduation_Project/src/install/kobuki_velocity_smoother/share/kobuki_velocity_smoother/config/velocity_smoother_params.yaml
[13.580s] -- Up-to-date: /home/ngoc/Workspace/Graduation_Project/src/install/kobuki_velocity_smoother/share/kobuki_velocity_smoother/launch
[13.580s] -- Up-to-date: /home/ngoc/Workspace/Graduation_Project/src/install/kobuki_velocity_smoother/share/kobuki_velocity_smoother/launch/velocity_smoother-composed-launch.py
[13.580s] -- Up-to-date: /home/ngoc/Workspace/Graduation_Project/src/install/kobuki_velocity_smoother/share/kobuki_velocity_smoother/launch/velocity_smoother-launch.py
[13.580s] -- Up-to-date: /home/ngoc/Workspace/Graduation_Project/src/install/kobuki_velocity_smoother/share/ament_index/resource_index/package_run_dependencies/kobuki_velocity_smoother
[13.580s] -- Up-to-date: /home/ngoc/Workspace/Graduation_Project/src/install/kobuki_velocity_smoother/share/ament_index/resource_index/parent_prefix_path/kobuki_velocity_smoother
[13.581s] -- Up-to-date: /home/ngoc/Workspace/Graduation_Project/src/install/kobuki_velocity_smoother/share/kobuki_velocity_smoother/environment/ament_prefix_path.sh
[13.581s] -- Up-to-date: /home/ngoc/Workspace/Graduation_Project/src/install/kobuki_velocity_smoother/share/kobuki_velocity_smoother/environment/ament_prefix_path.dsv
[13.581s] -- Up-to-date: /home/ngoc/Workspace/Graduation_Project/src/install/kobuki_velocity_smoother/share/kobuki_velocity_smoother/environment/path.sh
[13.581s] -- Up-to-date: /home/ngoc/Workspace/Graduation_Project/src/install/kobuki_velocity_smoother/share/kobuki_velocity_smoother/environment/path.dsv
[13.581s] -- Up-to-date: /home/ngoc/Workspace/Graduation_Project/src/install/kobuki_velocity_smoother/share/kobuki_velocity_smoother/local_setup.bash
[13.582s] -- Up-to-date: /home/ngoc/Workspace/Graduation_Project/src/install/kobuki_velocity_smoother/share/kobuki_velocity_smoother/local_setup.sh
[13.582s] -- Up-to-date: /home/ngoc/Workspace/Graduation_Project/src/install/kobuki_velocity_smoother/share/kobuki_velocity_smoother/local_setup.zsh
[13.582s] -- Up-to-date: /home/ngoc/Workspace/Graduation_Project/src/install/kobuki_velocity_smoother/share/kobuki_velocity_smoother/local_setup.dsv
[13.582s] -- Installing: /home/ngoc/Workspace/Graduation_Project/src/install/kobuki_velocity_smoother/share/kobuki_velocity_smoother/package.dsv
[13.587s] -- Up-to-date: /home/ngoc/Workspace/Graduation_Project/src/install/kobuki_velocity_smoother/share/ament_index/resource_index/packages/kobuki_velocity_smoother
[13.587s] -- Up-to-date: /home/ngoc/Workspace/Graduation_Project/src/install/kobuki_velocity_smoother/share/ament_index/resource_index/rclcpp_components/kobuki_velocity_smoother
[13.587s] -- Up-to-date: /home/ngoc/Workspace/Graduation_Project/src/install/kobuki_velocity_smoother/share/kobuki_velocity_smoother/cmake/kobuki_velocity_smootherConfig.cmake
[13.587s] -- Up-to-date: /home/ngoc/Workspace/Graduation_Project/src/install/kobuki_velocity_smoother/share/kobuki_velocity_smoother/cmake/kobuki_velocity_smootherConfig-version.cmake
[13.588s] -- Up-to-date: /home/ngoc/Workspace/Graduation_Project/src/install/kobuki_velocity_smoother/share/kobuki_velocity_smoother/package.xml
[13.588s] Invoked command in '/home/ngoc/Workspace/Graduation_Project/src/build/kobuki_velocity_smoother' returned '0': CMAKE_PREFIX_PATH=${CMAKE_PREFIX_PATH}:/home/ngoc/Workspace/Graduation_Project/src/install/teleop_twist_keyboard:/home/ngoc/Workspace/Graduation_Project/install/teleop_twist_keyboard:/opt/ros/humble /usr/bin/cmake --install /home/ngoc/Workspace/Graduation_Project/src/build/kobuki_velocity_smoother
