[0.047s] Invoking command in '/home/ngoc/Workspace/Graduation_Project/src/build/simulations': CMAKE_PREFIX_PATH=${CMAKE_PREFIX_PATH}:/home/ngoc/Workspace/Graduation_Project/install/teleop_twist_keyboard:/opt/ros/humble /usr/bin/cmake --build /home/ngoc/Workspace/Graduation_Project/src/build/simulations -- -j8 -l8
[0.445s] Invoked command in '/home/ngoc/Workspace/Graduation_Project/src/build/simulations' returned '0': CMAKE_PREFIX_PATH=${CMAKE_PREFIX_PATH}:/home/ngoc/Workspace/Graduation_Project/install/teleop_twist_keyboard:/opt/ros/humble /usr/bin/cmake --build /home/ngoc/Workspace/Graduation_Project/src/build/simulations -- -j8 -l8
[0.533s] Invoking command in '/home/ngoc/Workspace/Graduation_Project/src/build/simulations': CMAKE_PREFIX_PATH=${CMAKE_PREFIX_PATH}:/home/ngoc/Workspace/Graduation_Project/install/teleop_twist_keyboard:/opt/ros/humble /usr/bin/cmake --install /home/ngoc/Workspace/Graduation_Project/src/build/simulations
[0.557s] -- Install configuration: ""
[0.557s] -- Up-to-date: /home/ngoc/Workspace/Graduation_Project/src/install/simulations/share/ament_index/resource_index/package_run_dependencies/simulations
[0.560s] -- Up-to-date: /home/ngoc/Workspace/Graduation_Project/src/install/simulations/share/ament_index/resource_index/parent_prefix_path/simulations
[0.561s] -- Up-to-date: /home/ngoc/Workspace/Graduation_Project/src/install/simulations/share/simulations/environment/ament_prefix_path.sh
[0.561s] -- Up-to-date: /home/ngoc/Workspace/Graduation_Project/src/install/simulations/share/simulations/environment/ament_prefix_path.dsv
[0.561s] -- Up-to-date: /home/ngoc/Workspace/Graduation_Project/src/install/simulations/share/simulations/environment/path.sh
[0.561s] -- Up-to-date: /home/ngoc/Workspace/Graduation_Project/src/install/simulations/share/simulations/environment/path.dsv
[0.561s] -- Up-to-date: /home/ngoc/Workspace/Graduation_Project/src/install/simulations/share/simulations/local_setup.bash
[0.562s] -- Up-to-date: /home/ngoc/Workspace/Graduation_Project/src/install/simulations/share/simulations/local_setup.sh
[0.562s] -- Up-to-date: /home/ngoc/Workspace/Graduation_Project/src/install/simulations/share/simulations/local_setup.zsh
[0.562s] -- Up-to-date: /home/ngoc/Workspace/Graduation_Project/src/install/simulations/share/simulations/local_setup.dsv
[0.562s] -- Up-to-date: /home/ngoc/Workspace/Graduation_Project/src/install/simulations/share/simulations/package.dsv
[0.562s] -- Up-to-date: /home/ngoc/Workspace/Graduation_Project/src/install/simulations/share/ament_index/resource_index/packages/simulations
[0.562s] -- Up-to-date: /home/ngoc/Workspace/Graduation_Project/src/install/simulations/share/simulations/cmake/simulationsConfig.cmake
[0.562s] -- Up-to-date: /home/ngoc/Workspace/Graduation_Project/src/install/simulations/share/simulations/cmake/simulationsConfig-version.cmake
[0.563s] -- Up-to-date: /home/ngoc/Workspace/Graduation_Project/src/install/simulations/share/simulations/package.xml
[0.600s] Invoked command in '/home/ngoc/Workspace/Graduation_Project/src/build/simulations' returned '0': CMAKE_PREFIX_PATH=${CMAKE_PREFIX_PATH}:/home/ngoc/Workspace/Graduation_Project/install/teleop_twist_keyboard:/opt/ros/humble /usr/bin/cmake --install /home/ngoc/Workspace/Graduation_Project/src/build/simulations
