[0.421s] Invoking command in '/home/ngoc/Workspace/Graduation_Project/src/build/ydlidar_ros2_driver': CMAKE_PREFIX_PATH=${CMAKE_PREFIX_PATH}:/home/ngoc/Workspace/Graduation_Project/src/install/teleop_twist_keyboard:/home/ngoc/Workspace/Graduation_Project/install/teleop_twist_keyboard:/opt/ros/humble /usr/bin/cmake --build /home/ngoc/Workspace/Graduation_Project/src/build/ydlidar_ros2_driver -- -j8 -l8
[0.527s] [ 50%] Built target ydlidar_ros2_driver_node
[0.542s] [100%] Built target ydlidar_ros2_driver_client
[0.606s] Invoked command in '/home/ngoc/Workspace/Graduation_Project/src/build/ydlidar_ros2_driver' returned '0': CMAKE_PREFIX_PATH=${CMAKE_PREFIX_PATH}:/home/ngoc/Workspace/Graduation_Project/src/install/teleop_twist_keyboard:/home/ngoc/Workspace/Graduation_Project/install/teleop_twist_keyboard:/opt/ros/humble /usr/bin/cmake --build /home/ngoc/Workspace/Graduation_Project/src/build/ydlidar_ros2_driver -- -j8 -l8
[0.863s] Invoking command in '/home/ngoc/Workspace/Graduation_Project/src/build/ydlidar_ros2_driver': CMAKE_PREFIX_PATH=${CMAKE_PREFIX_PATH}:/home/ngoc/Workspace/Graduation_Project/src/install/teleop_twist_keyboard:/home/ngoc/Workspace/Graduation_Project/install/teleop_twist_keyboard:/opt/ros/humble /usr/bin/cmake --install /home/ngoc/Workspace/Graduation_Project/src/build/ydlidar_ros2_driver
[0.874s] -- Install configuration: ""
[0.875s] -- Up-to-date: /home/ngoc/Workspace/Graduation_Project/src/install/ydlidar_ros2_driver/lib/ydlidar_ros2_driver/ydlidar_ros2_driver_node
[0.878s] -- Up-to-date: /home/ngoc/Workspace/Graduation_Project/src/install/ydlidar_ros2_driver/lib/ydlidar_ros2_driver/ydlidar_ros2_driver_client
[0.878s] -- Up-to-date: /home/ngoc/Workspace/Graduation_Project/src/install/ydlidar_ros2_driver/share/ydlidar_ros2_driver/launch
[0.878s] -- Up-to-date: /home/ngoc/Workspace/Graduation_Project/src/install/ydlidar_ros2_driver/share/ydlidar_ros2_driver/launch/ydlidar.py
[0.878s] -- Up-to-date: /home/ngoc/Workspace/Graduation_Project/src/install/ydlidar_ros2_driver/share/ydlidar_ros2_driver/launch/ydlidar_launch.py
[0.878s] -- Up-to-date: /home/ngoc/Workspace/Graduation_Project/src/install/ydlidar_ros2_driver/share/ydlidar_ros2_driver/launch/ydlidar_launch_view.py
[0.889s] -- Up-to-date: /home/ngoc/Workspace/Graduation_Project/src/install/ydlidar_ros2_driver/share/ydlidar_ros2_driver/params
[0.889s] -- Up-to-date: /home/ngoc/Workspace/Graduation_Project/src/install/ydlidar_ros2_driver/share/ydlidar_ros2_driver/params/G6.yaml
[0.889s] -- Up-to-date: /home/ngoc/Workspace/Graduation_Project/src/install/ydlidar_ros2_driver/share/ydlidar_ros2_driver/params/ydlidar.yaml
[0.890s] -- Up-to-date: /home/ngoc/Workspace/Graduation_Project/src/install/ydlidar_ros2_driver/share/ydlidar_ros2_driver/params/TG.yaml
[0.890s] -- Up-to-date: /home/ngoc/Workspace/Graduation_Project/src/install/ydlidar_ros2_driver/share/ydlidar_ros2_driver/params/X2.yaml
[0.890s] -- Up-to-date: /home/ngoc/Workspace/Graduation_Project/src/install/ydlidar_ros2_driver/share/ydlidar_ros2_driver/params/G1.yaml
[0.890s] -- Up-to-date: /home/ngoc/Workspace/Graduation_Project/src/install/ydlidar_ros2_driver/share/ydlidar_ros2_driver/params/X4.yaml
[0.890s] -- Up-to-date: /home/ngoc/Workspace/Graduation_Project/src/install/ydlidar_ros2_driver/share/ydlidar_ros2_driver/params/G2.yaml
[0.890s] -- Up-to-date: /home/ngoc/Workspace/Graduation_Project/src/install/ydlidar_ros2_driver/share/ydlidar_ros2_driver/params/GS2.yaml
[0.890s] -- Up-to-date: /home/ngoc/Workspace/Graduation_Project/src/install/ydlidar_ros2_driver/share/ydlidar_ros2_driver/params/TEA.yaml
[0.890s] -- Up-to-date: /home/ngoc/Workspace/Graduation_Project/src/install/ydlidar_ros2_driver/share/ydlidar_ros2_driver/params/X4-Pro.yaml
[0.891s] -- Up-to-date: /home/ngoc/Workspace/Graduation_Project/src/install/ydlidar_ros2_driver/share/ydlidar_ros2_driver/params/TminiPro.yaml
[0.891s] -- Up-to-date: /home/ngoc/Workspace/Graduation_Project/src/install/ydlidar_ros2_driver/share/ydlidar_ros2_driver/startup
[0.891s] -- Up-to-date: /home/ngoc/Workspace/Graduation_Project/src/install/ydlidar_ros2_driver/share/ydlidar_ros2_driver/startup/initenv.sh
[0.891s] -- Up-to-date: /home/ngoc/Workspace/Graduation_Project/src/install/ydlidar_ros2_driver/share/ydlidar_ros2_driver/config
[0.891s] -- Up-to-date: /home/ngoc/Workspace/Graduation_Project/src/install/ydlidar_ros2_driver/share/ydlidar_ros2_driver/config/ydlidar.rviz
[0.891s] -- Up-to-date: /home/ngoc/Workspace/Graduation_Project/src/install/ydlidar_ros2_driver/share/ament_index/resource_index/package_run_dependencies/ydlidar_ros2_driver
[0.891s] -- Up-to-date: /home/ngoc/Workspace/Graduation_Project/src/install/ydlidar_ros2_driver/share/ament_index/resource_index/parent_prefix_path/ydlidar_ros2_driver
[0.891s] -- Up-to-date: /home/ngoc/Workspace/Graduation_Project/src/install/ydlidar_ros2_driver/share/ydlidar_ros2_driver/environment/ament_prefix_path.sh
[0.891s] -- Up-to-date: /home/ngoc/Workspace/Graduation_Project/src/install/ydlidar_ros2_driver/share/ydlidar_ros2_driver/environment/ament_prefix_path.dsv
[0.892s] -- Up-to-date: /home/ngoc/Workspace/Graduation_Project/src/install/ydlidar_ros2_driver/share/ydlidar_ros2_driver/environment/path.sh
[0.892s] -- Up-to-date: /home/ngoc/Workspace/Graduation_Project/src/install/ydlidar_ros2_driver/share/ydlidar_ros2_driver/environment/path.dsv
[0.892s] -- Up-to-date: /home/ngoc/Workspace/Graduation_Project/src/install/ydlidar_ros2_driver/share/ydlidar_ros2_driver/local_setup.bash
[0.892s] -- Up-to-date: /home/ngoc/Workspace/Graduation_Project/src/install/ydlidar_ros2_driver/share/ydlidar_ros2_driver/local_setup.sh
[0.893s] -- Up-to-date: /home/ngoc/Workspace/Graduation_Project/src/install/ydlidar_ros2_driver/share/ydlidar_ros2_driver/local_setup.zsh
[0.893s] -- Up-to-date: /home/ngoc/Workspace/Graduation_Project/src/install/ydlidar_ros2_driver/share/ydlidar_ros2_driver/local_setup.dsv
[0.893s] -- Installing: /home/ngoc/Workspace/Graduation_Project/src/install/ydlidar_ros2_driver/share/ydlidar_ros2_driver/package.dsv
[0.893s] -- Up-to-date: /home/ngoc/Workspace/Graduation_Project/src/install/ydlidar_ros2_driver/share/ament_index/resource_index/packages/ydlidar_ros2_driver
[0.894s] -- Up-to-date: /home/ngoc/Workspace/Graduation_Project/src/install/ydlidar_ros2_driver/share/ydlidar_ros2_driver/cmake/ydlidar_ros2_driverConfig.cmake
[0.894s] -- Up-to-date: /home/ngoc/Workspace/Graduation_Project/src/install/ydlidar_ros2_driver/share/ydlidar_ros2_driver/cmake/ydlidar_ros2_driverConfig-version.cmake
[0.894s] -- Up-to-date: /home/ngoc/Workspace/Graduation_Project/src/install/ydlidar_ros2_driver/share/ydlidar_ros2_driver/package.xml
[0.897s] Invoked command in '/home/ngoc/Workspace/Graduation_Project/src/build/ydlidar_ros2_driver' returned '0': CMAKE_PREFIX_PATH=${CMAKE_PREFIX_PATH}:/home/ngoc/Workspace/Graduation_Project/src/install/teleop_twist_keyboard:/home/ngoc/Workspace/Graduation_Project/install/teleop_twist_keyboard:/opt/ros/humble /usr/bin/cmake --install /home/ngoc/Workspace/Graduation_Project/src/build/ydlidar_ros2_driver
