[0.050s] Invoking command in '/home/ngoc/Workspace/Graduation_Project/build/rplidar_ros': CMAKE_PREFIX_PATH=${CMAKE_PREFIX_PATH}:/home/ngoc/Workspace/Graduation_Project/install/teleop_twist_keyboard:/opt/ros/humble /usr/bin/cmake --build /home/ngoc/Workspace/Graduation_Project/build/rplidar_ros -- -j8 -l8
[0.153s] [  5%] Built target rplidar_client
[0.173s] [ 57%] Built target rplidar_composition
[0.174s] [100%] Built target rplidar_node
[0.462s] Invoked command in '/home/ngoc/Workspace/Graduation_Project/build/rplidar_ros' returned '0': CMAKE_PREFIX_PATH=${CMAKE_PREFIX_PATH}:/home/ngoc/Workspace/Graduation_Project/install/teleop_twist_keyboard:/opt/ros/humble /usr/bin/cmake --build /home/ngoc/Workspace/Graduation_Project/build/rplidar_ros -- -j8 -l8
[0.693s] Invoking command in '/home/ngoc/Workspace/Graduation_Project/build/rplidar_ros': CMAKE_PREFIX_PATH=${CMAKE_PREFIX_PATH}:/home/ngoc/Workspace/Graduation_Project/install/teleop_twist_keyboard:/opt/ros/humble /usr/bin/cmake --install /home/ngoc/Workspace/Graduation_Project/build/rplidar_ros
[0.721s] -- Install configuration: ""
[0.721s] -- Up-to-date: /home/ngoc/Workspace/Graduation_Project/install/rplidar_ros/share/rplidar_ros/launch
[0.723s] -- Up-to-date: /home/ngoc/Workspace/Graduation_Project/install/rplidar_ros/share/rplidar_ros/launch/rplidar_t1_launch.py
[0.723s] -- Up-to-date: /home/ngoc/Workspace/Graduation_Project/install/rplidar_ros/share/rplidar_ros/launch/view_rplidar_s1_launch.py
[0.724s] -- Up-to-date: /home/ngoc/Workspace/Graduation_Project/install/rplidar_ros/share/rplidar_ros/launch/view_rplidar_s2e_launch.py
[0.724s] -- Up-to-date: /home/ngoc/Workspace/Graduation_Project/install/rplidar_ros/share/rplidar_ros/launch/rplidar_a1_launch.py
[0.724s] -- Up-to-date: /home/ngoc/Workspace/Graduation_Project/install/rplidar_ros/share/rplidar_ros/launch/view_rplidar_a3_launch.py
[0.724s] -- Up-to-date: /home/ngoc/Workspace/Graduation_Project/install/rplidar_ros/share/rplidar_ros/launch/view_rplidar_a2m7_launch.py
[0.724s] -- Up-to-date: /home/ngoc/Workspace/Graduation_Project/install/rplidar_ros/share/rplidar_ros/launch/rplidar_a3_launch.py
[0.724s] -- Up-to-date: /home/ngoc/Workspace/Graduation_Project/install/rplidar_ros/share/rplidar_ros/launch/rplidar_s1_launch.py
[0.725s] -- Up-to-date: /home/ngoc/Workspace/Graduation_Project/install/rplidar_ros/share/rplidar_ros/launch/rplidar_a2m12_launch.py
[0.725s] -- Up-to-date: /home/ngoc/Workspace/Graduation_Project/install/rplidar_ros/share/rplidar_ros/launch/rplidar_a2m8_launch.py
[0.725s] -- Up-to-date: /home/ngoc/Workspace/Graduation_Project/install/rplidar_ros/share/rplidar_ros/launch/view_rplidar_a1_launch.py
[0.725s] -- Up-to-date: /home/ngoc/Workspace/Graduation_Project/install/rplidar_ros/share/rplidar_ros/launch/view_rplidar_s1_tcp_launch.py
[0.725s] -- Up-to-date: /home/ngoc/Workspace/Graduation_Project/install/rplidar_ros/share/rplidar_ros/launch/rplidar_a2m7_launch.py
[0.733s] -- Up-to-date: /home/ngoc/Workspace/Graduation_Project/install/rplidar_ros/share/rplidar_ros/launch/view_rplidar_s2_launch.py
[0.733s] -- Up-to-date: /home/ngoc/Workspace/Graduation_Project/install/rplidar_ros/share/rplidar_ros/launch/view_rplidar_c1_launch.py
[0.733s] -- Up-to-date: /home/ngoc/Workspace/Graduation_Project/install/rplidar_ros/share/rplidar_ros/launch/view_rplidar_a2m12_launch.py
[0.733s] -- Up-to-date: /home/ngoc/Workspace/Graduation_Project/install/rplidar_ros/share/rplidar_ros/launch/rplidar_c1_launch.py
[0.733s] -- Up-to-date: /home/ngoc/Workspace/Graduation_Project/install/rplidar_ros/share/rplidar_ros/launch/rplidar_s2_launch.py
[0.733s] -- Up-to-date: /home/ngoc/Workspace/Graduation_Project/install/rplidar_ros/share/rplidar_ros/launch/view_rplidar_s3_launch.py
[0.734s] -- Up-to-date: /home/ngoc/Workspace/Graduation_Project/install/rplidar_ros/share/rplidar_ros/launch/view_rplidar_a2m8_launch.py
[0.734s] -- Up-to-date: /home/ngoc/Workspace/Graduation_Project/install/rplidar_ros/share/rplidar_ros/launch/view_rplidar_t1_launch.py
[0.734s] -- Up-to-date: /home/ngoc/Workspace/Graduation_Project/install/rplidar_ros/share/rplidar_ros/launch/rplidar_s3_launch.py
[0.734s] -- Up-to-date: /home/ngoc/Workspace/Graduation_Project/install/rplidar_ros/share/rplidar_ros/launch/rplidar_s1_tcp_launch.py
[0.734s] -- Up-to-date: /home/ngoc/Workspace/Graduation_Project/install/rplidar_ros/share/rplidar_ros/launch/rplidar_s2e_launch.py
[0.734s] -- Up-to-date: /home/ngoc/Workspace/Graduation_Project/install/rplidar_ros/share/rplidar_ros/rviz
[0.735s] -- Up-to-date: /home/ngoc/Workspace/Graduation_Project/install/rplidar_ros/share/rplidar_ros/rviz/rplidar_ros.rviz
[0.735s] -- Up-to-date: /home/ngoc/Workspace/Graduation_Project/install/rplidar_ros/lib/rplidar_ros/rplidar_node
[0.735s] -- Up-to-date: /home/ngoc/Workspace/Graduation_Project/install/rplidar_ros/lib/rplidar_ros/rplidar_composition
[0.735s] -- Up-to-date: /home/ngoc/Workspace/Graduation_Project/install/rplidar_ros/lib/rplidar_ros/rplidar_client
[0.735s] -- Up-to-date: /home/ngoc/Workspace/Graduation_Project/install/rplidar_ros/share/ament_index/resource_index/package_run_dependencies/rplidar_ros
[0.735s] -- Up-to-date: /home/ngoc/Workspace/Graduation_Project/install/rplidar_ros/share/ament_index/resource_index/parent_prefix_path/rplidar_ros
[0.735s] -- Up-to-date: /home/ngoc/Workspace/Graduation_Project/install/rplidar_ros/share/rplidar_ros/environment/ament_prefix_path.sh
[0.735s] -- Up-to-date: /home/ngoc/Workspace/Graduation_Project/install/rplidar_ros/share/rplidar_ros/environment/ament_prefix_path.dsv
[0.736s] -- Up-to-date: /home/ngoc/Workspace/Graduation_Project/install/rplidar_ros/share/rplidar_ros/environment/path.sh
[0.736s] -- Up-to-date: /home/ngoc/Workspace/Graduation_Project/install/rplidar_ros/share/rplidar_ros/environment/path.dsv
[0.736s] -- Up-to-date: /home/ngoc/Workspace/Graduation_Project/install/rplidar_ros/share/rplidar_ros/local_setup.bash
[0.736s] -- Up-to-date: /home/ngoc/Workspace/Graduation_Project/install/rplidar_ros/share/rplidar_ros/local_setup.sh
[0.736s] -- Up-to-date: /home/ngoc/Workspace/Graduation_Project/install/rplidar_ros/share/rplidar_ros/local_setup.zsh
[0.736s] -- Up-to-date: /home/ngoc/Workspace/Graduation_Project/install/rplidar_ros/share/rplidar_ros/local_setup.dsv
[0.736s] -- Installing: /home/ngoc/Workspace/Graduation_Project/install/rplidar_ros/share/rplidar_ros/package.dsv
[0.747s] -- Up-to-date: /home/ngoc/Workspace/Graduation_Project/install/rplidar_ros/share/ament_index/resource_index/packages/rplidar_ros
[0.747s] -- Up-to-date: /home/ngoc/Workspace/Graduation_Project/install/rplidar_ros/share/rplidar_ros/cmake/ament_cmake_export_dependencies-extras.cmake
[0.747s] -- Up-to-date: /home/ngoc/Workspace/Graduation_Project/install/rplidar_ros/share/rplidar_ros/cmake/ament_cmake_export_include_directories-extras.cmake
[0.748s] -- Up-to-date: /home/ngoc/Workspace/Graduation_Project/install/rplidar_ros/share/rplidar_ros/cmake/rplidar_rosConfig.cmake
[0.748s] -- Up-to-date: /home/ngoc/Workspace/Graduation_Project/install/rplidar_ros/share/rplidar_ros/cmake/rplidar_rosConfig-version.cmake
[0.748s] -- Up-to-date: /home/ngoc/Workspace/Graduation_Project/install/rplidar_ros/share/rplidar_ros/package.xml
[0.774s] Invoked command in '/home/ngoc/Workspace/Graduation_Project/build/rplidar_ros' returned '0': CMAKE_PREFIX_PATH=${CMAKE_PREFIX_PATH}:/home/ngoc/Workspace/Graduation_Project/install/teleop_twist_keyboard:/opt/ros/humble /usr/bin/cmake --install /home/ngoc/Workspace/Graduation_Project/build/rplidar_ros
