[0.048s] Invoking command in '/home/ngoc/Workspace/Graduation_Project/build/rplidar_ros': CMAKE_PREFIX_PATH=${CMAKE_PREFIX_PATH}:/home/ngoc/Workspace/Graduation_Project/install/teleop_twist_keyboard:/opt/ros/humble /usr/bin/cmake --build /home/ngoc/Workspace/Graduation_Project/build/rplidar_ros -- -j8 -l8
[0.157s] [  5%] Built target rplidar_client
[0.167s] [ 63%] Built target rplidar_composition
[0.168s] [100%] Built target rplidar_node
[0.448s] Invoked command in '/home/ngoc/Workspace/Graduation_Project/build/rplidar_ros' returned '0': CMAKE_PREFIX_PATH=${CMAKE_PREFIX_PATH}:/home/ngoc/Workspace/Graduation_Project/install/teleop_twist_keyboard:/opt/ros/humble /usr/bin/cmake --build /home/ngoc/Workspace/Graduation_Project/build/rplidar_ros -- -j8 -l8
[0.619s] Invoking command in '/home/ngoc/Workspace/Graduation_Project/build/rplidar_ros': CMAKE_PREFIX_PATH=${CMAKE_PREFIX_PATH}:/home/ngoc/Workspace/Graduation_Project/install/teleop_twist_keyboard:/opt/ros/humble /usr/bin/cmake --install /home/ngoc/Workspace/Graduation_Project/build/rplidar_ros
[0.630s] -- Install configuration: ""
[0.630s] -- Up-to-date: /home/ngoc/Workspace/Graduation_Project/install/rplidar_ros/share/rplidar_ros/launch
[0.634s] -- Up-to-date: /home/ngoc/Workspace/Graduation_Project/install/rplidar_ros/share/rplidar_ros/launch/rplidar_t1_launch.py
[0.634s] -- Up-to-date: /home/ngoc/Workspace/Graduation_Project/install/rplidar_ros/share/rplidar_ros/launch/view_rplidar_s1_launch.py
[0.634s] -- Up-to-date: /home/ngoc/Workspace/Graduation_Project/install/rplidar_ros/share/rplidar_ros/launch/view_rplidar_s2e_launch.py
[0.635s] -- Up-to-date: /home/ngoc/Workspace/Graduation_Project/install/rplidar_ros/share/rplidar_ros/launch/rplidar_a1_launch.py
[0.635s] -- Up-to-date: /home/ngoc/Workspace/Graduation_Project/install/rplidar_ros/share/rplidar_ros/launch/view_rplidar_a3_launch.py
[0.635s] -- Up-to-date: /home/ngoc/Workspace/Graduation_Project/install/rplidar_ros/share/rplidar_ros/launch/view_rplidar_a2m7_launch.py
[0.635s] -- Up-to-date: /home/ngoc/Workspace/Graduation_Project/install/rplidar_ros/share/rplidar_ros/launch/rplidar_a3_launch.py
[0.635s] -- Up-to-date: /home/ngoc/Workspace/Graduation_Project/install/rplidar_ros/share/rplidar_ros/launch/rplidar_s1_launch.py
[0.642s] -- Up-to-date: /home/ngoc/Workspace/Graduation_Project/install/rplidar_ros/share/rplidar_ros/launch/rplidar_a2m12_launch.py
[0.642s] -- Up-to-date: /home/ngoc/Workspace/Graduation_Project/install/rplidar_ros/share/rplidar_ros/launch/rplidar_a2m8_launch.py
[0.642s] -- Up-to-date: /home/ngoc/Workspace/Graduation_Project/install/rplidar_ros/share/rplidar_ros/launch/view_rplidar_a1_launch.py
[0.642s] -- Up-to-date: /home/ngoc/Workspace/Graduation_Project/install/rplidar_ros/share/rplidar_ros/launch/view_rplidar_s1_tcp_launch.py
[0.643s] -- Up-to-date: /home/ngoc/Workspace/Graduation_Project/install/rplidar_ros/share/rplidar_ros/launch/rplidar_a2m7_launch.py
[0.643s] -- Up-to-date: /home/ngoc/Workspace/Graduation_Project/install/rplidar_ros/share/rplidar_ros/launch/view_rplidar_s2_launch.py
[0.643s] -- Up-to-date: /home/ngoc/Workspace/Graduation_Project/install/rplidar_ros/share/rplidar_ros/launch/view_rplidar_c1_launch.py
[0.643s] -- Up-to-date: /home/ngoc/Workspace/Graduation_Project/install/rplidar_ros/share/rplidar_ros/launch/view_rplidar_a2m12_launch.py
[0.643s] -- Up-to-date: /home/ngoc/Workspace/Graduation_Project/install/rplidar_ros/share/rplidar_ros/launch/rplidar_c1_launch.py
[0.643s] -- Up-to-date: /home/ngoc/Workspace/Graduation_Project/install/rplidar_ros/share/rplidar_ros/launch/rplidar_s2_launch.py
[0.644s] -- Up-to-date: /home/ngoc/Workspace/Graduation_Project/install/rplidar_ros/share/rplidar_ros/launch/view_rplidar_s3_launch.py
[0.644s] -- Up-to-date: /home/ngoc/Workspace/Graduation_Project/install/rplidar_ros/share/rplidar_ros/launch/view_rplidar_a2m8_launch.py
[0.644s] -- Up-to-date: /home/ngoc/Workspace/Graduation_Project/install/rplidar_ros/share/rplidar_ros/launch/view_rplidar_t1_launch.py
[0.644s] -- Up-to-date: /home/ngoc/Workspace/Graduation_Project/install/rplidar_ros/share/rplidar_ros/launch/rplidar_s3_launch.py
[0.644s] -- Up-to-date: /home/ngoc/Workspace/Graduation_Project/install/rplidar_ros/share/rplidar_ros/launch/rplidar_s1_tcp_launch.py
[0.644s] -- Up-to-date: /home/ngoc/Workspace/Graduation_Project/install/rplidar_ros/share/rplidar_ros/launch/rplidar_s2e_launch.py
[0.645s] -- Up-to-date: /home/ngoc/Workspace/Graduation_Project/install/rplidar_ros/share/rplidar_ros/rviz
[0.645s] -- Up-to-date: /home/ngoc/Workspace/Graduation_Project/install/rplidar_ros/share/rplidar_ros/rviz/rplidar_ros.rviz
[0.645s] -- Up-to-date: /home/ngoc/Workspace/Graduation_Project/install/rplidar_ros/lib/rplidar_ros/rplidar_node
[0.648s] -- Up-to-date: /home/ngoc/Workspace/Graduation_Project/install/rplidar_ros/lib/rplidar_ros/rplidar_composition
[0.649s] -- Up-to-date: /home/ngoc/Workspace/Graduation_Project/install/rplidar_ros/lib/rplidar_ros/rplidar_client
[0.649s] -- Up-to-date: /home/ngoc/Workspace/Graduation_Project/install/rplidar_ros/share/ament_index/resource_index/package_run_dependencies/rplidar_ros
[0.649s] -- Up-to-date: /home/ngoc/Workspace/Graduation_Project/install/rplidar_ros/share/ament_index/resource_index/parent_prefix_path/rplidar_ros
[0.650s] -- Up-to-date: /home/ngoc/Workspace/Graduation_Project/install/rplidar_ros/share/rplidar_ros/environment/ament_prefix_path.sh
[0.650s] -- Up-to-date: /home/ngoc/Workspace/Graduation_Project/install/rplidar_ros/share/rplidar_ros/environment/ament_prefix_path.dsv
[0.650s] -- Up-to-date: /home/ngoc/Workspace/Graduation_Project/install/rplidar_ros/share/rplidar_ros/environment/path.sh
[0.650s] -- Up-to-date: /home/ngoc/Workspace/Graduation_Project/install/rplidar_ros/share/rplidar_ros/environment/path.dsv
[0.657s] -- Up-to-date: /home/ngoc/Workspace/Graduation_Project/install/rplidar_ros/share/rplidar_ros/local_setup.bash
[0.657s] -- Up-to-date: /home/ngoc/Workspace/Graduation_Project/install/rplidar_ros/share/rplidar_ros/local_setup.sh
[0.658s] -- Up-to-date: /home/ngoc/Workspace/Graduation_Project/install/rplidar_ros/share/rplidar_ros/local_setup.zsh
[0.658s] -- Up-to-date: /home/ngoc/Workspace/Graduation_Project/install/rplidar_ros/share/rplidar_ros/local_setup.dsv
[0.658s] -- Installing: /home/ngoc/Workspace/Graduation_Project/install/rplidar_ros/share/rplidar_ros/package.dsv
[0.658s] -- Up-to-date: /home/ngoc/Workspace/Graduation_Project/install/rplidar_ros/share/ament_index/resource_index/packages/rplidar_ros
[0.658s] -- Up-to-date: /home/ngoc/Workspace/Graduation_Project/install/rplidar_ros/share/rplidar_ros/cmake/ament_cmake_export_dependencies-extras.cmake
[0.658s] -- Up-to-date: /home/ngoc/Workspace/Graduation_Project/install/rplidar_ros/share/rplidar_ros/cmake/ament_cmake_export_include_directories-extras.cmake
[0.658s] -- Up-to-date: /home/ngoc/Workspace/Graduation_Project/install/rplidar_ros/share/rplidar_ros/cmake/rplidar_rosConfig.cmake
[0.658s] -- Up-to-date: /home/ngoc/Workspace/Graduation_Project/install/rplidar_ros/share/rplidar_ros/cmake/rplidar_rosConfig-version.cmake
[0.658s] -- Up-to-date: /home/ngoc/Workspace/Graduation_Project/install/rplidar_ros/share/rplidar_ros/package.xml
[0.720s] Invoked command in '/home/ngoc/Workspace/Graduation_Project/build/rplidar_ros' returned '0': CMAKE_PREFIX_PATH=${CMAKE_PREFIX_PATH}:/home/ngoc/Workspace/Graduation_Project/install/teleop_twist_keyboard:/opt/ros/humble /usr/bin/cmake --install /home/ngoc/Workspace/Graduation_Project/build/rplidar_ros
