-- The C compiler identification is GNU 11.4.0
-- The CXX compiler identification is GNU 11.4.0
-- Detecting C compiler ABI info
-- Detecting C compiler ABI info - done
-- Check for working C compiler: /usr/bin/cc - skipped
-- Detecting C compile features
-- Detecting C compile features - done
-- Detecting CXX compiler ABI info
-- Detecting CXX compiler ABI info - done
-- Check for working CXX compiler: /usr/bin/c++ - skipped
-- Detecting CXX compile features
-- Detecting CXX compile features - done
-- Found ament_cmake_ros: 0.10.0 (/opt/ros/humble/share/ament_cmake_ros/cmake)
-- Found Python3: /usr/bin/python3 (found version "3.10.12") found components: Interpreter 
-- Found ecl_build: 1.0.3 (/opt/ros/humble/share/ecl_build/cmake)
-- Found geometry_msgs: 4.2.4 (/opt/ros/humble/share/geometry_msgs/cmake)
-- Found rosidl_generator_c: 3.1.5 (/opt/ros/humble/share/rosidl_generator_c/cmake)
-- Found rosidl_adapter: 3.1.5 (/opt/ros/humble/share/rosidl_adapter/cmake)
-- Found rosidl_generator_cpp: 3.1.5 (/opt/ros/humble/share/rosidl_generator_cpp/cmake)
-- Using all available rosidl_typesupport_c: rosidl_typesupport_fastrtps_c;rosidl_typesupport_introspection_c
-- Using all available rosidl_typesupport_cpp: rosidl_typesupport_fastrtps_cpp;rosidl_typesupport_introspection_cpp
-- Found nav_msgs: 4.2.4 (/opt/ros/humble/share/nav_msgs/cmake)
-- Found rcl_interfaces: 1.2.1 (/opt/ros/humble/share/rcl_interfaces/cmake)
-- Found rclcpp: 16.0.10 (/opt/ros/humble/share/rclcpp/cmake)
-- Found rmw_implementation_cmake: 6.1.2 (/opt/ros/humble/share/rmw_implementation_cmake/cmake)
-- Found rmw_fastrtps_cpp: 6.2.7 (/opt/ros/humble/share/rmw_fastrtps_cpp/cmake)
-- Found OpenSSL: /usr/lib/x86_64-linux-gnu/libcrypto.so (found version "3.0.2")  
-- Found FastRTPS: /opt/ros/humble/include  
-- Using RMW implementation 'rmw_fastrtps_cpp' as default
-- Looking for pthread.h
-- Looking for pthread.h - found
-- Performing Test CMAKE_HAVE_LIBC_PTHREAD
-- Performing Test CMAKE_HAVE_LIBC_PTHREAD - Success
-- Found Threads: TRUE  
-- Found rclcpp_components: 16.0.10 (/opt/ros/humble/share/rclcpp_components/cmake)
-- Found ament_lint_auto: 0.12.11 (/opt/ros/humble/share/ament_lint_auto/cmake)
-- Found python_cmake_module: 0.10.0 (/opt/ros/humble/share/python_cmake_module/cmake)
-- Found PythonInterp: /usr/bin/python3 (found suitable version "3.10.12", minimum required is "3.6") 
-- Found PythonLibs: /usr/lib/x86_64-linux-gnu/libpython3.10.so (found suitable version "3.10.12", minimum required is "3.5") 
-- Using PYTHON_EXECUTABLE: /usr/bin/python3
-- Using PYTHON_INCLUDE_DIRS: /usr/include/python3.10
-- Using PYTHON_LIBRARIES: /usr/lib/x86_64-linux-gnu/libpython3.10.so
-- Found PythonExtra: .so  
-- Added test 'cppcheck' to perform static code analysis on C / C++ code
-- Configured cppcheck include dirs: /home/ngoc/Workspace/Graduation_Project/src/kobuki_velocity_smoother/include
-- Configured cppcheck exclude dirs and/or files: 
-- Added test 'cpplint' to check C / C++ code against the Google style
-- Configured cpplint exclude dirs and/or files: 
-- Added test 'flake8' to check Python code syntax and style conventions
-- Added test 'lint_cmake' to check CMake code style
-- Added test 'pep257' to check Python code against some of the docstring style conventions in PEP 257
-- Added test 'uncrustify' to check C / C++ code style
-- Configured uncrustify additional arguments: 
-- Added test 'xmllint' to check XML markup files
-- Configuring done
-- Generating done
-- Build files have been written to: /home/ngoc/Workspace/Graduation_Project/src/build/kobuki_velocity_smoother
[ 25%] [32mBuilding CXX object CMakeFiles/kobuki_velocity_smoother.dir/src/velocity_smoother.cpp.o[0m
[ 50%] [32m[1mLinking CXX shared library libkobuki_velocity_smoother.so[0m
[ 50%] Built target kobuki_velocity_smoother
[ 75%] [32mBuilding CXX object CMakeFiles/velocity_smoother_node.dir/src/velocity_smoother_node.cpp.o[0m
[100%] [32m[1mLinking CXX executable velocity_smoother[0m
[100%] Built target velocity_smoother_node
-- Install configuration: ""
-- Installing: /home/ngoc/Workspace/Graduation_Project/src/install/kobuki_velocity_smoother/lib/libkobuki_velocity_smoother.so
-- Set runtime path of "/home/ngoc/Workspace/Graduation_Project/src/install/kobuki_velocity_smoother/lib/libkobuki_velocity_smoother.so" to ""
-- Installing: /home/ngoc/Workspace/Graduation_Project/src/install/kobuki_velocity_smoother/include/kobuki_velocity_smoother
-- Installing: /home/ngoc/Workspace/Graduation_Project/src/install/kobuki_velocity_smoother/include/kobuki_velocity_smoother/velocity_smoother.hpp
-- Installing: /home/ngoc/Workspace/Graduation_Project/src/install/kobuki_velocity_smoother/lib/kobuki_velocity_smoother/velocity_smoother
-- Set runtime path of "/home/ngoc/Workspace/Graduation_Project/src/install/kobuki_velocity_smoother/lib/kobuki_velocity_smoother/velocity_smoother" to ""
-- Installing: /home/ngoc/Workspace/Graduation_Project/src/install/kobuki_velocity_smoother/share/kobuki_velocity_smoother/config
-- Installing: /home/ngoc/Workspace/Graduation_Project/src/install/kobuki_velocity_smoother/share/kobuki_velocity_smoother/config/velocity_smoother_params.yaml
-- Installing: /home/ngoc/Workspace/Graduation_Project/src/install/kobuki_velocity_smoother/share/kobuki_velocity_smoother/launch
-- Installing: /home/ngoc/Workspace/Graduation_Project/src/install/kobuki_velocity_smoother/share/kobuki_velocity_smoother/launch/velocity_smoother-composed-launch.py
-- Installing: /home/ngoc/Workspace/Graduation_Project/src/install/kobuki_velocity_smoother/share/kobuki_velocity_smoother/launch/velocity_smoother-launch.py
-- Installing: /home/ngoc/Workspace/Graduation_Project/src/install/kobuki_velocity_smoother/share/ament_index/resource_index/package_run_dependencies/kobuki_velocity_smoother
-- Installing: /home/ngoc/Workspace/Graduation_Project/src/install/kobuki_velocity_smoother/share/ament_index/resource_index/parent_prefix_path/kobuki_velocity_smoother
-- Installing: /home/ngoc/Workspace/Graduation_Project/src/install/kobuki_velocity_smoother/share/kobuki_velocity_smoother/environment/ament_prefix_path.sh
-- Installing: /home/ngoc/Workspace/Graduation_Project/src/install/kobuki_velocity_smoother/share/kobuki_velocity_smoother/environment/ament_prefix_path.dsv
-- Installing: /home/ngoc/Workspace/Graduation_Project/src/install/kobuki_velocity_smoother/share/kobuki_velocity_smoother/environment/path.sh
-- Installing: /home/ngoc/Workspace/Graduation_Project/src/install/kobuki_velocity_smoother/share/kobuki_velocity_smoother/environment/path.dsv
-- Installing: /home/ngoc/Workspace/Graduation_Project/src/install/kobuki_velocity_smoother/share/kobuki_velocity_smoother/local_setup.bash
-- Installing: /home/ngoc/Workspace/Graduation_Project/src/install/kobuki_velocity_smoother/share/kobuki_velocity_smoother/local_setup.sh
-- Installing: /home/ngoc/Workspace/Graduation_Project/src/install/kobuki_velocity_smoother/share/kobuki_velocity_smoother/local_setup.zsh
-- Installing: /home/ngoc/Workspace/Graduation_Project/src/install/kobuki_velocity_smoother/share/kobuki_velocity_smoother/local_setup.dsv
-- Installing: /home/ngoc/Workspace/Graduation_Project/src/install/kobuki_velocity_smoother/share/kobuki_velocity_smoother/package.dsv
-- Installing: /home/ngoc/Workspace/Graduation_Project/src/install/kobuki_velocity_smoother/share/ament_index/resource_index/packages/kobuki_velocity_smoother
-- Installing: /home/ngoc/Workspace/Graduation_Project/src/install/kobuki_velocity_smoother/share/ament_index/resource_index/rclcpp_components/kobuki_velocity_smoother
-- Installing: /home/ngoc/Workspace/Graduation_Project/src/install/kobuki_velocity_smoother/share/kobuki_velocity_smoother/cmake/kobuki_velocity_smootherConfig.cmake
-- Installing: /home/ngoc/Workspace/Graduation_Project/src/install/kobuki_velocity_smoother/share/kobuki_velocity_smoother/cmake/kobuki_velocity_smootherConfig-version.cmake
-- Installing: /home/ngoc/Workspace/Graduation_Project/src/install/kobuki_velocity_smoother/share/kobuki_velocity_smoother/package.xml
