[0.050s] Invoking command in '/home/ngoc/Workspace/Graduation_Project/src/build/dashgo_gazebo': CMAKE_PREFIX_PATH=${CMAKE_PREFIX_PATH}:/home/ngoc/Workspace/Graduation_Project/src/install/teleop_twist_keyboard:/home/ngoc/Workspace/Graduation_Project/install/teleop_twist_keyboard:/opt/ros/humble /usr/bin/cmake /home/ngoc/Workspace/Graduation_Project/src/dashgo_simulation/dashgo_gazebo -DCMAKE_INSTALL_PREFIX=/home/ngoc/Workspace/Graduation_Project/src/install/dashgo_gazebo
[0.154s] -- The C compiler identification is GNU 11.4.0
[0.280s] -- The CXX compiler identification is GNU 11.4.0
[0.290s] -- Detecting C compiler ABI info
[0.400s] -- Detecting C compiler ABI info - done
[0.407s] -- Check for working C compiler: /usr/bin/cc - skipped
[0.407s] -- Detecting C compile features
[0.408s] -- Detecting C compile features - done
[0.412s] -- Detecting CXX compiler ABI info
[0.523s] -- Detecting CXX compiler ABI info - done
[0.539s] -- Check for working CXX compiler: /usr/bin/c++ - skipped
[0.539s] -- Detecting CXX compile features
[0.539s] -- Detecting CXX compile features - done
[0.545s] -- Found ament_cmake: 1.3.10 (/opt/ros/humble/share/ament_cmake/cmake)
[0.966s] -- Found Python3: /usr/bin/python3 (found version "3.10.12") found components: Interpreter 
[1.382s] -- Found ament_lint_auto: 0.12.11 (/opt/ros/humble/share/ament_lint_auto/cmake)
[1.706s] -- Added test 'lint_cmake' to check CMake code style
[1.721s] -- Added test 'xmllint' to check XML markup files
[1.721s] -- Configuring done
[1.736s] -- Generating done
[1.736s] -- Build files have been written to: /home/ngoc/Workspace/Graduation_Project/src/build/dashgo_gazebo
[1.753s] Invoked command in '/home/ngoc/Workspace/Graduation_Project/src/build/dashgo_gazebo' returned '0': CMAKE_PREFIX_PATH=${CMAKE_PREFIX_PATH}:/home/ngoc/Workspace/Graduation_Project/src/install/teleop_twist_keyboard:/home/ngoc/Workspace/Graduation_Project/install/teleop_twist_keyboard:/opt/ros/humble /usr/bin/cmake /home/ngoc/Workspace/Graduation_Project/src/dashgo_simulation/dashgo_gazebo -DCMAKE_INSTALL_PREFIX=/home/ngoc/Workspace/Graduation_Project/src/install/dashgo_gazebo
[1.754s] Invoking command in '/home/ngoc/Workspace/Graduation_Project/src/build/dashgo_gazebo': CMAKE_PREFIX_PATH=${CMAKE_PREFIX_PATH}:/home/ngoc/Workspace/Graduation_Project/src/install/teleop_twist_keyboard:/home/ngoc/Workspace/Graduation_Project/install/teleop_twist_keyboard:/opt/ros/humble /usr/bin/cmake --build /home/ngoc/Workspace/Graduation_Project/src/build/dashgo_gazebo -- -j8 -l8
[1.841s] Invoked command in '/home/ngoc/Workspace/Graduation_Project/src/build/dashgo_gazebo' returned '0': CMAKE_PREFIX_PATH=${CMAKE_PREFIX_PATH}:/home/ngoc/Workspace/Graduation_Project/src/install/teleop_twist_keyboard:/home/ngoc/Workspace/Graduation_Project/install/teleop_twist_keyboard:/opt/ros/humble /usr/bin/cmake --build /home/ngoc/Workspace/Graduation_Project/src/build/dashgo_gazebo -- -j8 -l8
[2.009s] Invoking command in '/home/ngoc/Workspace/Graduation_Project/src/build/dashgo_gazebo': CMAKE_PREFIX_PATH=${CMAKE_PREFIX_PATH}:/home/ngoc/Workspace/Graduation_Project/src/install/teleop_twist_keyboard:/home/ngoc/Workspace/Graduation_Project/install/teleop_twist_keyboard:/opt/ros/humble /usr/bin/cmake --install /home/ngoc/Workspace/Graduation_Project/src/build/dashgo_gazebo
[2.016s] -- Install configuration: ""
[2.017s] -- Installing: /home/ngoc/Workspace/Graduation_Project/src/install/dashgo_gazebo/share/ament_index/resource_index/package_run_dependencies/dashgo_gazebo
[2.017s] -- Installing: /home/ngoc/Workspace/Graduation_Project/src/install/dashgo_gazebo/share/ament_index/resource_index/parent_prefix_path/dashgo_gazebo
[2.017s] -- Installing: /home/ngoc/Workspace/Graduation_Project/src/install/dashgo_gazebo/share/dashgo_gazebo/environment/ament_prefix_path.sh
[2.017s] -- Installing: /home/ngoc/Workspace/Graduation_Project/src/install/dashgo_gazebo/share/dashgo_gazebo/environment/ament_prefix_path.dsv
[2.017s] -- Installing: /home/ngoc/Workspace/Graduation_Project/src/install/dashgo_gazebo/share/dashgo_gazebo/environment/path.sh
[2.017s] -- Installing: /home/ngoc/Workspace/Graduation_Project/src/install/dashgo_gazebo/share/dashgo_gazebo/environment/path.dsv
[2.018s] -- Installing: /home/ngoc/Workspace/Graduation_Project/src/install/dashgo_gazebo/share/dashgo_gazebo/local_setup.bash
[2.018s] -- Installing: /home/ngoc/Workspace/Graduation_Project/src/install/dashgo_gazebo/share/dashgo_gazebo/local_setup.sh
[2.018s] -- Installing: /home/ngoc/Workspace/Graduation_Project/src/install/dashgo_gazebo/share/dashgo_gazebo/local_setup.zsh
[2.018s] -- Installing: /home/ngoc/Workspace/Graduation_Project/src/install/dashgo_gazebo/share/dashgo_gazebo/local_setup.dsv
[2.018s] -- Installing: /home/ngoc/Workspace/Graduation_Project/src/install/dashgo_gazebo/share/dashgo_gazebo/package.dsv
[2.019s] -- Installing: /home/ngoc/Workspace/Graduation_Project/src/install/dashgo_gazebo/share/ament_index/resource_index/packages/dashgo_gazebo
[2.019s] -- Installing: /home/ngoc/Workspace/Graduation_Project/src/install/dashgo_gazebo/share/dashgo_gazebo/cmake/dashgo_gazeboConfig.cmake
[2.019s] -- Installing: /home/ngoc/Workspace/Graduation_Project/src/install/dashgo_gazebo/share/dashgo_gazebo/cmake/dashgo_gazeboConfig-version.cmake
[2.019s] -- Installing: /home/ngoc/Workspace/Graduation_Project/src/install/dashgo_gazebo/share/dashgo_gazebo/package.xml
[2.026s] Invoked command in '/home/ngoc/Workspace/Graduation_Project/src/build/dashgo_gazebo' returned '0': CMAKE_PREFIX_PATH=${CMAKE_PREFIX_PATH}:/home/ngoc/Workspace/Graduation_Project/src/install/teleop_twist_keyboard:/home/ngoc/Workspace/Graduation_Project/install/teleop_twist_keyboard:/opt/ros/humble /usr/bin/cmake --install /home/ngoc/Workspace/Graduation_Project/src/build/dashgo_gazebo
