[0.083s] Invoking command in '/home/ngoc/Workspace/Graduation_Project/build/ydlidar_ros2_driver': CMAKE_PREFIX_PATH=${CMAKE_PREFIX_PATH}:/home/ngoc/Workspace/Graduation_Project/install/teleop_twist_keyboard:/opt/ros/humble /usr/bin/cmake --build /home/ngoc/Workspace/Graduation_Project/build/ydlidar_ros2_driver -- -j8 -l8
[0.269s] [ 50%] Built target ydlidar_ros2_driver_client
[0.269s] [100%] Built target ydlidar_ros2_driver_node
[0.316s] Invoked command in '/home/ngoc/Workspace/Graduation_Project/build/ydlidar_ros2_driver' returned '0': CMAKE_PREFIX_PATH=${CMAKE_PREFIX_PATH}:/home/ngoc/Workspace/Graduation_Project/install/teleop_twist_keyboard:/opt/ros/humble /usr/bin/cmake --build /home/ngoc/Workspace/Graduation_Project/build/ydlidar_ros2_driver -- -j8 -l8
[0.462s] Invoking command in '/home/ngoc/Workspace/Graduation_Project/build/ydlidar_ros2_driver': CMAKE_PREFIX_PATH=${CMAKE_PREFIX_PATH}:/home/ngoc/Workspace/Graduation_Project/install/teleop_twist_keyboard:/opt/ros/humble /usr/bin/cmake --install /home/ngoc/Workspace/Graduation_Project/build/ydlidar_ros2_driver
[0.492s] -- Install configuration: ""
[0.493s] -- Up-to-date: /home/ngoc/Workspace/Graduation_Project/install/ydlidar_ros2_driver/lib/ydlidar_ros2_driver/ydlidar_ros2_driver_node
[0.494s] -- Up-to-date: /home/ngoc/Workspace/Graduation_Project/install/ydlidar_ros2_driver/lib/ydlidar_ros2_driver/ydlidar_ros2_driver_client
[0.496s] -- Up-to-date: /home/ngoc/Workspace/Graduation_Project/install/ydlidar_ros2_driver/share/ydlidar_ros2_driver/launch
[0.497s] -- Up-to-date: /home/ngoc/Workspace/Graduation_Project/install/ydlidar_ros2_driver/share/ydlidar_ros2_driver/launch/ydlidar.py
[0.497s] -- Up-to-date: /home/ngoc/Workspace/Graduation_Project/install/ydlidar_ros2_driver/share/ydlidar_ros2_driver/launch/ydlidar_launch.py
[0.498s] -- Up-to-date: /home/ngoc/Workspace/Graduation_Project/install/ydlidar_ros2_driver/share/ydlidar_ros2_driver/launch/ydlidar_launch_view.py
[0.498s] -- Up-to-date: /home/ngoc/Workspace/Graduation_Project/install/ydlidar_ros2_driver/share/ydlidar_ros2_driver/params
[0.499s] -- Up-to-date: /home/ngoc/Workspace/Graduation_Project/install/ydlidar_ros2_driver/share/ydlidar_ros2_driver/params/G6.yaml
[0.499s] -- Installing: /home/ngoc/Workspace/Graduation_Project/install/ydlidar_ros2_driver/share/ydlidar_ros2_driver/params/ydlidar.yaml
[0.499s] -- Up-to-date: /home/ngoc/Workspace/Graduation_Project/install/ydlidar_ros2_driver/share/ydlidar_ros2_driver/params/TG.yaml
[0.500s] -- Up-to-date: /home/ngoc/Workspace/Graduation_Project/install/ydlidar_ros2_driver/share/ydlidar_ros2_driver/params/X2.yaml
[0.500s] -- Up-to-date: /home/ngoc/Workspace/Graduation_Project/install/ydlidar_ros2_driver/share/ydlidar_ros2_driver/params/G1.yaml
[0.500s] -- Up-to-date: /home/ngoc/Workspace/Graduation_Project/install/ydlidar_ros2_driver/share/ydlidar_ros2_driver/params/X4.yaml
[0.500s] -- Up-to-date: /home/ngoc/Workspace/Graduation_Project/install/ydlidar_ros2_driver/share/ydlidar_ros2_driver/params/G2.yaml
[0.500s] -- Up-to-date: /home/ngoc/Workspace/Graduation_Project/install/ydlidar_ros2_driver/share/ydlidar_ros2_driver/params/GS2.yaml
[0.500s] -- Up-to-date: /home/ngoc/Workspace/Graduation_Project/install/ydlidar_ros2_driver/share/ydlidar_ros2_driver/params/TEA.yaml
[0.500s] -- Up-to-date: /home/ngoc/Workspace/Graduation_Project/install/ydlidar_ros2_driver/share/ydlidar_ros2_driver/params/X4-Pro.yaml
[0.500s] -- Up-to-date: /home/ngoc/Workspace/Graduation_Project/install/ydlidar_ros2_driver/share/ydlidar_ros2_driver/params/TminiPro.yaml
[0.501s] -- Up-to-date: /home/ngoc/Workspace/Graduation_Project/install/ydlidar_ros2_driver/share/ydlidar_ros2_driver/startup
[0.501s] -- Up-to-date: /home/ngoc/Workspace/Graduation_Project/install/ydlidar_ros2_driver/share/ydlidar_ros2_driver/startup/initenv.sh
[0.501s] -- Up-to-date: /home/ngoc/Workspace/Graduation_Project/install/ydlidar_ros2_driver/share/ydlidar_ros2_driver/config
[0.501s] -- Up-to-date: /home/ngoc/Workspace/Graduation_Project/install/ydlidar_ros2_driver/share/ydlidar_ros2_driver/config/ydlidar.rviz
[0.504s] -- Up-to-date: /home/ngoc/Workspace/Graduation_Project/install/ydlidar_ros2_driver/share/ament_index/resource_index/package_run_dependencies/ydlidar_ros2_driver
[0.504s] -- Up-to-date: /home/ngoc/Workspace/Graduation_Project/install/ydlidar_ros2_driver/share/ament_index/resource_index/parent_prefix_path/ydlidar_ros2_driver
[0.504s] -- Up-to-date: /home/ngoc/Workspace/Graduation_Project/install/ydlidar_ros2_driver/share/ydlidar_ros2_driver/environment/ament_prefix_path.sh
[0.504s] -- Up-to-date: /home/ngoc/Workspace/Graduation_Project/install/ydlidar_ros2_driver/share/ydlidar_ros2_driver/environment/ament_prefix_path.dsv
[0.504s] -- Up-to-date: /home/ngoc/Workspace/Graduation_Project/install/ydlidar_ros2_driver/share/ydlidar_ros2_driver/environment/path.sh
[0.504s] -- Up-to-date: /home/ngoc/Workspace/Graduation_Project/install/ydlidar_ros2_driver/share/ydlidar_ros2_driver/environment/path.dsv
[0.504s] -- Up-to-date: /home/ngoc/Workspace/Graduation_Project/install/ydlidar_ros2_driver/share/ydlidar_ros2_driver/local_setup.bash
[0.515s] -- Up-to-date: /home/ngoc/Workspace/Graduation_Project/install/ydlidar_ros2_driver/share/ydlidar_ros2_driver/local_setup.sh
[0.515s] -- Up-to-date: /home/ngoc/Workspace/Graduation_Project/install/ydlidar_ros2_driver/share/ydlidar_ros2_driver/local_setup.zsh
[0.515s] -- Up-to-date: /home/ngoc/Workspace/Graduation_Project/install/ydlidar_ros2_driver/share/ydlidar_ros2_driver/local_setup.dsv
[0.515s] -- Installing: /home/ngoc/Workspace/Graduation_Project/install/ydlidar_ros2_driver/share/ydlidar_ros2_driver/package.dsv
[0.515s] -- Up-to-date: /home/ngoc/Workspace/Graduation_Project/install/ydlidar_ros2_driver/share/ament_index/resource_index/packages/ydlidar_ros2_driver
[0.516s] -- Up-to-date: /home/ngoc/Workspace/Graduation_Project/install/ydlidar_ros2_driver/share/ydlidar_ros2_driver/cmake/ydlidar_ros2_driverConfig.cmake
[0.516s] -- Up-to-date: /home/ngoc/Workspace/Graduation_Project/install/ydlidar_ros2_driver/share/ydlidar_ros2_driver/cmake/ydlidar_ros2_driverConfig-version.cmake
[0.516s] -- Up-to-date: /home/ngoc/Workspace/Graduation_Project/install/ydlidar_ros2_driver/share/ydlidar_ros2_driver/package.xml
[0.517s] Invoked command in '/home/ngoc/Workspace/Graduation_Project/build/ydlidar_ros2_driver' returned '0': CMAKE_PREFIX_PATH=${CMAKE_PREFIX_PATH}:/home/ngoc/Workspace/Graduation_Project/install/teleop_twist_keyboard:/opt/ros/humble /usr/bin/cmake --install /home/ngoc/Workspace/Graduation_Project/build/ydlidar_ros2_driver
