[1.537s] Invoking command in '/home/ngoc/Workspace/Graduation_Project/src/teleop_twist_keyboard': PYTHONPATH=/home/ngoc/Workspace/Graduation_Project/build/teleop_twist_keyboard/prefix_override:/usr/lib/python3/dist-packages/colcon_core/task/python/colcon_distutils_commands:/home/ngoc/Workspace/Graduation_Project/install/teleop_twist_keyboard/lib/python3.10/site-packages:${PYTHONPATH} /usr/bin/python3 -W ignore:setup.py install is deprecated setup.py egg_info --egg-base ../../build/teleop_twist_keyboard build --build-base /home/ngoc/Workspace/Graduation_Project/build/teleop_twist_keyboard/build install --record /home/ngoc/Workspace/Graduation_Project/build/teleop_twist_keyboard/install.log --single-version-externally-managed install_data
[2.004s] running egg_info
[2.004s] creating ../../build/teleop_twist_keyboard/teleop_twist_keyboard.egg-info
[2.004s] writing ../../build/teleop_twist_keyboard/teleop_twist_keyboard.egg-info/PKG-INFO
[2.004s] writing dependency_links to ../../build/teleop_twist_keyboard/teleop_twist_keyboard.egg-info/dependency_links.txt
[2.004s] writing entry points to ../../build/teleop_twist_keyboard/teleop_twist_keyboard.egg-info/entry_points.txt
[2.004s] writing requirements to ../../build/teleop_twist_keyboard/teleop_twist_keyboard.egg-info/requires.txt
[2.005s] writing top-level names to ../../build/teleop_twist_keyboard/teleop_twist_keyboard.egg-info/top_level.txt
[2.005s] writing manifest file '../../build/teleop_twist_keyboard/teleop_twist_keyboard.egg-info/SOURCES.txt'
[2.005s] reading manifest file '../../build/teleop_twist_keyboard/teleop_twist_keyboard.egg-info/SOURCES.txt'
[2.005s] adding license file 'LICENSE'
[2.007s] writing manifest file '../../build/teleop_twist_keyboard/teleop_twist_keyboard.egg-info/SOURCES.txt'
[2.008s] running build
[2.008s] running build_py
[2.008s] creating /home/ngoc/Workspace/Graduation_Project/build/teleop_twist_keyboard/build
[2.008s] creating /home/ngoc/Workspace/Graduation_Project/build/teleop_twist_keyboard/build/lib
[2.009s] copying teleop_twist_keyboard.py -> /home/ngoc/Workspace/Graduation_Project/build/teleop_twist_keyboard/build/lib
[2.010s] running install
[2.010s] running install_lib
[2.011s] copying /home/ngoc/Workspace/Graduation_Project/build/teleop_twist_keyboard/build/lib/teleop_twist_keyboard.py -> /home/ngoc/Workspace/Graduation_Project/install/teleop_twist_keyboard/lib/python3.10/site-packages
[2.012s] byte-compiling /home/ngoc/Workspace/Graduation_Project/install/teleop_twist_keyboard/lib/python3.10/site-packages/teleop_twist_keyboard.py to teleop_twist_keyboard.cpython-310.pyc
[2.014s] running install_data
[2.016s] creating /home/ngoc/Workspace/Graduation_Project/install/teleop_twist_keyboard/share/ament_index
[2.016s] creating /home/ngoc/Workspace/Graduation_Project/install/teleop_twist_keyboard/share/ament_index/resource_index
[2.016s] creating /home/ngoc/Workspace/Graduation_Project/install/teleop_twist_keyboard/share/ament_index/resource_index/packages
[2.016s] copying resource/teleop_twist_keyboard -> /home/ngoc/Workspace/Graduation_Project/install/teleop_twist_keyboard/share/ament_index/resource_index/packages
[2.016s] copying package.xml -> /home/ngoc/Workspace/Graduation_Project/install/teleop_twist_keyboard/share/teleop_twist_keyboard
[2.016s] running install_egg_info
[2.020s] Copying ../../build/teleop_twist_keyboard/teleop_twist_keyboard.egg-info to /home/ngoc/Workspace/Graduation_Project/install/teleop_twist_keyboard/lib/python3.10/site-packages/teleop_twist_keyboard-2.4.0-py3.10.egg-info
[2.021s] running install_scripts
[2.052s] Installing teleop_twist_keyboard script to /home/ngoc/Workspace/Graduation_Project/install/teleop_twist_keyboard/lib/teleop_twist_keyboard
[2.052s] writing list of installed files to '/home/ngoc/Workspace/Graduation_Project/build/teleop_twist_keyboard/install.log'
[2.093s] Invoked command in '/home/ngoc/Workspace/Graduation_Project/src/teleop_twist_keyboard' returned '0': PYTHONPATH=/home/ngoc/Workspace/Graduation_Project/build/teleop_twist_keyboard/prefix_override:/usr/lib/python3/dist-packages/colcon_core/task/python/colcon_distutils_commands:/home/ngoc/Workspace/Graduation_Project/install/teleop_twist_keyboard/lib/python3.10/site-packages:${PYTHONPATH} /usr/bin/python3 -W ignore:setup.py install is deprecated setup.py egg_info --egg-base ../../build/teleop_twist_keyboard build --build-base /home/ngoc/Workspace/Graduation_Project/build/teleop_twist_keyboard/build install --record /home/ngoc/Workspace/Graduation_Project/build/teleop_twist_keyboard/install.log --single-version-externally-managed install_data
