[0.045s] Invoking command in '/home/ngoc/Workspace/Graduation_Project/build/dashgo_gazebo': CMAKE_PREFIX_PATH=${CMAKE_PREFIX_PATH}:/home/ngoc/Workspace/Graduation_Project/install/teleop_twist_keyboard:/opt/ros/humble /usr/bin/cmake /home/ngoc/Workspace/Graduation_Project/src/dashgo_simulation/dashgo_gazebo -DCMAKE_INSTALL_PREFIX=/home/ngoc/Workspace/Graduation_Project/install/dashgo_gazebo
[0.190s] -- The C compiler identification is GNU 11.4.0
[0.358s] -- The CXX compiler identification is GNU 11.4.0
[0.386s] -- Detecting C compiler ABI info
[0.527s] -- Detecting C compiler ABI info - done
[0.552s] -- Check for working C compiler: /usr/bin/cc - skipped
[0.552s] -- Detecting C compile features
[0.553s] -- Detecting C compile features - done
[0.561s] -- Detecting CXX compiler ABI info
[0.731s] -- Detecting CXX compiler ABI info - done
[0.753s] -- Check for working CXX compiler: /usr/bin/c++ - skipped
[0.754s] -- Detecting CXX compile features
[0.756s] -- Detecting CXX compile features - done
[0.765s] -- Found ament_cmake: 1.3.10 (/opt/ros/humble/share/ament_cmake/cmake)
[1.055s] -- Found Python3: /usr/bin/python3 (found version "3.10.12") found components: Interpreter 
[1.249s] -- Found ament_lint_auto: 0.12.11 (/opt/ros/humble/share/ament_lint_auto/cmake)
[1.433s] -- Added test 'lint_cmake' to check CMake code style
[1.437s] -- Added test 'xmllint' to check XML markup files
[1.440s] -- Configuring done
[1.445s] -- Generating done
[1.448s] -- Build files have been written to: /home/ngoc/Workspace/Graduation_Project/build/dashgo_gazebo
[1.465s] Invoked command in '/home/ngoc/Workspace/Graduation_Project/build/dashgo_gazebo' returned '0': CMAKE_PREFIX_PATH=${CMAKE_PREFIX_PATH}:/home/ngoc/Workspace/Graduation_Project/install/teleop_twist_keyboard:/opt/ros/humble /usr/bin/cmake /home/ngoc/Workspace/Graduation_Project/src/dashgo_simulation/dashgo_gazebo -DCMAKE_INSTALL_PREFIX=/home/ngoc/Workspace/Graduation_Project/install/dashgo_gazebo
[1.465s] Invoking command in '/home/ngoc/Workspace/Graduation_Project/build/dashgo_gazebo': CMAKE_PREFIX_PATH=${CMAKE_PREFIX_PATH}:/home/ngoc/Workspace/Graduation_Project/install/teleop_twist_keyboard:/opt/ros/humble /usr/bin/cmake --build /home/ngoc/Workspace/Graduation_Project/build/dashgo_gazebo -- -j8 -l8
[1.820s] Invoked command in '/home/ngoc/Workspace/Graduation_Project/build/dashgo_gazebo' returned '0': CMAKE_PREFIX_PATH=${CMAKE_PREFIX_PATH}:/home/ngoc/Workspace/Graduation_Project/install/teleop_twist_keyboard:/opt/ros/humble /usr/bin/cmake --build /home/ngoc/Workspace/Graduation_Project/build/dashgo_gazebo -- -j8 -l8
[1.868s] Invoking command in '/home/ngoc/Workspace/Graduation_Project/build/dashgo_gazebo': CMAKE_PREFIX_PATH=${CMAKE_PREFIX_PATH}:/home/ngoc/Workspace/Graduation_Project/install/teleop_twist_keyboard:/opt/ros/humble /usr/bin/cmake --install /home/ngoc/Workspace/Graduation_Project/build/dashgo_gazebo
[2.106s] -- Install configuration: ""
[2.107s] -- Installing: /home/ngoc/Workspace/Graduation_Project/install/dashgo_gazebo/share/ament_index/resource_index/package_run_dependencies/dashgo_gazebo
[2.107s] -- Installing: /home/ngoc/Workspace/Graduation_Project/install/dashgo_gazebo/share/ament_index/resource_index/parent_prefix_path/dashgo_gazebo
[2.107s] -- Installing: /home/ngoc/Workspace/Graduation_Project/install/dashgo_gazebo/share/dashgo_gazebo/environment/ament_prefix_path.sh
[2.107s] -- Installing: /home/ngoc/Workspace/Graduation_Project/install/dashgo_gazebo/share/dashgo_gazebo/environment/ament_prefix_path.dsv
[2.108s] -- Installing: /home/ngoc/Workspace/Graduation_Project/install/dashgo_gazebo/share/dashgo_gazebo/environment/path.sh
[2.108s] -- Installing: /home/ngoc/Workspace/Graduation_Project/install/dashgo_gazebo/share/dashgo_gazebo/environment/path.dsv
[2.108s] -- Installing: /home/ngoc/Workspace/Graduation_Project/install/dashgo_gazebo/share/dashgo_gazebo/local_setup.bash
[2.108s] -- Installing: /home/ngoc/Workspace/Graduation_Project/install/dashgo_gazebo/share/dashgo_gazebo/local_setup.sh
[2.108s] -- Installing: /home/ngoc/Workspace/Graduation_Project/install/dashgo_gazebo/share/dashgo_gazebo/local_setup.zsh
[2.108s] -- Installing: /home/ngoc/Workspace/Graduation_Project/install/dashgo_gazebo/share/dashgo_gazebo/local_setup.dsv
[2.109s] -- Installing: /home/ngoc/Workspace/Graduation_Project/install/dashgo_gazebo/share/dashgo_gazebo/package.dsv
[2.109s] -- Installing: /home/ngoc/Workspace/Graduation_Project/install/dashgo_gazebo/share/ament_index/resource_index/packages/dashgo_gazebo
[2.109s] -- Installing: /home/ngoc/Workspace/Graduation_Project/install/dashgo_gazebo/share/dashgo_gazebo/cmake/dashgo_gazeboConfig.cmake
[2.109s] -- Installing: /home/ngoc/Workspace/Graduation_Project/install/dashgo_gazebo/share/dashgo_gazebo/cmake/dashgo_gazeboConfig-version.cmake
[2.109s] -- Installing: /home/ngoc/Workspace/Graduation_Project/install/dashgo_gazebo/share/dashgo_gazebo/package.xml
[2.143s] Invoked command in '/home/ngoc/Workspace/Graduation_Project/build/dashgo_gazebo' returned '0': CMAKE_PREFIX_PATH=${CMAKE_PREFIX_PATH}:/home/ngoc/Workspace/Graduation_Project/install/teleop_twist_keyboard:/opt/ros/humble /usr/bin/cmake --install /home/ngoc/Workspace/Graduation_Project/build/dashgo_gazebo
