[0.050s] Invoking command in '/home/ngoc/Workspace/Graduation_Project/build/dashgo_gazebo': CMAKE_PREFIX_PATH=${CMAKE_PREFIX_PATH}:/home/ngoc/Workspace/Graduation_Project/install/teleop_twist_keyboard:/opt/ros/humble /usr/bin/cmake --build /home/ngoc/Workspace/Graduation_Project/build/dashgo_gazebo -- -j8 -l8
[0.469s] Invoked command in '/home/ngoc/Workspace/Graduation_Project/build/dashgo_gazebo' returned '0': CMAKE_PREFIX_PATH=${CMAKE_PREFIX_PATH}:/home/ngoc/Workspace/Graduation_Project/install/teleop_twist_keyboard:/opt/ros/humble /usr/bin/cmake --build /home/ngoc/Workspace/Graduation_Project/build/dashgo_gazebo -- -j8 -l8
[0.529s] Invoking command in '/home/ngoc/Workspace/Graduation_Project/build/dashgo_gazebo': CMAKE_PREFIX_PATH=${CMAKE_PREFIX_PATH}:/home/ngoc/Workspace/Graduation_Project/install/teleop_twist_keyboard:/opt/ros/humble /usr/bin/cmake --install /home/ngoc/Workspace/Graduation_Project/build/dashgo_gazebo
[0.547s] -- Install configuration: ""
[0.548s] -- Up-to-date: /home/ngoc/Workspace/Graduation_Project/install/dashgo_gazebo/share/ament_index/resource_index/package_run_dependencies/dashgo_gazebo
[0.548s] -- Up-to-date: /home/ngoc/Workspace/Graduation_Project/install/dashgo_gazebo/share/ament_index/resource_index/parent_prefix_path/dashgo_gazebo
[0.548s] -- Up-to-date: /home/ngoc/Workspace/Graduation_Project/install/dashgo_gazebo/share/dashgo_gazebo/environment/ament_prefix_path.sh
[0.548s] -- Up-to-date: /home/ngoc/Workspace/Graduation_Project/install/dashgo_gazebo/share/dashgo_gazebo/environment/ament_prefix_path.dsv
[0.549s] -- Up-to-date: /home/ngoc/Workspace/Graduation_Project/install/dashgo_gazebo/share/dashgo_gazebo/environment/path.sh
[0.552s] -- Up-to-date: /home/ngoc/Workspace/Graduation_Project/install/dashgo_gazebo/share/dashgo_gazebo/environment/path.dsv
[0.553s] -- Up-to-date: /home/ngoc/Workspace/Graduation_Project/install/dashgo_gazebo/share/dashgo_gazebo/local_setup.bash
[0.554s] -- Up-to-date: /home/ngoc/Workspace/Graduation_Project/install/dashgo_gazebo/share/dashgo_gazebo/local_setup.sh
[0.555s] -- Up-to-date: /home/ngoc/Workspace/Graduation_Project/install/dashgo_gazebo/share/dashgo_gazebo/local_setup.zsh
[0.556s] -- Up-to-date: /home/ngoc/Workspace/Graduation_Project/install/dashgo_gazebo/share/dashgo_gazebo/local_setup.dsv
[0.557s] -- Installing: /home/ngoc/Workspace/Graduation_Project/install/dashgo_gazebo/share/dashgo_gazebo/package.dsv
[0.558s] -- Up-to-date: /home/ngoc/Workspace/Graduation_Project/install/dashgo_gazebo/share/ament_index/resource_index/packages/dashgo_gazebo
[0.558s] -- Up-to-date: /home/ngoc/Workspace/Graduation_Project/install/dashgo_gazebo/share/dashgo_gazebo/cmake/dashgo_gazeboConfig.cmake
[0.558s] -- Up-to-date: /home/ngoc/Workspace/Graduation_Project/install/dashgo_gazebo/share/dashgo_gazebo/cmake/dashgo_gazeboConfig-version.cmake
[0.558s] -- Up-to-date: /home/ngoc/Workspace/Graduation_Project/install/dashgo_gazebo/share/dashgo_gazebo/package.xml
[0.603s] Invoked command in '/home/ngoc/Workspace/Graduation_Project/build/dashgo_gazebo' returned '0': CMAKE_PREFIX_PATH=${CMAKE_PREFIX_PATH}:/home/ngoc/Workspace/Graduation_Project/install/teleop_twist_keyboard:/opt/ros/humble /usr/bin/cmake --install /home/ngoc/Workspace/Graduation_Project/build/dashgo_gazebo
