[0.057s] Invoking command in '/home/ngoc/Workspace/Graduation_Project/src/build/dashgo_description': CMAKE_PREFIX_PATH=${CMAKE_PREFIX_PATH}:/home/ngoc/Workspace/Graduation_Project/src/install/teleop_twist_keyboard:/home/ngoc/Workspace/Graduation_Project/install/teleop_twist_keyboard:/opt/ros/humble /usr/bin/cmake /home/ngoc/Workspace/Graduation_Project/src/dashgo_simulation/dashgo_description -DCMAKE_INSTALL_PREFIX=/home/ngoc/Workspace/Graduation_Project/src/install/dashgo_description
[0.087s] -- Found ament_cmake: 1.3.10 (/opt/ros/humble/share/ament_cmake/cmake)
[0.300s] -- Found robot_state_publisher: 3.0.3 (/opt/ros/humble/share/robot_state_publisher/cmake)
[0.333s] -- Found rosidl_generator_c: 3.1.5 (/opt/ros/humble/share/rosidl_generator_c/cmake)
[0.336s] -- Found rosidl_adapter: 3.1.5 (/opt/ros/humble/share/rosidl_adapter/cmake)
[0.344s] -- Found rosidl_generator_cpp: 3.1.5 (/opt/ros/humble/share/rosidl_generator_cpp/cmake)
[0.357s] -- Using all available rosidl_typesupport_c: rosidl_typesupport_fastrtps_c;rosidl_typesupport_introspection_c
[0.374s] -- Using all available rosidl_typesupport_cpp: rosidl_typesupport_fastrtps_cpp;rosidl_typesupport_introspection_cpp
[0.427s] -- Found eigen3_cmake_module: 0.1.1 (/opt/ros/humble/share/eigen3_cmake_module/cmake)
[0.429s] -- Ensuring Eigen3 include directory is part of orocos-kdl CMake target
[0.464s] -- Found rmw_implementation_cmake: 6.1.2 (/opt/ros/humble/share/rmw_implementation_cmake/cmake)
[0.466s] -- Found rmw_fastrtps_cpp: 6.2.7 (/opt/ros/humble/share/rmw_fastrtps_cpp/cmake)
[0.692s] -- Using RMW implementation 'rmw_fastrtps_cpp' as default
[1.170s] -- Configuring incomplete, errors occurred!
[1.171s] See also "/home/ngoc/Workspace/Graduation_Project/src/build/dashgo_description/CMakeFiles/CMakeOutput.log".
[1.172s] [31mCMake Error at CMakeLists.txt:11 (find_package):
[1.172s]   By not providing "Findjoint_state_publisher.cmake" in CMAKE_MODULE_PATH
[1.173s]   this project has asked CMake to find a package configuration file provided
[1.173s]   by "joint_state_publisher", but CMake did not find one.
[1.173s] 
[1.173s]   Could not find a package configuration file provided by
[1.173s]   "joint_state_publisher" with any of the following names:
[1.173s] 
[1.176s]     joint_state_publisherConfig.cmake
[1.176s]     joint_state_publisher-config.cmake
[1.177s] 
[1.177s]   Add the installation prefix of "joint_state_publisher" to CMAKE_PREFIX_PATH
[1.177s]   or set "joint_state_publisher_DIR" to a directory containing one of the
[1.177s]   above files.  If "joint_state_publisher" provides a separate development
[1.177s]   package or SDK, be sure it has been installed.
[1.177s] 
[1.177s] [0m
[1.246s] Invoked command in '/home/ngoc/Workspace/Graduation_Project/src/build/dashgo_description' returned '1': CMAKE_PREFIX_PATH=${CMAKE_PREFIX_PATH}:/home/ngoc/Workspace/Graduation_Project/src/install/teleop_twist_keyboard:/home/ngoc/Workspace/Graduation_Project/install/teleop_twist_keyboard:/opt/ros/humble /usr/bin/cmake /home/ngoc/Workspace/Graduation_Project/src/dashgo_simulation/dashgo_description -DCMAKE_INSTALL_PREFIX=/home/ngoc/Workspace/Graduation_Project/src/install/dashgo_description
