[0.076s] Invoking command in '/home/ngoc/Workspace/Graduation_Project/build/ydlidar_ros2_driver': CMAKE_PREFIX_PATH=${CMAKE_PREFIX_PATH}:/home/ngoc/Workspace/Graduation_Project/install/teleop_twist_keyboard:/opt/ros/humble /usr/bin/cmake --build /home/ngoc/Workspace/Graduation_Project/build/ydlidar_ros2_driver -- -j8 -l8
[0.164s] [ 50%] Built target ydlidar_ros2_driver_client
[0.164s] [100%] Built target ydlidar_ros2_driver_node
[0.190s] Invoked command in '/home/ngoc/Workspace/Graduation_Project/build/ydlidar_ros2_driver' returned '0': CMAKE_PREFIX_PATH=${CMAKE_PREFIX_PATH}:/home/ngoc/Workspace/Graduation_Project/install/teleop_twist_keyboard:/opt/ros/humble /usr/bin/cmake --build /home/ngoc/Workspace/Graduation_Project/build/ydlidar_ros2_driver -- -j8 -l8
[0.278s] Invoking command in '/home/ngoc/Workspace/Graduation_Project/build/ydlidar_ros2_driver': CMAKE_PREFIX_PATH=${CMAKE_PREFIX_PATH}:/home/ngoc/Workspace/Graduation_Project/install/teleop_twist_keyboard:/opt/ros/humble /usr/bin/cmake --install /home/ngoc/Workspace/Graduation_Project/build/ydlidar_ros2_driver
[0.292s] -- Install configuration: ""
[0.292s] -- Up-to-date: /home/ngoc/Workspace/Graduation_Project/install/ydlidar_ros2_driver/lib/ydlidar_ros2_driver/ydlidar_ros2_driver_node
[0.299s] -- Up-to-date: /home/ngoc/Workspace/Graduation_Project/install/ydlidar_ros2_driver/lib/ydlidar_ros2_driver/ydlidar_ros2_driver_client
[0.299s] -- Up-to-date: /home/ngoc/Workspace/Graduation_Project/install/ydlidar_ros2_driver/share/ydlidar_ros2_driver/launch
[0.299s] -- Up-to-date: /home/ngoc/Workspace/Graduation_Project/install/ydlidar_ros2_driver/share/ydlidar_ros2_driver/launch/ydlidar.py
[0.299s] -- Up-to-date: /home/ngoc/Workspace/Graduation_Project/install/ydlidar_ros2_driver/share/ydlidar_ros2_driver/launch/ydlidar_launch.py
[0.300s] -- Up-to-date: /home/ngoc/Workspace/Graduation_Project/install/ydlidar_ros2_driver/share/ydlidar_ros2_driver/launch/ydlidar_launch_view.py
[0.300s] -- Up-to-date: /home/ngoc/Workspace/Graduation_Project/install/ydlidar_ros2_driver/share/ydlidar_ros2_driver/params
[0.306s] -- Up-to-date: /home/ngoc/Workspace/Graduation_Project/install/ydlidar_ros2_driver/share/ydlidar_ros2_driver/params/G6.yaml
[0.306s] -- Up-to-date: /home/ngoc/Workspace/Graduation_Project/install/ydlidar_ros2_driver/share/ydlidar_ros2_driver/params/ydlidar.yaml
[0.306s] -- Up-to-date: /home/ngoc/Workspace/Graduation_Project/install/ydlidar_ros2_driver/share/ydlidar_ros2_driver/params/TG.yaml
[0.306s] -- Up-to-date: /home/ngoc/Workspace/Graduation_Project/install/ydlidar_ros2_driver/share/ydlidar_ros2_driver/params/X2.yaml
[0.306s] -- Up-to-date: /home/ngoc/Workspace/Graduation_Project/install/ydlidar_ros2_driver/share/ydlidar_ros2_driver/params/G1.yaml
[0.307s] -- Up-to-date: /home/ngoc/Workspace/Graduation_Project/install/ydlidar_ros2_driver/share/ydlidar_ros2_driver/params/X4.yaml
[0.307s] -- Up-to-date: /home/ngoc/Workspace/Graduation_Project/install/ydlidar_ros2_driver/share/ydlidar_ros2_driver/params/G2.yaml
[0.307s] -- Up-to-date: /home/ngoc/Workspace/Graduation_Project/install/ydlidar_ros2_driver/share/ydlidar_ros2_driver/params/GS2.yaml
[0.307s] -- Up-to-date: /home/ngoc/Workspace/Graduation_Project/install/ydlidar_ros2_driver/share/ydlidar_ros2_driver/params/TEA.yaml
[0.307s] -- Up-to-date: /home/ngoc/Workspace/Graduation_Project/install/ydlidar_ros2_driver/share/ydlidar_ros2_driver/params/X4-Pro.yaml
[0.307s] -- Up-to-date: /home/ngoc/Workspace/Graduation_Project/install/ydlidar_ros2_driver/share/ydlidar_ros2_driver/params/TminiPro.yaml
[0.307s] -- Up-to-date: /home/ngoc/Workspace/Graduation_Project/install/ydlidar_ros2_driver/share/ydlidar_ros2_driver/startup
[0.308s] -- Up-to-date: /home/ngoc/Workspace/Graduation_Project/install/ydlidar_ros2_driver/share/ydlidar_ros2_driver/startup/initenv.sh
[0.309s] -- Up-to-date: /home/ngoc/Workspace/Graduation_Project/install/ydlidar_ros2_driver/share/ydlidar_ros2_driver/config
[0.309s] -- Up-to-date: /home/ngoc/Workspace/Graduation_Project/install/ydlidar_ros2_driver/share/ydlidar_ros2_driver/config/ydlidar.rviz
[0.309s] -- Up-to-date: /home/ngoc/Workspace/Graduation_Project/install/ydlidar_ros2_driver/share/ament_index/resource_index/package_run_dependencies/ydlidar_ros2_driver
[0.309s] -- Up-to-date: /home/ngoc/Workspace/Graduation_Project/install/ydlidar_ros2_driver/share/ament_index/resource_index/parent_prefix_path/ydlidar_ros2_driver
[0.309s] -- Up-to-date: /home/ngoc/Workspace/Graduation_Project/install/ydlidar_ros2_driver/share/ydlidar_ros2_driver/environment/ament_prefix_path.sh
[0.311s] -- Up-to-date: /home/ngoc/Workspace/Graduation_Project/install/ydlidar_ros2_driver/share/ydlidar_ros2_driver/environment/ament_prefix_path.dsv
[0.311s] -- Up-to-date: /home/ngoc/Workspace/Graduation_Project/install/ydlidar_ros2_driver/share/ydlidar_ros2_driver/environment/path.sh
[0.311s] -- Up-to-date: /home/ngoc/Workspace/Graduation_Project/install/ydlidar_ros2_driver/share/ydlidar_ros2_driver/environment/path.dsv
[0.311s] -- Up-to-date: /home/ngoc/Workspace/Graduation_Project/install/ydlidar_ros2_driver/share/ydlidar_ros2_driver/local_setup.bash
[0.312s] -- Up-to-date: /home/ngoc/Workspace/Graduation_Project/install/ydlidar_ros2_driver/share/ydlidar_ros2_driver/local_setup.sh
[0.312s] -- Up-to-date: /home/ngoc/Workspace/Graduation_Project/install/ydlidar_ros2_driver/share/ydlidar_ros2_driver/local_setup.zsh
[0.312s] -- Up-to-date: /home/ngoc/Workspace/Graduation_Project/install/ydlidar_ros2_driver/share/ydlidar_ros2_driver/local_setup.dsv
[0.312s] -- Installing: /home/ngoc/Workspace/Graduation_Project/install/ydlidar_ros2_driver/share/ydlidar_ros2_driver/package.dsv
[0.312s] -- Up-to-date: /home/ngoc/Workspace/Graduation_Project/install/ydlidar_ros2_driver/share/ament_index/resource_index/packages/ydlidar_ros2_driver
[0.312s] -- Up-to-date: /home/ngoc/Workspace/Graduation_Project/install/ydlidar_ros2_driver/share/ydlidar_ros2_driver/cmake/ydlidar_ros2_driverConfig.cmake
[0.313s] -- Up-to-date: /home/ngoc/Workspace/Graduation_Project/install/ydlidar_ros2_driver/share/ydlidar_ros2_driver/cmake/ydlidar_ros2_driverConfig-version.cmake
[0.313s] -- Up-to-date: /home/ngoc/Workspace/Graduation_Project/install/ydlidar_ros2_driver/share/ydlidar_ros2_driver/package.xml
[0.314s] Invoked command in '/home/ngoc/Workspace/Graduation_Project/build/ydlidar_ros2_driver' returned '0': CMAKE_PREFIX_PATH=${CMAKE_PREFIX_PATH}:/home/ngoc/Workspace/Graduation_Project/install/teleop_twist_keyboard:/opt/ros/humble /usr/bin/cmake --install /home/ngoc/Workspace/Graduation_Project/build/ydlidar_ros2_driver
