[0.053s] Invoking command in '/home/ngoc/Workspace/Graduation_Project/src/build/cartographer': CMAKE_PREFIX_PATH=${CMAKE_PREFIX_PATH}:/home/ngoc/Workspace/Graduation_Project/install/teleop_twist_keyboard:/opt/ros/humble /usr/bin/cmake --build /home/ngoc/Workspace/Graduation_Project/src/build/cartographer -- -j8 -l8
[0.498s] [  1%] Built target gtest
[0.499s] [  1%] Built target cartographer_detect_changes
[0.500s] [  2%] Built target gmock
[0.500s] [  2%] Built target gmock_main
[0.552s] [ 54%] Built target cartographer
[0.589s] [ 55%] Built target cartographer_pbstream
[0.594s] [ 55%] Built target cartographer_print_configuration
[0.598s] [ 55%] Built target cartographer_compute_relations_metrics
[0.601s] [ 56%] Built target cartographer_autogenerate_ground_truth
[0.610s] [ 57%] Built target cartographer_test_library
[0.653s] [ 57%] Built target cartographer.common.task_test
[0.653s] [ 57%] Built target cartographer.common.fixed_ratio_sampler_test
[0.658s] [ 59%] Built target cartographer.common.internal.blocking_queue_test
[0.658s] [ 59%] Built target cartographer.common.thread_pool_test
[0.660s] [ 60%] Built target cartographer.common.internal.rate_timer_test
[0.662s] [ 60%] Built target cartographer.common.lua_parameter_dictionary_test
[0.665s] [ 61%] Built target cartographer.common.math_test
[0.667s] [ 62%] Built target cartographer.common.configuration_files_test
[0.700s] [ 62%] Built target cartographer.io.fake_file_writer_test
[0.703s] [ 63%] Built target cartographer.io.internal.in_memory_proto_stream_test
[0.711s] [ 63%] Built target cartographer.io.proto_stream_deserializer_test
[0.711s] [ 63%] Built target cartographer.io.points_processor_pipeline_builder_test
[0.712s] [ 64%] Built target cartographer.io.proto_stream_test
[0.714s] [ 65%] Built target cartographer.io.probability_grid_points_processor_test
[0.720s] [ 65%] Built target cartographer.io.serialization_format_migration_test
[0.724s] [ 66%] Built target cartographer.mapping.2d.map_limits_test
[0.753s] [ 66%] Built target cartographer.mapping.2d.probability_grid_test
[0.758s] [ 67%] Built target cartographer.mapping.2d.range_data_inserter_2d_test
[0.760s] [ 68%] Built target cartographer.mapping.2d.xy_index_test
[0.767s] [ 68%] Built target cartographer.mapping.2d.submap_2d_test
[0.768s] [ 68%] Built target cartographer.mapping.3d.hybrid_grid_test
[0.768s] [ 69%] Built target cartographer.mapping.3d.range_data_inserter_3d_test
[0.772s] [ 70%] Built target cartographer.mapping.id_test
[0.775s] [ 70%] Built target cartographer.mapping.3d.submap_3d_test
[0.803s] [ 70%] Built target cartographer.mapping.imu_tracker_test
[0.807s] [ 71%] Built target cartographer.mapping.internal.2d.normal_estimation_2d_test
[0.817s] [ 71%] Built target cartographer.mapping.internal.2d.overlapping_submaps_trimmer_2d_test
[0.822s] [ 71%] Built target cartographer.mapping.internal.2d.ray_to_pixel_mask_test
[0.822s] [ 72%] Built target cartographer.mapping.internal.2d.scan_matching.ceres_scan_matcher_2d_test
[0.826s] [ 73%] Built target cartographer.mapping.internal.2d.scan_matching.correlative_scan_matcher_test
[0.826s] [ 73%] Built target cartographer.mapping.internal.2d.pose_graph_2d_test
[0.844s] [ 74%] Built target cartographer.mapping.internal.2d.scan_matching.fast_correlative_scan_matcher_2d_test
[0.859s] [ 74%] Built target cartographer.mapping.internal.2d.scan_matching.interpolated_tsdf_2d_test
[0.871s] [ 74%] Built target cartographer.mapping.internal.2d.scan_matching.real_time_correlative_scan_matcher_2d_test
[0.872s] [ 75%] Built target cartographer.mapping.internal.2d.scan_matching.tsdf_match_cost_function_2d_test
[0.873s] [ 76%] Built target cartographer.mapping.internal.2d.scan_matching.occupied_space_cost_function_2d_test
[0.873s] [ 76%] Built target cartographer.mapping.internal.2d.tsd_value_converter_test
[0.883s] [ 78%] Built target cartographer.mapping.internal.2d.tsdf_range_data_inserter_2d_test
[0.883s] [ 78%] Built target cartographer.mapping.internal.2d.tsdf_2d_test
[0.901s] [ 78%] Built target cartographer.mapping.internal.3d.local_trajectory_builder_3d_test
[0.906s] [ 78%] Built target cartographer.mapping.internal.3d.rotation_parameterization_test
[0.919s] [ 79%] Built target cartographer.mapping.internal.3d.pose_graph_3d_test
[0.925s] [ 80%] Built target cartographer.mapping.internal.3d.scan_matching.ceres_scan_matcher_3d_test
[0.925s] [ 81%] Built target cartographer.mapping.internal.3d.scan_matching.intensity_cost_function_3d_test
[0.926s] [ 81%] Built target cartographer.mapping.internal.3d.scan_matching.fast_correlative_scan_matcher_3d_test
[0.938s] [ 82%] Built target cartographer.mapping.internal.3d.scan_matching.precomputation_grid_3d_test
[0.938s] [ 82%] Built target cartographer.mapping.internal.3d.scan_matching.interpolated_grid_test
[0.953s] [ 82%] Built target cartographer.mapping.internal.3d.scan_matching.real_time_correlative_scan_matcher_3d_test
[0.963s] [ 83%] Built target cartographer.mapping.internal.3d.scan_matching.rotation_delta_cost_functor_3d_test
[0.977s] [ 83%] Built target cartographer.mapping.internal.3d.scan_matching.rotational_scan_matcher_test
[0.978s] [ 84%] Built target cartographer.mapping.internal.connected_components_test
[0.981s] [ 84%] Built target cartographer.mapping.internal.constraints.constraint_builder_2d_test
[0.984s] [ 85%] Built target cartographer.mapping.internal.constraints.constraint_builder_3d_test
[0.990s] [ 85%] Built target cartographer.mapping.internal.motion_filter_test
[0.991s] [ 86%] Built target cartographer.mapping.internal.optimization.cost_functions.landmark_cost_function_2d_test
[1.009s] [ 86%] Built target cartographer.mapping.internal.optimization.cost_functions.landmark_cost_function_3d_test
[1.019s] [ 87%] Built target cartographer.mapping.internal.optimization.cost_functions.spa_cost_function_2d_test
[1.030s] [ 88%] Built target cartographer.mapping.internal.range_data_collator_test
[1.030s] [ 88%] Built target cartographer.mapping.internal.optimization.optimization_problem_3d_test
[1.037s] [ 88%] Built target cartographer.mapping.internal.trajectory_connectivity_state_test
[1.044s] [ 89%] Built target cartographer.mapping.map_builder_test
[1.044s] [ 89%] Built target cartographer.mapping.pose_extrapolator_test
[1.054s] [ 90%] Built target cartographer.mapping.pose_graph_test
[1.069s] [ 90%] Built target cartographer.mapping.pose_graph_trimmer_test
[1.080s] [ 91%] Built target cartographer.mapping.probability_values_test
[1.090s] [ 91%] Built target cartographer.mapping.submaps_test
[1.092s] [ 92%] Built target cartographer.mapping.trajectory_node_test
[1.100s] [ 92%] Built target cartographer.mapping.value_conversion_tables_test
[1.102s] [ 93%] Built target cartographer.sensor.compressed_point_cloud_test
[1.107s] [ 93%] Built target cartographer.sensor.internal.collator_test
[1.111s] [ 94%] Built target cartographer.sensor.internal.ordered_multi_queue_test
[1.121s] [ 94%] Built target cartographer.sensor.internal.trajectory_collator_test
[1.138s] [ 95%] Built target cartographer.sensor.internal.voxel_filter_test
[1.148s] [ 95%] Built target cartographer.sensor.map_by_time_test
[1.150s] [ 96%] Built target cartographer.sensor.landmark_data_test
[1.152s] [ 97%] Built target cartographer.sensor.point_cloud_test
[1.155s] [ 97%] Built target cartographer.sensor.range_data_test
[1.156s] [ 98%] Built target cartographer.transform.rigid_transform_test
[1.164s] [ 98%] Built target cartographer.transform.timestamped_transform_test
[1.167s] [100%] Built target cartographer.transform.transform_interpolation_buffer_test
[1.177s] [100%] Built target cartographer.transform.transform_test
