[0.053s] Invoking command in '/home/ngoc/Workspace/Graduation_Project/build/dashgo_description': CMAKE_PREFIX_PATH=${CMAKE_PREFIX_PATH}:/home/ngoc/Workspace/Graduation_Project/install/teleop_twist_keyboard:/opt/ros/humble /usr/bin/cmake --build /home/ngoc/Workspace/Graduation_Project/build/dashgo_description -- -j8 -l8
[0.499s] Invoked command in '/home/ngoc/Workspace/Graduation_Project/build/dashgo_description' returned '0': CMAKE_PREFIX_PATH=${CMAKE_PREFIX_PATH}:/home/ngoc/Workspace/Graduation_Project/install/teleop_twist_keyboard:/opt/ros/humble /usr/bin/cmake --build /home/ngoc/Workspace/Graduation_Project/build/dashgo_description -- -j8 -l8
[0.568s] Invoking command in '/home/ngoc/Workspace/Graduation_Project/build/dashgo_description': CMAKE_PREFIX_PATH=${CMAKE_PREFIX_PATH}:/home/ngoc/Workspace/Graduation_Project/install/teleop_twist_keyboard:/opt/ros/humble /usr/bin/cmake --install /home/ngoc/Workspace/Graduation_Project/build/dashgo_description
[0.594s] -- Install configuration: ""
[0.594s] -- Up-to-date: /home/ngoc/Workspace/Graduation_Project/install/dashgo_description/share/dashgo_description//launch
[0.594s] -- Up-to-date: /home/ngoc/Workspace/Graduation_Project/install/dashgo_description/share/dashgo_description//launch/dashgo_description.launch.py
[0.600s] -- Up-to-date: /home/ngoc/Workspace/Graduation_Project/install/dashgo_description/share/dashgo_description//launch/dashgo_description_check.launch.py
[0.601s] -- Up-to-date: /home/ngoc/Workspace/Graduation_Project/install/dashgo_description/share/dashgo_description//urdf
[0.601s] -- Up-to-date: /home/ngoc/Workspace/Graduation_Project/install/dashgo_description/share/dashgo_description//urdf/dashgobase
[0.601s] -- Up-to-date: /home/ngoc/Workspace/Graduation_Project/install/dashgo_description/share/dashgo_description//urdf/dashgobase/dashgo.urdf.xacro
[0.601s] -- Up-to-date: /home/ngoc/Workspace/Graduation_Project/install/dashgo_description/share/dashgo_description//urdf/dashgobase/meshes
[0.601s] -- Up-to-date: /home/ngoc/Workspace/Graduation_Project/install/dashgo_description/share/dashgo_description//urdf/dashgobase/meshes/sensors
[0.601s] -- Up-to-date: /home/ngoc/Workspace/Graduation_Project/install/dashgo_description/share/dashgo_description//urdf/dashgobase/meshes/sensors/laser_frame.STL
[0.601s] -- Up-to-date: /home/ngoc/Workspace/Graduation_Project/install/dashgo_description/share/dashgo_description//urdf/dashgobase/meshes/sensors/astra.dae
[0.602s] -- Up-to-date: /home/ngoc/Workspace/Graduation_Project/install/dashgo_description/share/dashgo_description//urdf/dashgobase/meshes/sensors/r200.jpg
[0.602s] -- Up-to-date: /home/ngoc/Workspace/Graduation_Project/install/dashgo_description/share/dashgo_description//urdf/dashgobase/meshes/sensors/astra.jpg
[0.602s] -- Up-to-date: /home/ngoc/Workspace/Graduation_Project/install/dashgo_description/share/dashgo_description//urdf/dashgobase/meshes/sensors/lds.stl
[0.602s] -- Up-to-date: /home/ngoc/Workspace/Graduation_Project/install/dashgo_description/share/dashgo_description//urdf/dashgobase/meshes/sensors/r200.dae
[0.602s] -- Up-to-date: /home/ngoc/Workspace/Graduation_Project/install/dashgo_description/share/dashgo_description//urdf/dashgobase/meshes/bases
[0.602s] -- Up-to-date: /home/ngoc/Workspace/Graduation_Project/install/dashgo_description/share/dashgo_description//urdf/dashgobase/meshes/bases/robot_link.STL
[0.602s] -- Up-to-date: /home/ngoc/Workspace/Graduation_Project/install/dashgo_description/share/dashgo_description//urdf/dashgobase/meshes/bases/Turtlebot3
[0.602s] -- Up-to-date: /home/ngoc/Workspace/Graduation_Project/install/dashgo_description/share/dashgo_description//urdf/dashgobase/meshes/bases/Turtlebot3/waffle_base.stl
[0.603s] -- Up-to-date: /home/ngoc/Workspace/Graduation_Project/install/dashgo_description/share/dashgo_description//urdf/dashgobase/meshes/bases/Turtlebot3/burger_base.stl
[0.603s] -- Up-to-date: /home/ngoc/Workspace/Graduation_Project/install/dashgo_description/share/dashgo_description//urdf/dashgobase/meshes/bases/Turtlebot3/waffle_pi_base_for_open_manipulator.stl
[0.603s] -- Up-to-date: /home/ngoc/Workspace/Graduation_Project/install/dashgo_description/share/dashgo_description//urdf/dashgobase/meshes/bases/Turtlebot3/waffle_base_for_open_manipulator.stl
[0.603s] -- Up-to-date: /home/ngoc/Workspace/Graduation_Project/install/dashgo_description/share/dashgo_description//urdf/dashgobase/meshes/bases/Turtlebot3/waffle_pi_base.stl
[0.603s] -- Up-to-date: /home/ngoc/Workspace/Graduation_Project/install/dashgo_description/share/dashgo_description//urdf/dashgobase/meshes/bases/base_link.STL
[0.603s] -- Up-to-date: /home/ngoc/Workspace/Graduation_Project/install/dashgo_description/share/dashgo_description//urdf/dashgobase/meshes/wheels
[0.603s] -- Up-to-date: /home/ngoc/Workspace/Graduation_Project/install/dashgo_description/share/dashgo_description//urdf/dashgobase/meshes/wheels/banh_xe.STL
[0.603s] -- Up-to-date: /home/ngoc/Workspace/Graduation_Project/install/dashgo_description/share/dashgo_description//urdf/dashgobase/meshes/wheels/Old version
[0.603s] -- Up-to-date: /home/ngoc/Workspace/Graduation_Project/install/dashgo_description/share/dashgo_description//urdf/dashgobase/meshes/wheels/Old version/left_tire.stl
[0.608s] -- Up-to-date: /home/ngoc/Workspace/Graduation_Project/install/dashgo_description/share/dashgo_description//urdf/dashgobase/meshes/wheels/Old version/wheel_right_link.STL
[0.608s] -- Up-to-date: /home/ngoc/Workspace/Graduation_Project/install/dashgo_description/share/dashgo_description//urdf/dashgobase/meshes/wheels/Old version/right_tire.stl
[0.608s] -- Up-to-date: /home/ngoc/Workspace/Graduation_Project/install/dashgo_description/share/dashgo_description//urdf/dashgobase/meshes/wheels/Old version/wheel_left_link.STL
[0.608s] -- Up-to-date: /home/ngoc/Workspace/Graduation_Project/install/dashgo_description/share/dashgo_description//urdf/dashgobase/dashgo.gazebo.xacro
[0.608s] -- Up-to-date: /home/ngoc/Workspace/Graduation_Project/install/dashgo_description/share/dashgo_description//urdf/dashgobase/common_properties.xacro
[0.609s] -- Up-to-date: /home/ngoc/Workspace/Graduation_Project/install/dashgo_description/share/dashgo_description//urdf/dashgobase/Old version
[0.609s] -- Up-to-date: /home/ngoc/Workspace/Graduation_Project/install/dashgo_description/share/dashgo_description//urdf/dashgobase/Old version/dashgobase.xacro
[0.609s] -- Up-to-date: /home/ngoc/Workspace/Graduation_Project/install/dashgo_description/share/dashgo_description//urdf/dashgobase/Old version/base.urdf.xacro
[0.609s] -- Up-to-date: /home/ngoc/Workspace/Graduation_Project/install/dashgo_description/share/dashgo_description//urdf/dashgobase/Old version/materials.urdf.xacro
[0.609s] -- Up-to-date: /home/ngoc/Workspace/Graduation_Project/install/dashgo_description/share/dashgo_description//urdf/dashgobase/Old version/torso.urdf.xacro
[0.610s] -- Up-to-date: /home/ngoc/Workspace/Graduation_Project/install/dashgo_description/share/dashgo_description//rviz
[0.610s] -- Up-to-date: /home/ngoc/Workspace/Graduation_Project/install/dashgo_description/share/dashgo_description//rviz/urdf_config.rviz
[0.610s] -- Up-to-date: /home/ngoc/Workspace/Graduation_Project/install/dashgo_description/share/ament_index/resource_index/package_run_dependencies/dashgo_description
[0.610s] -- Up-to-date: /home/ngoc/Workspace/Graduation_Project/install/dashgo_description/share/ament_index/resource_index/parent_prefix_path/dashgo_description
[0.610s] -- Up-to-date: /home/ngoc/Workspace/Graduation_Project/install/dashgo_description/share/dashgo_description/environment/ament_prefix_path.sh
[0.611s] -- Up-to-date: /home/ngoc/Workspace/Graduation_Project/install/dashgo_description/share/dashgo_description/environment/ament_prefix_path.dsv
[0.611s] -- Up-to-date: /home/ngoc/Workspace/Graduation_Project/install/dashgo_description/share/dashgo_description/environment/path.sh
[0.611s] -- Up-to-date: /home/ngoc/Workspace/Graduation_Project/install/dashgo_description/share/dashgo_description/environment/path.dsv
[0.611s] -- Up-to-date: /home/ngoc/Workspace/Graduation_Project/install/dashgo_description/share/dashgo_description/local_setup.bash
[0.611s] -- Up-to-date: /home/ngoc/Workspace/Graduation_Project/install/dashgo_description/share/dashgo_description/local_setup.sh
[0.611s] -- Up-to-date: /home/ngoc/Workspace/Graduation_Project/install/dashgo_description/share/dashgo_description/local_setup.zsh
[0.611s] -- Up-to-date: /home/ngoc/Workspace/Graduation_Project/install/dashgo_description/share/dashgo_description/local_setup.dsv
[0.615s] -- Installing: /home/ngoc/Workspace/Graduation_Project/install/dashgo_description/share/dashgo_description/package.dsv
[0.619s] -- Up-to-date: /home/ngoc/Workspace/Graduation_Project/install/dashgo_description/share/ament_index/resource_index/packages/dashgo_description
[0.624s] -- Up-to-date: /home/ngoc/Workspace/Graduation_Project/install/dashgo_description/share/dashgo_description/cmake/dashgo_descriptionConfig.cmake
[0.624s] -- Up-to-date: /home/ngoc/Workspace/Graduation_Project/install/dashgo_description/share/dashgo_description/cmake/dashgo_descriptionConfig-version.cmake
[0.625s] -- Up-to-date: /home/ngoc/Workspace/Graduation_Project/install/dashgo_description/share/dashgo_description/package.xml
[0.667s] Invoked command in '/home/ngoc/Workspace/Graduation_Project/build/dashgo_description' returned '0': CMAKE_PREFIX_PATH=${CMAKE_PREFIX_PATH}:/home/ngoc/Workspace/Graduation_Project/install/teleop_twist_keyboard:/opt/ros/humble /usr/bin/cmake --install /home/ngoc/Workspace/Graduation_Project/build/dashgo_description
