[0.126s] Invoking command in '/home/ngoc/Workspace/Graduation_Project/src/build/ydlidar_ros2_driver': CMAKE_PREFIX_PATH=${CMAKE_PREFIX_PATH}:/home/ngoc/Workspace/Graduation_Project/src/install/teleop_twist_keyboard:/home/ngoc/Workspace/Graduation_Project/install/teleop_twist_keyboard:/opt/ros/humble /usr/bin/cmake --build /home/ngoc/Workspace/Graduation_Project/src/build/ydlidar_ros2_driver -- -j8 -l8
[0.284s] [ 50%] Built target ydlidar_ros2_driver_node
[0.293s] [100%] Built target ydlidar_ros2_driver_client
[0.328s] Invoked command in '/home/ngoc/Workspace/Graduation_Project/src/build/ydlidar_ros2_driver' returned '0': CMAKE_PREFIX_PATH=${CMAKE_PREFIX_PATH}:/home/ngoc/Workspace/Graduation_Project/src/install/teleop_twist_keyboard:/home/ngoc/Workspace/Graduation_Project/install/teleop_twist_keyboard:/opt/ros/humble /usr/bin/cmake --build /home/ngoc/Workspace/Graduation_Project/src/build/ydlidar_ros2_driver -- -j8 -l8
[0.437s] Invoking command in '/home/ngoc/Workspace/Graduation_Project/src/build/ydlidar_ros2_driver': CMAKE_PREFIX_PATH=${CMAKE_PREFIX_PATH}:/home/ngoc/Workspace/Graduation_Project/src/install/teleop_twist_keyboard:/home/ngoc/Workspace/Graduation_Project/install/teleop_twist_keyboard:/opt/ros/humble /usr/bin/cmake --install /home/ngoc/Workspace/Graduation_Project/src/build/ydlidar_ros2_driver
[0.446s] -- Install configuration: ""
[0.446s] -- Up-to-date: /home/ngoc/Workspace/Graduation_Project/src/install/ydlidar_ros2_driver/lib/ydlidar_ros2_driver/ydlidar_ros2_driver_node
[0.447s] -- Up-to-date: /home/ngoc/Workspace/Graduation_Project/src/install/ydlidar_ros2_driver/lib/ydlidar_ros2_driver/ydlidar_ros2_driver_client
[0.447s] -- Up-to-date: /home/ngoc/Workspace/Graduation_Project/src/install/ydlidar_ros2_driver/share/ydlidar_ros2_driver/launch
[0.447s] -- Up-to-date: /home/ngoc/Workspace/Graduation_Project/src/install/ydlidar_ros2_driver/share/ydlidar_ros2_driver/launch/ydlidar.py
[0.447s] -- Up-to-date: /home/ngoc/Workspace/Graduation_Project/src/install/ydlidar_ros2_driver/share/ydlidar_ros2_driver/launch/ydlidar_launch.py
[0.448s] -- Up-to-date: /home/ngoc/Workspace/Graduation_Project/src/install/ydlidar_ros2_driver/share/ydlidar_ros2_driver/launch/ydlidar_launch_view.py
[0.448s] -- Up-to-date: /home/ngoc/Workspace/Graduation_Project/src/install/ydlidar_ros2_driver/share/ydlidar_ros2_driver/params
[0.454s] -- Up-to-date: /home/ngoc/Workspace/Graduation_Project/src/install/ydlidar_ros2_driver/share/ydlidar_ros2_driver/params/G6.yaml
[0.454s] -- Up-to-date: /home/ngoc/Workspace/Graduation_Project/src/install/ydlidar_ros2_driver/share/ydlidar_ros2_driver/params/ydlidar.yaml
[0.454s] -- Up-to-date: /home/ngoc/Workspace/Graduation_Project/src/install/ydlidar_ros2_driver/share/ydlidar_ros2_driver/params/TG.yaml
[0.454s] -- Up-to-date: /home/ngoc/Workspace/Graduation_Project/src/install/ydlidar_ros2_driver/share/ydlidar_ros2_driver/params/X2.yaml
[0.455s] -- Up-to-date: /home/ngoc/Workspace/Graduation_Project/src/install/ydlidar_ros2_driver/share/ydlidar_ros2_driver/params/G1.yaml
[0.455s] -- Up-to-date: /home/ngoc/Workspace/Graduation_Project/src/install/ydlidar_ros2_driver/share/ydlidar_ros2_driver/params/X4.yaml
[0.455s] -- Up-to-date: /home/ngoc/Workspace/Graduation_Project/src/install/ydlidar_ros2_driver/share/ydlidar_ros2_driver/params/G2.yaml
[0.456s] -- Up-to-date: /home/ngoc/Workspace/Graduation_Project/src/install/ydlidar_ros2_driver/share/ydlidar_ros2_driver/params/GS2.yaml
[0.457s] -- Up-to-date: /home/ngoc/Workspace/Graduation_Project/src/install/ydlidar_ros2_driver/share/ydlidar_ros2_driver/params/TEA.yaml
[0.457s] -- Up-to-date: /home/ngoc/Workspace/Graduation_Project/src/install/ydlidar_ros2_driver/share/ydlidar_ros2_driver/params/X4-Pro.yaml
[0.457s] -- Up-to-date: /home/ngoc/Workspace/Graduation_Project/src/install/ydlidar_ros2_driver/share/ydlidar_ros2_driver/params/TminiPro.yaml
[0.457s] -- Up-to-date: /home/ngoc/Workspace/Graduation_Project/src/install/ydlidar_ros2_driver/share/ydlidar_ros2_driver/startup
[0.457s] -- Up-to-date: /home/ngoc/Workspace/Graduation_Project/src/install/ydlidar_ros2_driver/share/ydlidar_ros2_driver/startup/initenv.sh
[0.471s] -- Up-to-date: /home/ngoc/Workspace/Graduation_Project/src/install/ydlidar_ros2_driver/share/ydlidar_ros2_driver/config
[0.471s] -- Up-to-date: /home/ngoc/Workspace/Graduation_Project/src/install/ydlidar_ros2_driver/share/ydlidar_ros2_driver/config/ydlidar.rviz
[0.471s] -- Up-to-date: /home/ngoc/Workspace/Graduation_Project/src/install/ydlidar_ros2_driver/share/ament_index/resource_index/package_run_dependencies/ydlidar_ros2_driver
[0.471s] -- Up-to-date: /home/ngoc/Workspace/Graduation_Project/src/install/ydlidar_ros2_driver/share/ament_index/resource_index/parent_prefix_path/ydlidar_ros2_driver
[0.472s] -- Up-to-date: /home/ngoc/Workspace/Graduation_Project/src/install/ydlidar_ros2_driver/share/ydlidar_ros2_driver/environment/ament_prefix_path.sh
[0.472s] -- Up-to-date: /home/ngoc/Workspace/Graduation_Project/src/install/ydlidar_ros2_driver/share/ydlidar_ros2_driver/environment/ament_prefix_path.dsv
[0.472s] -- Up-to-date: /home/ngoc/Workspace/Graduation_Project/src/install/ydlidar_ros2_driver/share/ydlidar_ros2_driver/environment/path.sh
[0.472s] -- Up-to-date: /home/ngoc/Workspace/Graduation_Project/src/install/ydlidar_ros2_driver/share/ydlidar_ros2_driver/environment/path.dsv
[0.472s] -- Up-to-date: /home/ngoc/Workspace/Graduation_Project/src/install/ydlidar_ros2_driver/share/ydlidar_ros2_driver/local_setup.bash
[0.472s] -- Up-to-date: /home/ngoc/Workspace/Graduation_Project/src/install/ydlidar_ros2_driver/share/ydlidar_ros2_driver/local_setup.sh
[0.472s] -- Up-to-date: /home/ngoc/Workspace/Graduation_Project/src/install/ydlidar_ros2_driver/share/ydlidar_ros2_driver/local_setup.zsh
[0.472s] -- Up-to-date: /home/ngoc/Workspace/Graduation_Project/src/install/ydlidar_ros2_driver/share/ydlidar_ros2_driver/local_setup.dsv
[0.493s] -- Installing: /home/ngoc/Workspace/Graduation_Project/src/install/ydlidar_ros2_driver/share/ydlidar_ros2_driver/package.dsv
[0.493s] -- Up-to-date: /home/ngoc/Workspace/Graduation_Project/src/install/ydlidar_ros2_driver/share/ament_index/resource_index/packages/ydlidar_ros2_driver
[0.494s] -- Up-to-date: /home/ngoc/Workspace/Graduation_Project/src/install/ydlidar_ros2_driver/share/ydlidar_ros2_driver/cmake/ydlidar_ros2_driverConfig.cmake
[0.494s] -- Up-to-date: /home/ngoc/Workspace/Graduation_Project/src/install/ydlidar_ros2_driver/share/ydlidar_ros2_driver/cmake/ydlidar_ros2_driverConfig-version.cmake
[0.494s] -- Up-to-date: /home/ngoc/Workspace/Graduation_Project/src/install/ydlidar_ros2_driver/share/ydlidar_ros2_driver/package.xml
[0.519s] Invoked command in '/home/ngoc/Workspace/Graduation_Project/src/build/ydlidar_ros2_driver' returned '0': CMAKE_PREFIX_PATH=${CMAKE_PREFIX_PATH}:/home/ngoc/Workspace/Graduation_Project/src/install/teleop_twist_keyboard:/home/ngoc/Workspace/Graduation_Project/install/teleop_twist_keyboard:/opt/ros/humble /usr/bin/cmake --install /home/ngoc/Workspace/Graduation_Project/src/build/ydlidar_ros2_driver
