[0.049s] Invoking command in '/home/ngoc/Workspace/Graduation_Project/build/kobuki_velocity_smoother': CMAKE_PREFIX_PATH=${CMAKE_PREFIX_PATH}:/home/ngoc/Workspace/Graduation_Project/install/teleop_twist_keyboard:/opt/ros/humble /usr/bin/cmake --build /home/ngoc/Workspace/Graduation_Project/build/kobuki_velocity_smoother -- -j8 -l8
[0.127s] [35m[1mConsolidate compiler generated dependencies of target kobuki_velocity_smoother[0m
[0.171s] [ 50%] Built target kobuki_velocity_smoother
[0.203s] [35m[1mConsolidate compiler generated dependencies of target velocity_smoother_node[0m
[0.237s] [100%] Built target velocity_smoother_node
[0.526s] Invoked command in '/home/ngoc/Workspace/Graduation_Project/build/kobuki_velocity_smoother' returned '0': CMAKE_PREFIX_PATH=${CMAKE_PREFIX_PATH}:/home/ngoc/Workspace/Graduation_Project/install/teleop_twist_keyboard:/opt/ros/humble /usr/bin/cmake --build /home/ngoc/Workspace/Graduation_Project/build/kobuki_velocity_smoother -- -j8 -l8
[0.616s] Invoking command in '/home/ngoc/Workspace/Graduation_Project/build/kobuki_velocity_smoother': CMAKE_PREFIX_PATH=${CMAKE_PREFIX_PATH}:/home/ngoc/Workspace/Graduation_Project/install/teleop_twist_keyboard:/opt/ros/humble /usr/bin/cmake --install /home/ngoc/Workspace/Graduation_Project/build/kobuki_velocity_smoother
[0.638s] -- Install configuration: ""
[0.638s] -- Up-to-date: /home/ngoc/Workspace/Graduation_Project/install/kobuki_velocity_smoother/lib/libkobuki_velocity_smoother.so
[0.639s] -- Up-to-date: /home/ngoc/Workspace/Graduation_Project/install/kobuki_velocity_smoother/include/kobuki_velocity_smoother
[0.639s] -- Up-to-date: /home/ngoc/Workspace/Graduation_Project/install/kobuki_velocity_smoother/include/kobuki_velocity_smoother/velocity_smoother.hpp
[0.639s] -- Up-to-date: /home/ngoc/Workspace/Graduation_Project/install/kobuki_velocity_smoother/lib/kobuki_velocity_smoother/velocity_smoother
[0.639s] -- Up-to-date: /home/ngoc/Workspace/Graduation_Project/install/kobuki_velocity_smoother/share/kobuki_velocity_smoother/config
[0.640s] -- Up-to-date: /home/ngoc/Workspace/Graduation_Project/install/kobuki_velocity_smoother/share/kobuki_velocity_smoother/config/velocity_smoother_params.yaml
[0.640s] -- Up-to-date: /home/ngoc/Workspace/Graduation_Project/install/kobuki_velocity_smoother/share/kobuki_velocity_smoother/launch
[0.640s] -- Up-to-date: /home/ngoc/Workspace/Graduation_Project/install/kobuki_velocity_smoother/share/kobuki_velocity_smoother/launch/velocity_smoother-composed-launch.py
[0.640s] -- Up-to-date: /home/ngoc/Workspace/Graduation_Project/install/kobuki_velocity_smoother/share/kobuki_velocity_smoother/launch/velocity_smoother-launch.py
[0.640s] -- Up-to-date: /home/ngoc/Workspace/Graduation_Project/install/kobuki_velocity_smoother/share/ament_index/resource_index/package_run_dependencies/kobuki_velocity_smoother
[0.641s] -- Up-to-date: /home/ngoc/Workspace/Graduation_Project/install/kobuki_velocity_smoother/share/ament_index/resource_index/parent_prefix_path/kobuki_velocity_smoother
[0.641s] -- Up-to-date: /home/ngoc/Workspace/Graduation_Project/install/kobuki_velocity_smoother/share/kobuki_velocity_smoother/environment/ament_prefix_path.sh
[0.641s] -- Up-to-date: /home/ngoc/Workspace/Graduation_Project/install/kobuki_velocity_smoother/share/kobuki_velocity_smoother/environment/ament_prefix_path.dsv
[0.641s] -- Up-to-date: /home/ngoc/Workspace/Graduation_Project/install/kobuki_velocity_smoother/share/kobuki_velocity_smoother/environment/path.sh
[0.641s] -- Up-to-date: /home/ngoc/Workspace/Graduation_Project/install/kobuki_velocity_smoother/share/kobuki_velocity_smoother/environment/path.dsv
[0.642s] -- Up-to-date: /home/ngoc/Workspace/Graduation_Project/install/kobuki_velocity_smoother/share/kobuki_velocity_smoother/local_setup.bash
[0.643s] -- Up-to-date: /home/ngoc/Workspace/Graduation_Project/install/kobuki_velocity_smoother/share/kobuki_velocity_smoother/local_setup.sh
[0.643s] -- Up-to-date: /home/ngoc/Workspace/Graduation_Project/install/kobuki_velocity_smoother/share/kobuki_velocity_smoother/local_setup.zsh
[0.643s] -- Up-to-date: /home/ngoc/Workspace/Graduation_Project/install/kobuki_velocity_smoother/share/kobuki_velocity_smoother/local_setup.dsv
[0.643s] -- Installing: /home/ngoc/Workspace/Graduation_Project/install/kobuki_velocity_smoother/share/kobuki_velocity_smoother/package.dsv
[0.644s] -- Up-to-date: /home/ngoc/Workspace/Graduation_Project/install/kobuki_velocity_smoother/share/ament_index/resource_index/packages/kobuki_velocity_smoother
[0.644s] -- Up-to-date: /home/ngoc/Workspace/Graduation_Project/install/kobuki_velocity_smoother/share/ament_index/resource_index/rclcpp_components/kobuki_velocity_smoother
[0.644s] -- Up-to-date: /home/ngoc/Workspace/Graduation_Project/install/kobuki_velocity_smoother/share/kobuki_velocity_smoother/cmake/kobuki_velocity_smootherConfig.cmake
[0.645s] -- Up-to-date: /home/ngoc/Workspace/Graduation_Project/install/kobuki_velocity_smoother/share/kobuki_velocity_smoother/cmake/kobuki_velocity_smootherConfig-version.cmake
[0.645s] -- Up-to-date: /home/ngoc/Workspace/Graduation_Project/install/kobuki_velocity_smoother/share/kobuki_velocity_smoother/package.xml
[0.678s] Invoked command in '/home/ngoc/Workspace/Graduation_Project/build/kobuki_velocity_smoother' returned '0': CMAKE_PREFIX_PATH=${CMAKE_PREFIX_PATH}:/home/ngoc/Workspace/Graduation_Project/install/teleop_twist_keyboard:/opt/ros/humble /usr/bin/cmake --install /home/ngoc/Workspace/Graduation_Project/build/kobuki_velocity_smoother
