[0.694s] Invoking command in '/home/ngoc/Workspace/Graduation_Project/src/teleop_twist_keyboard': PYTHONPATH=/home/ngoc/Workspace/Graduation_Project/src/build/teleop_twist_keyboard/prefix_override:/usr/lib/python3/dist-packages/colcon_core/task/python/colcon_distutils_commands:/home/ngoc/Workspace/Graduation_Project/src/install/teleop_twist_keyboard/lib/python3.10/site-packages:${PYTHONPATH} /usr/bin/python3 -W ignore:setup.py install is deprecated setup.py egg_info --egg-base ../build/teleop_twist_keyboard build --build-base /home/ngoc/Workspace/Graduation_Project/src/build/teleop_twist_keyboard/build install --record /home/ngoc/Workspace/Graduation_Project/src/build/teleop_twist_keyboard/install.log --single-version-externally-managed install_data
[0.945s] running egg_info
[0.946s] writing ../build/teleop_twist_keyboard/teleop_twist_keyboard.egg-info/PKG-INFO
[0.946s] writing dependency_links to ../build/teleop_twist_keyboard/teleop_twist_keyboard.egg-info/dependency_links.txt
[0.946s] writing entry points to ../build/teleop_twist_keyboard/teleop_twist_keyboard.egg-info/entry_points.txt
[0.946s] writing requirements to ../build/teleop_twist_keyboard/teleop_twist_keyboard.egg-info/requires.txt
[0.946s] writing top-level names to ../build/teleop_twist_keyboard/teleop_twist_keyboard.egg-info/top_level.txt
[0.948s] reading manifest file '../build/teleop_twist_keyboard/teleop_twist_keyboard.egg-info/SOURCES.txt'
[0.949s] adding license file 'LICENSE'
[0.949s] writing manifest file '../build/teleop_twist_keyboard/teleop_twist_keyboard.egg-info/SOURCES.txt'
[0.950s] running build
[0.950s] running build_py
[0.950s] running install
[0.950s] running install_lib
[0.952s] running install_data
[0.952s] running install_egg_info
[0.954s] removing '/home/ngoc/Workspace/Graduation_Project/src/install/teleop_twist_keyboard/lib/python3.10/site-packages/teleop_twist_keyboard-2.4.0-py3.10.egg-info' (and everything under it)
[0.954s] Copying ../build/teleop_twist_keyboard/teleop_twist_keyboard.egg-info to /home/ngoc/Workspace/Graduation_Project/src/install/teleop_twist_keyboard/lib/python3.10/site-packages/teleop_twist_keyboard-2.4.0-py3.10.egg-info
[0.955s] running install_scripts
[0.978s] Installing teleop_twist_keyboard script to /home/ngoc/Workspace/Graduation_Project/src/install/teleop_twist_keyboard/lib/teleop_twist_keyboard
[0.978s] writing list of installed files to '/home/ngoc/Workspace/Graduation_Project/src/build/teleop_twist_keyboard/install.log'
[0.999s] Invoked command in '/home/ngoc/Workspace/Graduation_Project/src/teleop_twist_keyboard' returned '0': PYTHONPATH=/home/ngoc/Workspace/Graduation_Project/src/build/teleop_twist_keyboard/prefix_override:/usr/lib/python3/dist-packages/colcon_core/task/python/colcon_distutils_commands:/home/ngoc/Workspace/Graduation_Project/src/install/teleop_twist_keyboard/lib/python3.10/site-packages:${PYTHONPATH} /usr/bin/python3 -W ignore:setup.py install is deprecated setup.py egg_info --egg-base ../build/teleop_twist_keyboard build --build-base /home/ngoc/Workspace/Graduation_Project/src/build/teleop_twist_keyboard/build install --record /home/ngoc/Workspace/Graduation_Project/src/build/teleop_twist_keyboard/install.log --single-version-externally-managed install_data
