[0.043s] Invoking command in '/home/ngoc/Workspace/Graduation_Project/build/kobuki_velocity_smoother': CMAKE_PREFIX_PATH=/opt/ros/humble /usr/bin/cmake --build /home/ngoc/Workspace/Graduation_Project/build/kobuki_velocity_smoother -- -j8 -l8
[0.153s] [ 50%] Built target kobuki_velocity_smoother
[0.192s] [100%] Built target velocity_smoother_node
[0.446s] Invoked command in '/home/ngoc/Workspace/Graduation_Project/build/kobuki_velocity_smoother' returned '0': CMAKE_PREFIX_PATH=/opt/ros/humble /usr/bin/cmake --build /home/ngoc/Workspace/Graduation_Project/build/kobuki_velocity_smoother -- -j8 -l8
[0.537s] Invoking command in '/home/ngoc/Workspace/Graduation_Project/build/kobuki_velocity_smoother': CMAKE_PREFIX_PATH=/opt/ros/humble /usr/bin/cmake --install /home/ngoc/Workspace/Graduation_Project/build/kobuki_velocity_smoother
[0.567s] -- Install configuration: ""
[0.569s] -- Up-to-date: /home/ngoc/Workspace/Graduation_Project/install/kobuki_velocity_smoother/lib/libkobuki_velocity_smoother.so
[0.569s] -- Up-to-date: /home/ngoc/Workspace/Graduation_Project/install/kobuki_velocity_smoother/include/kobuki_velocity_smoother
[0.570s] -- Up-to-date: /home/ngoc/Workspace/Graduation_Project/install/kobuki_velocity_smoother/include/kobuki_velocity_smoother/velocity_smoother.hpp
[0.573s] -- Up-to-date: /home/ngoc/Workspace/Graduation_Project/install/kobuki_velocity_smoother/lib/kobuki_velocity_smoother/velocity_smoother
[0.580s] -- Up-to-date: /home/ngoc/Workspace/Graduation_Project/install/kobuki_velocity_smoother/share/kobuki_velocity_smoother/config
[0.581s] -- Up-to-date: /home/ngoc/Workspace/Graduation_Project/install/kobuki_velocity_smoother/share/kobuki_velocity_smoother/config/velocity_smoother_params.yaml
[0.581s] -- Up-to-date: /home/ngoc/Workspace/Graduation_Project/install/kobuki_velocity_smoother/share/kobuki_velocity_smoother/launch
[0.582s] -- Up-to-date: /home/ngoc/Workspace/Graduation_Project/install/kobuki_velocity_smoother/share/kobuki_velocity_smoother/launch/velocity_smoother-composed-launch.py
[0.582s] -- Up-to-date: /home/ngoc/Workspace/Graduation_Project/install/kobuki_velocity_smoother/share/kobuki_velocity_smoother/launch/velocity_smoother-launch.py
[0.582s] -- Up-to-date: /home/ngoc/Workspace/Graduation_Project/install/kobuki_velocity_smoother/share/ament_index/resource_index/package_run_dependencies/kobuki_velocity_smoother
[0.582s] -- Up-to-date: /home/ngoc/Workspace/Graduation_Project/install/kobuki_velocity_smoother/share/ament_index/resource_index/parent_prefix_path/kobuki_velocity_smoother
[0.582s] -- Up-to-date: /home/ngoc/Workspace/Graduation_Project/install/kobuki_velocity_smoother/share/kobuki_velocity_smoother/environment/ament_prefix_path.sh
[0.582s] -- Up-to-date: /home/ngoc/Workspace/Graduation_Project/install/kobuki_velocity_smoother/share/kobuki_velocity_smoother/environment/ament_prefix_path.dsv
[0.582s] -- Up-to-date: /home/ngoc/Workspace/Graduation_Project/install/kobuki_velocity_smoother/share/kobuki_velocity_smoother/environment/path.sh
[0.583s] -- Up-to-date: /home/ngoc/Workspace/Graduation_Project/install/kobuki_velocity_smoother/share/kobuki_velocity_smoother/environment/path.dsv
[0.583s] -- Up-to-date: /home/ngoc/Workspace/Graduation_Project/install/kobuki_velocity_smoother/share/kobuki_velocity_smoother/local_setup.bash
[0.583s] -- Up-to-date: /home/ngoc/Workspace/Graduation_Project/install/kobuki_velocity_smoother/share/kobuki_velocity_smoother/local_setup.sh
[0.583s] -- Up-to-date: /home/ngoc/Workspace/Graduation_Project/install/kobuki_velocity_smoother/share/kobuki_velocity_smoother/local_setup.zsh
[0.583s] -- Up-to-date: /home/ngoc/Workspace/Graduation_Project/install/kobuki_velocity_smoother/share/kobuki_velocity_smoother/local_setup.dsv
[0.583s] -- Installing: /home/ngoc/Workspace/Graduation_Project/install/kobuki_velocity_smoother/share/kobuki_velocity_smoother/package.dsv
[0.583s] -- Up-to-date: /home/ngoc/Workspace/Graduation_Project/install/kobuki_velocity_smoother/share/ament_index/resource_index/packages/kobuki_velocity_smoother
[0.583s] -- Up-to-date: /home/ngoc/Workspace/Graduation_Project/install/kobuki_velocity_smoother/share/ament_index/resource_index/rclcpp_components/kobuki_velocity_smoother
[0.584s] -- Up-to-date: /home/ngoc/Workspace/Graduation_Project/install/kobuki_velocity_smoother/share/kobuki_velocity_smoother/cmake/kobuki_velocity_smootherConfig.cmake
[0.584s] -- Up-to-date: /home/ngoc/Workspace/Graduation_Project/install/kobuki_velocity_smoother/share/kobuki_velocity_smoother/cmake/kobuki_velocity_smootherConfig-version.cmake
[0.584s] -- Up-to-date: /home/ngoc/Workspace/Graduation_Project/install/kobuki_velocity_smoother/share/kobuki_velocity_smoother/package.xml
[0.630s] Invoked command in '/home/ngoc/Workspace/Graduation_Project/build/kobuki_velocity_smoother' returned '0': CMAKE_PREFIX_PATH=/opt/ros/humble /usr/bin/cmake --install /home/ngoc/Workspace/Graduation_Project/build/kobuki_velocity_smoother
